{"C:\\Users\\Abaniwo\\Desktop\\More-Recipes\\server\\tests\\test.js":{"path":"C:\\Users\\Abaniwo\\Desktop\\More-Recipes\\server\\tests\\test.js","statementMap":{"0":{"start":{"line":3,"column":12},"end":{"line":3,"column":27}},"1":{"start":{"line":5,"column":13},"end":{"line":5,"column":42}},"2":{"start":{"line":7,"column":16},"end":{"line":7,"column":36}},"3":{"start":{"line":9,"column":17},"end":{"line":9,"column":50}},"4":{"start":{"line":11,"column":13},"end":{"line":11,"column":48}},"5":{"start":{"line":13,"column":14},"end":{"line":13,"column":44}},"6":{"start":{"line":15,"column":11},"end":{"line":15,"column":28}},"7":{"start":{"line":17,"column":12},"end":{"line":17,"column":40}},"8":{"start":{"line":19,"column":39},"end":{"line":19,"column":93}},"9":{"start":{"line":22,"column":13},"end":{"line":22,"column":34}},"10":{"start":{"line":23,"column":0},"end":{"line":23,"column":39}},"11":{"start":{"line":24,"column":19},"end":{"line":27,"column":1}},"12":{"start":{"line":28,"column":20},"end":{"line":31,"column":1}},"13":{"start":{"line":33,"column":22},"end":{"line":39,"column":1}},"14":{"start":{"line":41,"column":0},"end":{"line":49,"column":3}},"15":{"start":{"line":42,"column":2},"end":{"line":48,"column":5}},"16":{"start":{"line":43,"column":4},"end":{"line":47,"column":7}},"17":{"start":{"line":45,"column":6},"end":{"line":45,"column":57}},"18":{"start":{"line":46,"column":6},"end":{"line":46,"column":13}},"19":{"start":{"line":51,"column":0},"end":{"line":89,"column":3}},"20":{"start":{"line":52,"column":2},"end":{"line":88,"column":5}},"21":{"start":{"line":53,"column":4},"end":{"line":61,"column":7}},"22":{"start":{"line":54,"column":6},"end":{"line":60,"column":9}},"23":{"start":{"line":56,"column":8},"end":{"line":56,"column":45}},"24":{"start":{"line":57,"column":8},"end":{"line":57,"column":49}},"25":{"start":{"line":59,"column":8},"end":{"line":59,"column":15}},"26":{"start":{"line":62,"column":4},"end":{"line":70,"column":7}},"27":{"start":{"line":63,"column":6},"end":{"line":69,"column":9}},"28":{"start":{"line":64,"column":21},"end":{"line":64,"column":46}},"29":{"start":{"line":65,"column":8},"end":{"line":65,"column":45}},"30":{"start":{"line":66,"column":8},"end":{"line":66,"column":49}},"31":{"start":{"line":67,"column":8},"end":{"line":67,"column":38}},"32":{"start":{"line":68,"column":8},"end":{"line":68,"column":15}},"33":{"start":{"line":71,"column":4},"end":{"line":79,"column":7}},"34":{"start":{"line":72,"column":6},"end":{"line":78,"column":9}},"35":{"start":{"line":73,"column":21},"end":{"line":73,"column":46}},"36":{"start":{"line":74,"column":8},"end":{"line":74,"column":45}},"37":{"start":{"line":75,"column":8},"end":{"line":75,"column":49}},"38":{"start":{"line":76,"column":8},"end":{"line":76,"column":72}},"39":{"start":{"line":77,"column":8},"end":{"line":77,"column":15}},"40":{"start":{"line":80,"column":4},"end":{"line":87,"column":7}},"41":{"start":{"line":81,"column":6},"end":{"line":86,"column":9}},"42":{"start":{"line":82,"column":8},"end":{"line":82,"column":45}},"43":{"start":{"line":83,"column":8},"end":{"line":83,"column":49}},"44":{"start":{"line":84,"column":8},"end":{"line":84,"column":71}},"45":{"start":{"line":85,"column":8},"end":{"line":85,"column":15}},"46":{"start":{"line":91,"column":0},"end":{"line":709,"column":3}},"47":{"start":{"line":92,"column":2},"end":{"line":708,"column":5}},"48":{"start":{"line":93,"column":16},"end":{"line":93,"column":40}},"49":{"start":{"line":95,"column":4},"end":{"line":707,"column":7}},"50":{"start":{"line":96,"column":24},"end":{"line":96,"column":48}},"51":{"start":{"line":104,"column":6},"end":{"line":208,"column":9}},"52":{"start":{"line":116,"column":8},"end":{"line":129,"column":11}},"53":{"start":{"line":117,"column":10},"end":{"line":128,"column":13}},"54":{"start":{"line":118,"column":12},"end":{"line":118,"column":49}},"55":{"start":{"line":119,"column":25},"end":{"line":119,"column":50}},"56":{"start":{"line":120,"column":12},"end":{"line":120,"column":65}},"57":{"start":{"line":121,"column":12},"end":{"line":121,"column":64}},"58":{"start":{"line":122,"column":12},"end":{"line":122,"column":64}},"59":{"start":{"line":123,"column":12},"end":{"line":123,"column":68}},"60":{"start":{"line":124,"column":12},"end":{"line":124,"column":59}},"61":{"start":{"line":126,"column":12},"end":{"line":126,"column":92}},"62":{"start":{"line":127,"column":12},"end":{"line":127,"column":19}},"63":{"start":{"line":130,"column":8},"end":{"line":142,"column":11}},"64":{"start":{"line":131,"column":10},"end":{"line":141,"column":13}},"65":{"start":{"line":139,"column":12},"end":{"line":139,"column":49}},"66":{"start":{"line":140,"column":12},"end":{"line":140,"column":19}},"67":{"start":{"line":143,"column":8},"end":{"line":155,"column":11}},"68":{"start":{"line":144,"column":10},"end":{"line":154,"column":13}},"69":{"start":{"line":152,"column":12},"end":{"line":152,"column":49}},"70":{"start":{"line":153,"column":12},"end":{"line":153,"column":19}},"71":{"start":{"line":156,"column":8},"end":{"line":168,"column":11}},"72":{"start":{"line":157,"column":10},"end":{"line":167,"column":13}},"73":{"start":{"line":165,"column":12},"end":{"line":165,"column":49}},"74":{"start":{"line":166,"column":12},"end":{"line":166,"column":19}},"75":{"start":{"line":169,"column":8},"end":{"line":177,"column":11}},"76":{"start":{"line":170,"column":10},"end":{"line":176,"column":13}},"77":{"start":{"line":171,"column":12},"end":{"line":171,"column":49}},"78":{"start":{"line":172,"column":12},"end":{"line":172,"column":65}},"79":{"start":{"line":173,"column":24},"end":{"line":173,"column":48}},"80":{"start":{"line":174,"column":12},"end":{"line":174,"column":83}},"81":{"start":{"line":175,"column":12},"end":{"line":175,"column":19}},"82":{"start":{"line":178,"column":8},"end":{"line":187,"column":11}},"83":{"start":{"line":179,"column":10},"end":{"line":186,"column":13}},"84":{"start":{"line":180,"column":12},"end":{"line":180,"column":49}},"85":{"start":{"line":181,"column":25},"end":{"line":181,"column":50}},"86":{"start":{"line":182,"column":12},"end":{"line":182,"column":66}},"87":{"start":{"line":183,"column":12},"end":{"line":183,"column":66}},"88":{"start":{"line":184,"column":12},"end":{"line":184,"column":92}},"89":{"start":{"line":185,"column":12},"end":{"line":185,"column":19}},"90":{"start":{"line":188,"column":8},"end":{"line":197,"column":11}},"91":{"start":{"line":189,"column":10},"end":{"line":196,"column":13}},"92":{"start":{"line":193,"column":12},"end":{"line":193,"column":49}},"93":{"start":{"line":194,"column":12},"end":{"line":194,"column":74}},"94":{"start":{"line":195,"column":12},"end":{"line":195,"column":19}},"95":{"start":{"line":198,"column":8},"end":{"line":207,"column":11}},"96":{"start":{"line":199,"column":10},"end":{"line":206,"column":13}},"97":{"start":{"line":203,"column":12},"end":{"line":203,"column":49}},"98":{"start":{"line":204,"column":12},"end":{"line":204,"column":77}},"99":{"start":{"line":205,"column":12},"end":{"line":205,"column":19}},"100":{"start":{"line":210,"column":6},"end":{"line":706,"column":9}},"101":{"start":{"line":212,"column":8},"end":{"line":277,"column":11}},"102":{"start":{"line":213,"column":10},"end":{"line":220,"column":13}},"103":{"start":{"line":214,"column":12},"end":{"line":219,"column":15}},"104":{"start":{"line":215,"column":14},"end":{"line":215,"column":51}},"105":{"start":{"line":216,"column":14},"end":{"line":216,"column":55}},"106":{"start":{"line":218,"column":14},"end":{"line":218,"column":21}},"107":{"start":{"line":221,"column":10},"end":{"line":228,"column":13}},"108":{"start":{"line":222,"column":12},"end":{"line":227,"column":15}},"109":{"start":{"line":223,"column":14},"end":{"line":223,"column":51}},"110":{"start":{"line":224,"column":14},"end":{"line":224,"column":55}},"111":{"start":{"line":225,"column":14},"end":{"line":225,"column":83}},"112":{"start":{"line":226,"column":14},"end":{"line":226,"column":21}},"113":{"start":{"line":229,"column":10},"end":{"line":236,"column":13}},"114":{"start":{"line":230,"column":12},"end":{"line":235,"column":15}},"115":{"start":{"line":231,"column":14},"end":{"line":231,"column":51}},"116":{"start":{"line":232,"column":14},"end":{"line":232,"column":55}},"117":{"start":{"line":233,"column":14},"end":{"line":233,"column":81}},"118":{"start":{"line":234,"column":14},"end":{"line":234,"column":21}},"119":{"start":{"line":237,"column":10},"end":{"line":244,"column":13}},"120":{"start":{"line":238,"column":12},"end":{"line":243,"column":15}},"121":{"start":{"line":239,"column":14},"end":{"line":239,"column":51}},"122":{"start":{"line":240,"column":14},"end":{"line":240,"column":55}},"123":{"start":{"line":242,"column":14},"end":{"line":242,"column":21}},"124":{"start":{"line":245,"column":10},"end":{"line":252,"column":13}},"125":{"start":{"line":246,"column":12},"end":{"line":251,"column":15}},"126":{"start":{"line":247,"column":14},"end":{"line":247,"column":51}},"127":{"start":{"line":248,"column":14},"end":{"line":248,"column":55}},"128":{"start":{"line":249,"column":14},"end":{"line":249,"column":83}},"129":{"start":{"line":250,"column":14},"end":{"line":250,"column":21}},"130":{"start":{"line":253,"column":10},"end":{"line":260,"column":13}},"131":{"start":{"line":254,"column":12},"end":{"line":259,"column":15}},"132":{"start":{"line":255,"column":14},"end":{"line":255,"column":51}},"133":{"start":{"line":256,"column":14},"end":{"line":256,"column":55}},"134":{"start":{"line":257,"column":14},"end":{"line":257,"column":76}},"135":{"start":{"line":258,"column":14},"end":{"line":258,"column":21}},"136":{"start":{"line":261,"column":10},"end":{"line":268,"column":13}},"137":{"start":{"line":262,"column":12},"end":{"line":267,"column":15}},"138":{"start":{"line":263,"column":14},"end":{"line":263,"column":51}},"139":{"start":{"line":264,"column":14},"end":{"line":264,"column":55}},"140":{"start":{"line":265,"column":14},"end":{"line":265,"column":81}},"141":{"start":{"line":266,"column":14},"end":{"line":266,"column":21}},"142":{"start":{"line":269,"column":10},"end":{"line":276,"column":13}},"143":{"start":{"line":270,"column":12},"end":{"line":275,"column":15}},"144":{"start":{"line":271,"column":14},"end":{"line":271,"column":51}},"145":{"start":{"line":272,"column":14},"end":{"line":272,"column":55}},"146":{"start":{"line":273,"column":14},"end":{"line":273,"column":77}},"147":{"start":{"line":274,"column":14},"end":{"line":274,"column":21}},"148":{"start":{"line":279,"column":8},"end":{"line":334,"column":11}},"149":{"start":{"line":280,"column":10},"end":{"line":301,"column":13}},"150":{"start":{"line":281,"column":12},"end":{"line":300,"column":15}},"151":{"start":{"line":288,"column":14},"end":{"line":288,"column":51}},"152":{"start":{"line":289,"column":27},"end":{"line":289,"column":52}},"153":{"start":{"line":290,"column":14},"end":{"line":290,"column":52}},"154":{"start":{"line":291,"column":14},"end":{"line":291,"column":52}},"155":{"start":{"line":292,"column":14},"end":{"line":292,"column":64}},"156":{"start":{"line":293,"column":14},"end":{"line":293,"column":65}},"157":{"start":{"line":294,"column":14},"end":{"line":294,"column":67}},"158":{"start":{"line":295,"column":14},"end":{"line":295,"column":60}},"159":{"start":{"line":296,"column":14},"end":{"line":296,"column":55}},"160":{"start":{"line":297,"column":14},"end":{"line":297,"column":89}},"161":{"start":{"line":298,"column":14},"end":{"line":298,"column":37}},"162":{"start":{"line":299,"column":14},"end":{"line":299,"column":21}},"163":{"start":{"line":302,"column":10},"end":{"line":316,"column":13}},"164":{"start":{"line":303,"column":12},"end":{"line":315,"column":15}},"165":{"start":{"line":310,"column":14},"end":{"line":310,"column":51}},"166":{"start":{"line":311,"column":14},"end":{"line":311,"column":55}},"167":{"start":{"line":312,"column":14},"end":{"line":312,"column":83}},"168":{"start":{"line":314,"column":14},"end":{"line":314,"column":21}},"169":{"start":{"line":317,"column":10},"end":{"line":333,"column":13}},"170":{"start":{"line":318,"column":12},"end":{"line":332,"column":15}},"171":{"start":{"line":320,"column":14},"end":{"line":320,"column":51}},"172":{"start":{"line":322,"column":27},"end":{"line":322,"column":52}},"173":{"start":{"line":324,"column":14},"end":{"line":324,"column":68}},"174":{"start":{"line":325,"column":14},"end":{"line":325,"column":72}},"175":{"start":{"line":326,"column":14},"end":{"line":326,"column":76}},"176":{"start":{"line":327,"column":14},"end":{"line":327,"column":75}},"177":{"start":{"line":328,"column":14},"end":{"line":328,"column":60}},"178":{"start":{"line":329,"column":14},"end":{"line":329,"column":84}},"179":{"start":{"line":331,"column":14},"end":{"line":331,"column":21}},"180":{"start":{"line":335,"column":8},"end":{"line":414,"column":11}},"181":{"start":{"line":336,"column":10},"end":{"line":357,"column":13}},"182":{"start":{"line":337,"column":12},"end":{"line":356,"column":15}},"183":{"start":{"line":344,"column":14},"end":{"line":344,"column":51}},"184":{"start":{"line":346,"column":27},"end":{"line":346,"column":55}},"185":{"start":{"line":347,"column":14},"end":{"line":347,"column":45}},"186":{"start":{"line":348,"column":14},"end":{"line":348,"column":67}},"187":{"start":{"line":349,"column":14},"end":{"line":349,"column":66}},"188":{"start":{"line":350,"column":14},"end":{"line":350,"column":85}},"189":{"start":{"line":351,"column":14},"end":{"line":351,"column":89}},"190":{"start":{"line":352,"column":14},"end":{"line":352,"column":84}},"191":{"start":{"line":353,"column":14},"end":{"line":353,"column":89}},"192":{"start":{"line":355,"column":14},"end":{"line":355,"column":21}},"193":{"start":{"line":358,"column":10},"end":{"line":371,"column":13}},"194":{"start":{"line":359,"column":12},"end":{"line":370,"column":15}},"195":{"start":{"line":366,"column":14},"end":{"line":366,"column":51}},"196":{"start":{"line":367,"column":14},"end":{"line":367,"column":83}},"197":{"start":{"line":369,"column":14},"end":{"line":369,"column":21}},"198":{"start":{"line":372,"column":10},"end":{"line":385,"column":13}},"199":{"start":{"line":373,"column":12},"end":{"line":384,"column":15}},"200":{"start":{"line":380,"column":14},"end":{"line":380,"column":51}},"201":{"start":{"line":381,"column":14},"end":{"line":381,"column":78}},"202":{"start":{"line":383,"column":14},"end":{"line":383,"column":21}},"203":{"start":{"line":386,"column":10},"end":{"line":399,"column":13}},"204":{"start":{"line":387,"column":12},"end":{"line":398,"column":15}},"205":{"start":{"line":394,"column":14},"end":{"line":394,"column":51}},"206":{"start":{"line":395,"column":14},"end":{"line":395,"column":79}},"207":{"start":{"line":397,"column":14},"end":{"line":397,"column":21}},"208":{"start":{"line":400,"column":10},"end":{"line":413,"column":13}},"209":{"start":{"line":401,"column":12},"end":{"line":412,"column":15}},"210":{"start":{"line":408,"column":14},"end":{"line":408,"column":51}},"211":{"start":{"line":409,"column":14},"end":{"line":409,"column":77}},"212":{"start":{"line":411,"column":14},"end":{"line":411,"column":21}},"213":{"start":{"line":416,"column":8},"end":{"line":457,"column":11}},"214":{"start":{"line":417,"column":10},"end":{"line":424,"column":13}},"215":{"start":{"line":418,"column":12},"end":{"line":423,"column":15}},"216":{"start":{"line":419,"column":14},"end":{"line":419,"column":51}},"217":{"start":{"line":420,"column":14},"end":{"line":420,"column":83}},"218":{"start":{"line":422,"column":14},"end":{"line":422,"column":21}},"219":{"start":{"line":425,"column":10},"end":{"line":432,"column":13}},"220":{"start":{"line":426,"column":12},"end":{"line":431,"column":15}},"221":{"start":{"line":427,"column":14},"end":{"line":427,"column":51}},"222":{"start":{"line":428,"column":14},"end":{"line":428,"column":78}},"223":{"start":{"line":430,"column":14},"end":{"line":430,"column":21}},"224":{"start":{"line":433,"column":10},"end":{"line":440,"column":13}},"225":{"start":{"line":434,"column":12},"end":{"line":439,"column":15}},"226":{"start":{"line":435,"column":14},"end":{"line":435,"column":51}},"227":{"start":{"line":436,"column":14},"end":{"line":436,"column":79}},"228":{"start":{"line":438,"column":14},"end":{"line":438,"column":21}},"229":{"start":{"line":441,"column":10},"end":{"line":448,"column":13}},"230":{"start":{"line":442,"column":12},"end":{"line":447,"column":15}},"231":{"start":{"line":443,"column":14},"end":{"line":443,"column":51}},"232":{"start":{"line":444,"column":14},"end":{"line":444,"column":77}},"233":{"start":{"line":446,"column":14},"end":{"line":446,"column":21}},"234":{"start":{"line":449,"column":10},"end":{"line":456,"column":13}},"235":{"start":{"line":450,"column":12},"end":{"line":455,"column":15}},"236":{"start":{"line":451,"column":14},"end":{"line":451,"column":51}},"237":{"start":{"line":452,"column":14},"end":{"line":452,"column":89}},"238":{"start":{"line":454,"column":14},"end":{"line":454,"column":21}},"239":{"start":{"line":459,"column":8},"end":{"line":509,"column":11}},"240":{"start":{"line":460,"column":10},"end":{"line":470,"column":13}},"241":{"start":{"line":461,"column":12},"end":{"line":469,"column":15}},"242":{"start":{"line":464,"column":14},"end":{"line":464,"column":51}},"243":{"start":{"line":465,"column":14},"end":{"line":465,"column":81}},"244":{"start":{"line":466,"column":14},"end":{"line":466,"column":88}},"245":{"start":{"line":468,"column":14},"end":{"line":468,"column":21}},"246":{"start":{"line":471,"column":10},"end":{"line":480,"column":13}},"247":{"start":{"line":472,"column":12},"end":{"line":479,"column":15}},"248":{"start":{"line":475,"column":14},"end":{"line":475,"column":51}},"249":{"start":{"line":476,"column":14},"end":{"line":476,"column":83}},"250":{"start":{"line":478,"column":14},"end":{"line":478,"column":21}},"251":{"start":{"line":481,"column":10},"end":{"line":490,"column":13}},"252":{"start":{"line":482,"column":12},"end":{"line":489,"column":15}},"253":{"start":{"line":485,"column":14},"end":{"line":485,"column":51}},"254":{"start":{"line":486,"column":14},"end":{"line":486,"column":93}},"255":{"start":{"line":488,"column":14},"end":{"line":488,"column":21}},"256":{"start":{"line":491,"column":10},"end":{"line":500,"column":13}},"257":{"start":{"line":492,"column":12},"end":{"line":499,"column":15}},"258":{"start":{"line":495,"column":14},"end":{"line":495,"column":51}},"259":{"start":{"line":496,"column":14},"end":{"line":496,"column":77}},"260":{"start":{"line":498,"column":14},"end":{"line":498,"column":21}},"261":{"start":{"line":501,"column":10},"end":{"line":508,"column":13}},"262":{"start":{"line":502,"column":12},"end":{"line":507,"column":15}},"263":{"start":{"line":503,"column":14},"end":{"line":503,"column":51}},"264":{"start":{"line":504,"column":14},"end":{"line":504,"column":80}},"265":{"start":{"line":506,"column":14},"end":{"line":506,"column":21}},"266":{"start":{"line":510,"column":8},"end":{"line":583,"column":11}},"267":{"start":{"line":511,"column":10},"end":{"line":518,"column":13}},"268":{"start":{"line":512,"column":12},"end":{"line":517,"column":15}},"269":{"start":{"line":513,"column":14},"end":{"line":513,"column":51}},"270":{"start":{"line":514,"column":14},"end":{"line":514,"column":101}},"271":{"start":{"line":516,"column":14},"end":{"line":516,"column":21}},"272":{"start":{"line":519,"column":10},"end":{"line":526,"column":13}},"273":{"start":{"line":520,"column":12},"end":{"line":525,"column":15}},"274":{"start":{"line":521,"column":14},"end":{"line":521,"column":51}},"275":{"start":{"line":522,"column":14},"end":{"line":522,"column":109}},"276":{"start":{"line":524,"column":14},"end":{"line":524,"column":21}},"277":{"start":{"line":527,"column":10},"end":{"line":534,"column":13}},"278":{"start":{"line":528,"column":12},"end":{"line":533,"column":15}},"279":{"start":{"line":529,"column":14},"end":{"line":529,"column":51}},"280":{"start":{"line":530,"column":14},"end":{"line":530,"column":83}},"281":{"start":{"line":532,"column":14},"end":{"line":532,"column":21}},"282":{"start":{"line":535,"column":10},"end":{"line":542,"column":13}},"283":{"start":{"line":536,"column":12},"end":{"line":541,"column":15}},"284":{"start":{"line":537,"column":14},"end":{"line":537,"column":51}},"285":{"start":{"line":538,"column":14},"end":{"line":538,"column":79}},"286":{"start":{"line":540,"column":14},"end":{"line":540,"column":21}},"287":{"start":{"line":543,"column":10},"end":{"line":550,"column":13}},"288":{"start":{"line":544,"column":12},"end":{"line":549,"column":15}},"289":{"start":{"line":545,"column":14},"end":{"line":545,"column":51}},"290":{"start":{"line":546,"column":14},"end":{"line":546,"column":78}},"291":{"start":{"line":548,"column":14},"end":{"line":548,"column":21}},"292":{"start":{"line":551,"column":10},"end":{"line":558,"column":13}},"293":{"start":{"line":552,"column":12},"end":{"line":557,"column":15}},"294":{"start":{"line":553,"column":14},"end":{"line":553,"column":51}},"295":{"start":{"line":554,"column":14},"end":{"line":554,"column":75}},"296":{"start":{"line":556,"column":14},"end":{"line":556,"column":21}},"297":{"start":{"line":559,"column":10},"end":{"line":566,"column":13}},"298":{"start":{"line":560,"column":12},"end":{"line":565,"column":15}},"299":{"start":{"line":561,"column":14},"end":{"line":561,"column":51}},"300":{"start":{"line":562,"column":14},"end":{"line":562,"column":55}},"301":{"start":{"line":564,"column":14},"end":{"line":564,"column":21}},"302":{"start":{"line":567,"column":10},"end":{"line":574,"column":13}},"303":{"start":{"line":568,"column":12},"end":{"line":573,"column":15}},"304":{"start":{"line":569,"column":14},"end":{"line":569,"column":51}},"305":{"start":{"line":570,"column":14},"end":{"line":570,"column":55}},"306":{"start":{"line":571,"column":14},"end":{"line":571,"column":90}},"307":{"start":{"line":572,"column":14},"end":{"line":572,"column":21}},"308":{"start":{"line":575,"column":10},"end":{"line":582,"column":13}},"309":{"start":{"line":576,"column":12},"end":{"line":581,"column":15}},"310":{"start":{"line":577,"column":14},"end":{"line":577,"column":51}},"311":{"start":{"line":578,"column":14},"end":{"line":578,"column":55}},"312":{"start":{"line":579,"column":14},"end":{"line":579,"column":83}},"313":{"start":{"line":580,"column":14},"end":{"line":580,"column":21}},"314":{"start":{"line":584,"column":8},"end":{"line":644,"column":11}},"315":{"start":{"line":585,"column":10},"end":{"line":592,"column":13}},"316":{"start":{"line":586,"column":12},"end":{"line":591,"column":15}},"317":{"start":{"line":587,"column":14},"end":{"line":587,"column":51}},"318":{"start":{"line":588,"column":14},"end":{"line":588,"column":89}},"319":{"start":{"line":590,"column":14},"end":{"line":590,"column":21}},"320":{"start":{"line":593,"column":10},"end":{"line":603,"column":13}},"321":{"start":{"line":595,"column":12},"end":{"line":595,"column":146}},"322":{"start":{"line":597,"column":12},"end":{"line":602,"column":15}},"323":{"start":{"line":598,"column":14},"end":{"line":598,"column":51}},"324":{"start":{"line":599,"column":14},"end":{"line":599,"column":89}},"325":{"start":{"line":601,"column":14},"end":{"line":601,"column":21}},"326":{"start":{"line":604,"column":10},"end":{"line":611,"column":13}},"327":{"start":{"line":605,"column":12},"end":{"line":610,"column":15}},"328":{"start":{"line":606,"column":14},"end":{"line":606,"column":51}},"329":{"start":{"line":607,"column":14},"end":{"line":607,"column":106}},"330":{"start":{"line":609,"column":14},"end":{"line":609,"column":21}},"331":{"start":{"line":612,"column":10},"end":{"line":619,"column":13}},"332":{"start":{"line":613,"column":12},"end":{"line":618,"column":15}},"333":{"start":{"line":614,"column":14},"end":{"line":614,"column":51}},"334":{"start":{"line":615,"column":14},"end":{"line":615,"column":83}},"335":{"start":{"line":617,"column":14},"end":{"line":617,"column":21}},"336":{"start":{"line":620,"column":10},"end":{"line":627,"column":13}},"337":{"start":{"line":621,"column":12},"end":{"line":626,"column":15}},"338":{"start":{"line":622,"column":14},"end":{"line":622,"column":51}},"339":{"start":{"line":623,"column":14},"end":{"line":623,"column":79}},"340":{"start":{"line":625,"column":14},"end":{"line":625,"column":21}},"341":{"start":{"line":628,"column":10},"end":{"line":635,"column":13}},"342":{"start":{"line":629,"column":12},"end":{"line":634,"column":15}},"343":{"start":{"line":630,"column":14},"end":{"line":630,"column":51}},"344":{"start":{"line":631,"column":14},"end":{"line":631,"column":78}},"345":{"start":{"line":633,"column":14},"end":{"line":633,"column":21}},"346":{"start":{"line":636,"column":10},"end":{"line":643,"column":13}},"347":{"start":{"line":637,"column":12},"end":{"line":642,"column":15}},"348":{"start":{"line":638,"column":14},"end":{"line":638,"column":51}},"349":{"start":{"line":639,"column":14},"end":{"line":639,"column":75}},"350":{"start":{"line":641,"column":14},"end":{"line":641,"column":21}},"351":{"start":{"line":645,"column":8},"end":{"line":705,"column":11}},"352":{"start":{"line":646,"column":10},"end":{"line":653,"column":13}},"353":{"start":{"line":647,"column":12},"end":{"line":652,"column":15}},"354":{"start":{"line":648,"column":14},"end":{"line":648,"column":51}},"355":{"start":{"line":649,"column":14},"end":{"line":649,"column":91}},"356":{"start":{"line":651,"column":14},"end":{"line":651,"column":21}},"357":{"start":{"line":654,"column":10},"end":{"line":664,"column":13}},"358":{"start":{"line":656,"column":12},"end":{"line":656,"column":138}},"359":{"start":{"line":658,"column":12},"end":{"line":663,"column":15}},"360":{"start":{"line":659,"column":14},"end":{"line":659,"column":51}},"361":{"start":{"line":660,"column":14},"end":{"line":660,"column":91}},"362":{"start":{"line":662,"column":14},"end":{"line":662,"column":21}},"363":{"start":{"line":665,"column":10},"end":{"line":672,"column":13}},"364":{"start":{"line":666,"column":12},"end":{"line":671,"column":15}},"365":{"start":{"line":667,"column":14},"end":{"line":667,"column":51}},"366":{"start":{"line":668,"column":14},"end":{"line":668,"column":108}},"367":{"start":{"line":670,"column":14},"end":{"line":670,"column":21}},"368":{"start":{"line":673,"column":10},"end":{"line":680,"column":13}},"369":{"start":{"line":674,"column":12},"end":{"line":679,"column":15}},"370":{"start":{"line":675,"column":14},"end":{"line":675,"column":51}},"371":{"start":{"line":676,"column":14},"end":{"line":676,"column":83}},"372":{"start":{"line":678,"column":14},"end":{"line":678,"column":21}},"373":{"start":{"line":681,"column":10},"end":{"line":688,"column":13}},"374":{"start":{"line":682,"column":12},"end":{"line":687,"column":15}},"375":{"start":{"line":683,"column":14},"end":{"line":683,"column":51}},"376":{"start":{"line":684,"column":14},"end":{"line":684,"column":79}},"377":{"start":{"line":686,"column":14},"end":{"line":686,"column":21}},"378":{"start":{"line":689,"column":10},"end":{"line":696,"column":13}},"379":{"start":{"line":690,"column":12},"end":{"line":695,"column":15}},"380":{"start":{"line":691,"column":14},"end":{"line":691,"column":51}},"381":{"start":{"line":692,"column":14},"end":{"line":692,"column":78}},"382":{"start":{"line":694,"column":14},"end":{"line":694,"column":21}},"383":{"start":{"line":697,"column":10},"end":{"line":704,"column":13}},"384":{"start":{"line":698,"column":12},"end":{"line":703,"column":15}},"385":{"start":{"line":699,"column":14},"end":{"line":699,"column":51}},"386":{"start":{"line":700,"column":14},"end":{"line":700,"column":75}},"387":{"start":{"line":702,"column":14},"end":{"line":702,"column":21}}},"fnMap":{"0":{"name":"_interopRequireDefault","decl":{"start":{"line":19,"column":9},"end":{"line":19,"column":31}},"loc":{"start":{"line":19,"column":37},"end":{"line":19,"column":95}},"line":19},"1":{"name":"(anonymous_1)","decl":{"start":{"line":41,"column":29},"end":{"line":41,"column":30}},"loc":{"start":{"line":41,"column":41},"end":{"line":49,"column":1}},"line":41},"2":{"name":"(anonymous_2)","decl":{"start":{"line":42,"column":66},"end":{"line":42,"column":67}},"loc":{"start":{"line":42,"column":82},"end":{"line":48,"column":3}},"line":42},"3":{"name":"(anonymous_3)","decl":{"start":{"line":43,"column":76},"end":{"line":43,"column":77}},"loc":{"start":{"line":43,"column":103},"end":{"line":47,"column":5}},"line":43},"4":{"name":"(anonymous_4)","decl":{"start":{"line":51,"column":52},"end":{"line":51,"column":53}},"loc":{"start":{"line":51,"column":64},"end":{"line":89,"column":1}},"line":51},"5":{"name":"(anonymous_5)","decl":{"start":{"line":52,"column":36},"end":{"line":52,"column":37}},"loc":{"start":{"line":52,"column":48},"end":{"line":88,"column":3}},"line":52},"6":{"name":"(anonymous_6)","decl":{"start":{"line":53,"column":82},"end":{"line":53,"column":83}},"loc":{"start":{"line":53,"column":98},"end":{"line":61,"column":5}},"line":53},"7":{"name":"(anonymous_7)","decl":{"start":{"line":54,"column":71},"end":{"line":54,"column":72}},"loc":{"start":{"line":54,"column":98},"end":{"line":60,"column":7}},"line":54},"8":{"name":"(anonymous_8)","decl":{"start":{"line":62,"column":72},"end":{"line":62,"column":73}},"loc":{"start":{"line":62,"column":88},"end":{"line":70,"column":5}},"line":62},"9":{"name":"(anonymous_9)","decl":{"start":{"line":63,"column":73},"end":{"line":63,"column":74}},"loc":{"start":{"line":63,"column":100},"end":{"line":69,"column":7}},"line":63},"10":{"name":"(anonymous_10)","decl":{"start":{"line":71,"column":84},"end":{"line":71,"column":85}},"loc":{"start":{"line":71,"column":100},"end":{"line":79,"column":5}},"line":71},"11":{"name":"(anonymous_11)","decl":{"start":{"line":72,"column":76},"end":{"line":72,"column":77}},"loc":{"start":{"line":72,"column":103},"end":{"line":78,"column":7}},"line":72},"12":{"name":"(anonymous_12)","decl":{"start":{"line":80,"column":97},"end":{"line":80,"column":98}},"loc":{"start":{"line":80,"column":113},"end":{"line":87,"column":5}},"line":80},"13":{"name":"(anonymous_13)","decl":{"start":{"line":81,"column":78},"end":{"line":81,"column":79}},"loc":{"start":{"line":81,"column":105},"end":{"line":86,"column":7}},"line":81},"14":{"name":"(anonymous_14)","decl":{"start":{"line":91,"column":48},"end":{"line":91,"column":49}},"loc":{"start":{"line":91,"column":60},"end":{"line":709,"column":1}},"line":91},"15":{"name":"(anonymous_15)","decl":{"start":{"line":92,"column":86},"end":{"line":92,"column":87}},"loc":{"start":{"line":92,"column":113},"end":{"line":708,"column":3}},"line":92},"16":{"name":"(anonymous_16)","decl":{"start":{"line":95,"column":89},"end":{"line":95,"column":90}},"loc":{"start":{"line":95,"column":116},"end":{"line":707,"column":5}},"line":95},"17":{"name":"(anonymous_17)","decl":{"start":{"line":104,"column":45},"end":{"line":104,"column":46}},"loc":{"start":{"line":104,"column":57},"end":{"line":208,"column":7}},"line":104},"18":{"name":"(anonymous_18)","decl":{"start":{"line":116,"column":90},"end":{"line":116,"column":91}},"loc":{"start":{"line":116,"column":106},"end":{"line":129,"column":9}},"line":116},"19":{"name":"(anonymous_19)","decl":{"start":{"line":117,"column":84},"end":{"line":117,"column":85}},"loc":{"start":{"line":117,"column":111},"end":{"line":128,"column":11}},"line":117},"20":{"name":"(anonymous_20)","decl":{"start":{"line":130,"column":93},"end":{"line":130,"column":94}},"loc":{"start":{"line":130,"column":109},"end":{"line":142,"column":9}},"line":130},"21":{"name":"(anonymous_21)","decl":{"start":{"line":138,"column":17},"end":{"line":138,"column":18}},"loc":{"start":{"line":138,"column":44},"end":{"line":141,"column":11}},"line":138},"22":{"name":"(anonymous_22)","decl":{"start":{"line":143,"column":96},"end":{"line":143,"column":97}},"loc":{"start":{"line":143,"column":112},"end":{"line":155,"column":9}},"line":143},"23":{"name":"(anonymous_23)","decl":{"start":{"line":151,"column":17},"end":{"line":151,"column":18}},"loc":{"start":{"line":151,"column":44},"end":{"line":154,"column":11}},"line":151},"24":{"name":"(anonymous_24)","decl":{"start":{"line":156,"column":98},"end":{"line":156,"column":99}},"loc":{"start":{"line":156,"column":114},"end":{"line":168,"column":9}},"line":156},"25":{"name":"(anonymous_25)","decl":{"start":{"line":164,"column":17},"end":{"line":164,"column":18}},"loc":{"start":{"line":164,"column":44},"end":{"line":167,"column":11}},"line":164},"26":{"name":"(anonymous_26)","decl":{"start":{"line":169,"column":47},"end":{"line":169,"column":48}},"loc":{"start":{"line":169,"column":63},"end":{"line":177,"column":9}},"line":169},"27":{"name":"(anonymous_27)","decl":{"start":{"line":170,"column":94},"end":{"line":170,"column":95}},"loc":{"start":{"line":170,"column":121},"end":{"line":176,"column":11}},"line":170},"28":{"name":"(anonymous_28)","decl":{"start":{"line":178,"column":91},"end":{"line":178,"column":92}},"loc":{"start":{"line":178,"column":107},"end":{"line":187,"column":9}},"line":178},"29":{"name":"(anonymous_29)","decl":{"start":{"line":179,"column":84},"end":{"line":179,"column":85}},"loc":{"start":{"line":179,"column":111},"end":{"line":186,"column":11}},"line":179},"30":{"name":"(anonymous_30)","decl":{"start":{"line":188,"column":78},"end":{"line":188,"column":79}},"loc":{"start":{"line":188,"column":94},"end":{"line":197,"column":9}},"line":188},"31":{"name":"(anonymous_31)","decl":{"start":{"line":192,"column":17},"end":{"line":192,"column":18}},"loc":{"start":{"line":192,"column":44},"end":{"line":196,"column":11}},"line":192},"32":{"name":"(anonymous_32)","decl":{"start":{"line":198,"column":94},"end":{"line":198,"column":95}},"loc":{"start":{"line":198,"column":110},"end":{"line":207,"column":9}},"line":198},"33":{"name":"(anonymous_33)","decl":{"start":{"line":202,"column":17},"end":{"line":202,"column":18}},"loc":{"start":{"line":202,"column":44},"end":{"line":206,"column":11}},"line":202},"34":{"name":"(anonymous_34)","decl":{"start":{"line":210,"column":41},"end":{"line":210,"column":42}},"loc":{"start":{"line":210,"column":53},"end":{"line":706,"column":7}},"line":210},"35":{"name":"(anonymous_35)","decl":{"start":{"line":212,"column":55},"end":{"line":212,"column":56}},"loc":{"start":{"line":212,"column":67},"end":{"line":277,"column":9}},"line":212},"36":{"name":"(anonymous_36)","decl":{"start":{"line":213,"column":85},"end":{"line":213,"column":86}},"loc":{"start":{"line":213,"column":101},"end":{"line":220,"column":11}},"line":213},"37":{"name":"(anonymous_37)","decl":{"start":{"line":214,"column":105},"end":{"line":214,"column":106}},"loc":{"start":{"line":214,"column":132},"end":{"line":219,"column":13}},"line":214},"38":{"name":"(anonymous_38)","decl":{"start":{"line":221,"column":64},"end":{"line":221,"column":65}},"loc":{"start":{"line":221,"column":80},"end":{"line":228,"column":11}},"line":221},"39":{"name":"(anonymous_39)","decl":{"start":{"line":222,"column":85},"end":{"line":222,"column":86}},"loc":{"start":{"line":222,"column":112},"end":{"line":227,"column":13}},"line":222},"40":{"name":"(anonymous_40)","decl":{"start":{"line":229,"column":72},"end":{"line":229,"column":73}},"loc":{"start":{"line":229,"column":88},"end":{"line":236,"column":11}},"line":229},"41":{"name":"(anonymous_41)","decl":{"start":{"line":230,"column":111},"end":{"line":230,"column":112}},"loc":{"start":{"line":230,"column":138},"end":{"line":235,"column":13}},"line":230},"42":{"name":"(anonymous_42)","decl":{"start":{"line":237,"column":98},"end":{"line":237,"column":99}},"loc":{"start":{"line":237,"column":114},"end":{"line":244,"column":11}},"line":237},"43":{"name":"(anonymous_43)","decl":{"start":{"line":238,"column":105},"end":{"line":238,"column":106}},"loc":{"start":{"line":238,"column":132},"end":{"line":243,"column":13}},"line":238},"44":{"name":"(anonymous_44)","decl":{"start":{"line":245,"column":86},"end":{"line":245,"column":87}},"loc":{"start":{"line":245,"column":102},"end":{"line":252,"column":11}},"line":245},"45":{"name":"(anonymous_45)","decl":{"start":{"line":246,"column":85},"end":{"line":246,"column":86}},"loc":{"start":{"line":246,"column":112},"end":{"line":251,"column":13}},"line":246},"46":{"name":"(anonymous_46)","decl":{"start":{"line":253,"column":86},"end":{"line":253,"column":87}},"loc":{"start":{"line":253,"column":102},"end":{"line":260,"column":11}},"line":253},"47":{"name":"(anonymous_47)","decl":{"start":{"line":254,"column":86},"end":{"line":254,"column":87}},"loc":{"start":{"line":254,"column":113},"end":{"line":259,"column":13}},"line":254},"48":{"name":"(anonymous_48)","decl":{"start":{"line":261,"column":82},"end":{"line":261,"column":83}},"loc":{"start":{"line":261,"column":98},"end":{"line":268,"column":11}},"line":261},"49":{"name":"(anonymous_49)","decl":{"start":{"line":262,"column":105},"end":{"line":262,"column":106}},"loc":{"start":{"line":262,"column":132},"end":{"line":267,"column":13}},"line":262},"50":{"name":"(anonymous_50)","decl":{"start":{"line":269,"column":89},"end":{"line":269,"column":90}},"loc":{"start":{"line":269,"column":105},"end":{"line":276,"column":11}},"line":269},"51":{"name":"(anonymous_51)","decl":{"start":{"line":270,"column":110},"end":{"line":270,"column":111}},"loc":{"start":{"line":270,"column":137},"end":{"line":275,"column":13}},"line":270},"52":{"name":"(anonymous_52)","decl":{"start":{"line":279,"column":45},"end":{"line":279,"column":46}},"loc":{"start":{"line":279,"column":57},"end":{"line":334,"column":9}},"line":279},"53":{"name":"(anonymous_53)","decl":{"start":{"line":280,"column":70},"end":{"line":280,"column":71}},"loc":{"start":{"line":280,"column":86},"end":{"line":301,"column":11}},"line":280},"54":{"name":"(anonymous_54)","decl":{"start":{"line":287,"column":19},"end":{"line":287,"column":20}},"loc":{"start":{"line":287,"column":46},"end":{"line":300,"column":13}},"line":287},"55":{"name":"(anonymous_55)","decl":{"start":{"line":302,"column":83},"end":{"line":302,"column":84}},"loc":{"start":{"line":302,"column":99},"end":{"line":316,"column":11}},"line":302},"56":{"name":"(anonymous_56)","decl":{"start":{"line":309,"column":19},"end":{"line":309,"column":20}},"loc":{"start":{"line":309,"column":46},"end":{"line":315,"column":13}},"line":309},"57":{"name":"(anonymous_57)","decl":{"start":{"line":317,"column":85},"end":{"line":317,"column":86}},"loc":{"start":{"line":317,"column":101},"end":{"line":333,"column":11}},"line":317},"58":{"name":"(anonymous_58)","decl":{"start":{"line":318,"column":107},"end":{"line":318,"column":108}},"loc":{"start":{"line":318,"column":134},"end":{"line":332,"column":13}},"line":318},"59":{"name":"(anonymous_59)","decl":{"start":{"line":335,"column":47},"end":{"line":335,"column":48}},"loc":{"start":{"line":335,"column":59},"end":{"line":414,"column":9}},"line":335},"60":{"name":"(anonymous_60)","decl":{"start":{"line":336,"column":80},"end":{"line":336,"column":81}},"loc":{"start":{"line":336,"column":96},"end":{"line":357,"column":11}},"line":336},"61":{"name":"(anonymous_61)","decl":{"start":{"line":343,"column":19},"end":{"line":343,"column":20}},"loc":{"start":{"line":343,"column":46},"end":{"line":356,"column":13}},"line":343},"62":{"name":"(anonymous_62)","decl":{"start":{"line":358,"column":67},"end":{"line":358,"column":68}},"loc":{"start":{"line":358,"column":83},"end":{"line":371,"column":11}},"line":358},"63":{"name":"(anonymous_63)","decl":{"start":{"line":365,"column":19},"end":{"line":365,"column":20}},"loc":{"start":{"line":365,"column":46},"end":{"line":370,"column":13}},"line":365},"64":{"name":"(anonymous_64)","decl":{"start":{"line":372,"column":79},"end":{"line":372,"column":80}},"loc":{"start":{"line":372,"column":95},"end":{"line":385,"column":11}},"line":372},"65":{"name":"(anonymous_65)","decl":{"start":{"line":379,"column":19},"end":{"line":379,"column":20}},"loc":{"start":{"line":379,"column":46},"end":{"line":384,"column":13}},"line":379},"66":{"name":"(anonymous_66)","decl":{"start":{"line":386,"column":111},"end":{"line":386,"column":112}},"loc":{"start":{"line":386,"column":127},"end":{"line":399,"column":11}},"line":386},"67":{"name":"(anonymous_67)","decl":{"start":{"line":393,"column":19},"end":{"line":393,"column":20}},"loc":{"start":{"line":393,"column":46},"end":{"line":398,"column":13}},"line":393},"68":{"name":"(anonymous_68)","decl":{"start":{"line":400,"column":105},"end":{"line":400,"column":106}},"loc":{"start":{"line":400,"column":121},"end":{"line":413,"column":11}},"line":400},"69":{"name":"(anonymous_69)","decl":{"start":{"line":407,"column":19},"end":{"line":407,"column":20}},"loc":{"start":{"line":407,"column":46},"end":{"line":412,"column":13}},"line":407},"70":{"name":"(anonymous_70)","decl":{"start":{"line":416,"column":45},"end":{"line":416,"column":46}},"loc":{"start":{"line":416,"column":57},"end":{"line":457,"column":9}},"line":416},"71":{"name":"(anonymous_71)","decl":{"start":{"line":417,"column":67},"end":{"line":417,"column":68}},"loc":{"start":{"line":417,"column":83},"end":{"line":424,"column":11}},"line":417},"72":{"name":"(anonymous_72)","decl":{"start":{"line":418,"column":83},"end":{"line":418,"column":84}},"loc":{"start":{"line":418,"column":110},"end":{"line":423,"column":13}},"line":418},"73":{"name":"(anonymous_73)","decl":{"start":{"line":425,"column":79},"end":{"line":425,"column":80}},"loc":{"start":{"line":425,"column":95},"end":{"line":432,"column":11}},"line":425},"74":{"name":"(anonymous_74)","decl":{"start":{"line":426,"column":103},"end":{"line":426,"column":104}},"loc":{"start":{"line":426,"column":130},"end":{"line":431,"column":13}},"line":426},"75":{"name":"(anonymous_75)","decl":{"start":{"line":433,"column":111},"end":{"line":433,"column":112}},"loc":{"start":{"line":433,"column":127},"end":{"line":440,"column":11}},"line":433},"76":{"name":"(anonymous_76)","decl":{"start":{"line":434,"column":102},"end":{"line":434,"column":103}},"loc":{"start":{"line":434,"column":129},"end":{"line":439,"column":13}},"line":434},"77":{"name":"(anonymous_77)","decl":{"start":{"line":441,"column":105},"end":{"line":441,"column":106}},"loc":{"start":{"line":441,"column":121},"end":{"line":448,"column":11}},"line":441},"78":{"name":"(anonymous_78)","decl":{"start":{"line":442,"column":107},"end":{"line":442,"column":108}},"loc":{"start":{"line":442,"column":134},"end":{"line":447,"column":13}},"line":442},"79":{"name":"(anonymous_79)","decl":{"start":{"line":449,"column":80},"end":{"line":449,"column":81}},"loc":{"start":{"line":449,"column":96},"end":{"line":456,"column":11}},"line":449},"80":{"name":"(anonymous_80)","decl":{"start":{"line":450,"column":103},"end":{"line":450,"column":104}},"loc":{"start":{"line":450,"column":130},"end":{"line":455,"column":13}},"line":450},"81":{"name":"(anonymous_81)","decl":{"start":{"line":459,"column":43},"end":{"line":459,"column":44}},"loc":{"start":{"line":459,"column":55},"end":{"line":509,"column":9}},"line":459},"82":{"name":"(anonymous_82)","decl":{"start":{"line":460,"column":95},"end":{"line":460,"column":96}},"loc":{"start":{"line":460,"column":111},"end":{"line":470,"column":11}},"line":460},"83":{"name":"(anonymous_83)","decl":{"start":{"line":463,"column":19},"end":{"line":463,"column":20}},"loc":{"start":{"line":463,"column":46},"end":{"line":469,"column":13}},"line":463},"84":{"name":"(anonymous_84)","decl":{"start":{"line":471,"column":83},"end":{"line":471,"column":84}},"loc":{"start":{"line":471,"column":99},"end":{"line":480,"column":11}},"line":471},"85":{"name":"(anonymous_85)","decl":{"start":{"line":474,"column":19},"end":{"line":474,"column":20}},"loc":{"start":{"line":474,"column":46},"end":{"line":479,"column":13}},"line":474},"86":{"name":"(anonymous_86)","decl":{"start":{"line":481,"column":96},"end":{"line":481,"column":97}},"loc":{"start":{"line":481,"column":112},"end":{"line":490,"column":11}},"line":481},"87":{"name":"(anonymous_87)","decl":{"start":{"line":484,"column":19},"end":{"line":484,"column":20}},"loc":{"start":{"line":484,"column":46},"end":{"line":489,"column":13}},"line":484},"88":{"name":"(anonymous_88)","decl":{"start":{"line":491,"column":99},"end":{"line":491,"column":100}},"loc":{"start":{"line":491,"column":115},"end":{"line":500,"column":11}},"line":491},"89":{"name":"(anonymous_89)","decl":{"start":{"line":494,"column":19},"end":{"line":494,"column":20}},"loc":{"start":{"line":494,"column":46},"end":{"line":499,"column":13}},"line":494},"90":{"name":"(anonymous_90)","decl":{"start":{"line":501,"column":71},"end":{"line":501,"column":72}},"loc":{"start":{"line":501,"column":87},"end":{"line":508,"column":11}},"line":501},"91":{"name":"(anonymous_91)","decl":{"start":{"line":502,"column":121},"end":{"line":502,"column":122}},"loc":{"start":{"line":502,"column":148},"end":{"line":507,"column":13}},"line":502},"92":{"name":"(anonymous_92)","decl":{"start":{"line":510,"column":64},"end":{"line":510,"column":65}},"loc":{"start":{"line":510,"column":76},"end":{"line":583,"column":9}},"line":510},"93":{"name":"(anonymous_93)","decl":{"start":{"line":511,"column":107},"end":{"line":511,"column":108}},"loc":{"start":{"line":511,"column":123},"end":{"line":518,"column":11}},"line":511},"94":{"name":"(anonymous_94)","decl":{"start":{"line":512,"column":107},"end":{"line":512,"column":108}},"loc":{"start":{"line":512,"column":134},"end":{"line":517,"column":13}},"line":512},"95":{"name":"(anonymous_95)","decl":{"start":{"line":519,"column":125},"end":{"line":519,"column":126}},"loc":{"start":{"line":519,"column":141},"end":{"line":526,"column":11}},"line":519},"96":{"name":"(anonymous_96)","decl":{"start":{"line":520,"column":107},"end":{"line":520,"column":108}},"loc":{"start":{"line":520,"column":134},"end":{"line":525,"column":13}},"line":520},"97":{"name":"(anonymous_97)","decl":{"start":{"line":527,"column":108},"end":{"line":527,"column":109}},"loc":{"start":{"line":527,"column":124},"end":{"line":534,"column":11}},"line":527},"98":{"name":"(anonymous_98)","decl":{"start":{"line":528,"column":87},"end":{"line":528,"column":88}},"loc":{"start":{"line":528,"column":114},"end":{"line":533,"column":13}},"line":528},"99":{"name":"(anonymous_99)","decl":{"start":{"line":535,"column":114},"end":{"line":535,"column":115}},"loc":{"start":{"line":535,"column":130},"end":{"line":542,"column":11}},"line":535},"100":{"name":"(anonymous_100)","decl":{"start":{"line":536,"column":110},"end":{"line":536,"column":111}},"loc":{"start":{"line":536,"column":137},"end":{"line":541,"column":13}},"line":536},"101":{"name":"(anonymous_101)","decl":{"start":{"line":543,"column":128},"end":{"line":543,"column":129}},"loc":{"start":{"line":543,"column":144},"end":{"line":550,"column":11}},"line":543},"102":{"name":"(anonymous_102)","decl":{"start":{"line":544,"column":112},"end":{"line":544,"column":113}},"loc":{"start":{"line":544,"column":139},"end":{"line":549,"column":13}},"line":544},"103":{"name":"(anonymous_103)","decl":{"start":{"line":551,"column":103},"end":{"line":551,"column":104}},"loc":{"start":{"line":551,"column":119},"end":{"line":558,"column":11}},"line":551},"104":{"name":"(anonymous_104)","decl":{"start":{"line":552,"column":108},"end":{"line":552,"column":109}},"loc":{"start":{"line":552,"column":135},"end":{"line":557,"column":13}},"line":552},"105":{"name":"(anonymous_105)","decl":{"start":{"line":559,"column":58},"end":{"line":559,"column":59}},"loc":{"start":{"line":559,"column":74},"end":{"line":566,"column":11}},"line":559},"106":{"name":"(anonymous_106)","decl":{"start":{"line":560,"column":105},"end":{"line":560,"column":106}},"loc":{"start":{"line":560,"column":132},"end":{"line":565,"column":13}},"line":560},"107":{"name":"(anonymous_107)","decl":{"start":{"line":567,"column":82},"end":{"line":567,"column":83}},"loc":{"start":{"line":567,"column":98},"end":{"line":574,"column":11}},"line":567},"108":{"name":"(anonymous_108)","decl":{"start":{"line":568,"column":111},"end":{"line":568,"column":112}},"loc":{"start":{"line":568,"column":138},"end":{"line":573,"column":13}},"line":568},"109":{"name":"(anonymous_109)","decl":{"start":{"line":575,"column":64},"end":{"line":575,"column":65}},"loc":{"start":{"line":575,"column":80},"end":{"line":582,"column":11}},"line":575},"110":{"name":"(anonymous_110)","decl":{"start":{"line":576,"column":85},"end":{"line":576,"column":86}},"loc":{"start":{"line":576,"column":112},"end":{"line":581,"column":13}},"line":576},"111":{"name":"(anonymous_111)","decl":{"start":{"line":584,"column":46},"end":{"line":584,"column":47}},"loc":{"start":{"line":584,"column":58},"end":{"line":644,"column":9}},"line":584},"112":{"name":"(anonymous_112)","decl":{"start":{"line":585,"column":81},"end":{"line":585,"column":82}},"loc":{"start":{"line":585,"column":97},"end":{"line":592,"column":11}},"line":585},"113":{"name":"(anonymous_113)","decl":{"start":{"line":586,"column":107},"end":{"line":586,"column":108}},"loc":{"start":{"line":586,"column":134},"end":{"line":591,"column":13}},"line":586},"114":{"name":"(anonymous_114)","decl":{"start":{"line":593,"column":104},"end":{"line":593,"column":105}},"loc":{"start":{"line":593,"column":120},"end":{"line":603,"column":11}},"line":593},"115":{"name":"(anonymous_115)","decl":{"start":{"line":595,"column":115},"end":{"line":595,"column":116}},"loc":{"start":{"line":595,"column":142},"end":{"line":595,"column":144}},"line":595},"116":{"name":"(anonymous_116)","decl":{"start":{"line":597,"column":113},"end":{"line":597,"column":114}},"loc":{"start":{"line":597,"column":140},"end":{"line":602,"column":13}},"line":597},"117":{"name":"(anonymous_117)","decl":{"start":{"line":604,"column":109},"end":{"line":604,"column":110}},"loc":{"start":{"line":604,"column":125},"end":{"line":611,"column":11}},"line":604},"118":{"name":"(anonymous_118)","decl":{"start":{"line":605,"column":107},"end":{"line":605,"column":108}},"loc":{"start":{"line":605,"column":134},"end":{"line":610,"column":13}},"line":605},"119":{"name":"(anonymous_119)","decl":{"start":{"line":612,"column":88},"end":{"line":612,"column":89}},"loc":{"start":{"line":612,"column":104},"end":{"line":619,"column":11}},"line":612},"120":{"name":"(anonymous_120)","decl":{"start":{"line":613,"column":87},"end":{"line":613,"column":88}},"loc":{"start":{"line":613,"column":114},"end":{"line":618,"column":13}},"line":613},"121":{"name":"(anonymous_121)","decl":{"start":{"line":620,"column":106},"end":{"line":620,"column":107}},"loc":{"start":{"line":620,"column":122},"end":{"line":627,"column":11}},"line":620},"122":{"name":"(anonymous_122)","decl":{"start":{"line":621,"column":110},"end":{"line":621,"column":111}},"loc":{"start":{"line":621,"column":137},"end":{"line":626,"column":13}},"line":621},"123":{"name":"(anonymous_123)","decl":{"start":{"line":628,"column":110},"end":{"line":628,"column":111}},"loc":{"start":{"line":628,"column":126},"end":{"line":635,"column":11}},"line":628},"124":{"name":"(anonymous_124)","decl":{"start":{"line":629,"column":112},"end":{"line":629,"column":113}},"loc":{"start":{"line":629,"column":139},"end":{"line":634,"column":13}},"line":629},"125":{"name":"(anonymous_125)","decl":{"start":{"line":636,"column":95},"end":{"line":636,"column":96}},"loc":{"start":{"line":636,"column":111},"end":{"line":643,"column":11}},"line":636},"126":{"name":"(anonymous_126)","decl":{"start":{"line":637,"column":108},"end":{"line":637,"column":109}},"loc":{"start":{"line":637,"column":135},"end":{"line":642,"column":13}},"line":637},"127":{"name":"(anonymous_127)","decl":{"start":{"line":645,"column":48},"end":{"line":645,"column":49}},"loc":{"start":{"line":645,"column":60},"end":{"line":705,"column":9}},"line":645},"128":{"name":"(anonymous_128)","decl":{"start":{"line":646,"column":82},"end":{"line":646,"column":83}},"loc":{"start":{"line":646,"column":98},"end":{"line":653,"column":11}},"line":646},"129":{"name":"(anonymous_129)","decl":{"start":{"line":647,"column":109},"end":{"line":647,"column":110}},"loc":{"start":{"line":647,"column":136},"end":{"line":652,"column":13}},"line":647},"130":{"name":"(anonymous_130)","decl":{"start":{"line":654,"column":101},"end":{"line":654,"column":102}},"loc":{"start":{"line":654,"column":117},"end":{"line":664,"column":11}},"line":654},"131":{"name":"(anonymous_131)","decl":{"start":{"line":656,"column":107},"end":{"line":656,"column":108}},"loc":{"start":{"line":656,"column":134},"end":{"line":656,"column":136}},"line":656},"132":{"name":"(anonymous_132)","decl":{"start":{"line":658,"column":109},"end":{"line":658,"column":110}},"loc":{"start":{"line":658,"column":136},"end":{"line":663,"column":13}},"line":658},"133":{"name":"(anonymous_133)","decl":{"start":{"line":665,"column":110},"end":{"line":665,"column":111}},"loc":{"start":{"line":665,"column":126},"end":{"line":672,"column":11}},"line":665},"134":{"name":"(anonymous_134)","decl":{"start":{"line":666,"column":109},"end":{"line":666,"column":110}},"loc":{"start":{"line":666,"column":136},"end":{"line":671,"column":13}},"line":666},"135":{"name":"(anonymous_135)","decl":{"start":{"line":673,"column":89},"end":{"line":673,"column":90}},"loc":{"start":{"line":673,"column":105},"end":{"line":680,"column":11}},"line":673},"136":{"name":"(anonymous_136)","decl":{"start":{"line":674,"column":89},"end":{"line":674,"column":90}},"loc":{"start":{"line":674,"column":116},"end":{"line":679,"column":13}},"line":674},"137":{"name":"(anonymous_137)","decl":{"start":{"line":681,"column":107},"end":{"line":681,"column":108}},"loc":{"start":{"line":681,"column":123},"end":{"line":688,"column":11}},"line":681},"138":{"name":"(anonymous_138)","decl":{"start":{"line":682,"column":112},"end":{"line":682,"column":113}},"loc":{"start":{"line":682,"column":139},"end":{"line":687,"column":13}},"line":682},"139":{"name":"(anonymous_139)","decl":{"start":{"line":689,"column":112},"end":{"line":689,"column":113}},"loc":{"start":{"line":689,"column":128},"end":{"line":696,"column":11}},"line":689},"140":{"name":"(anonymous_140)","decl":{"start":{"line":690,"column":114},"end":{"line":690,"column":115}},"loc":{"start":{"line":690,"column":141},"end":{"line":695,"column":13}},"line":690},"141":{"name":"(anonymous_141)","decl":{"start":{"line":697,"column":96},"end":{"line":697,"column":97}},"loc":{"start":{"line":697,"column":112},"end":{"line":704,"column":11}},"line":697},"142":{"name":"(anonymous_142)","decl":{"start":{"line":698,"column":110},"end":{"line":698,"column":111}},"loc":{"start":{"line":698,"column":137},"end":{"line":703,"column":13}},"line":698}},"branchMap":{"0":{"loc":{"start":{"line":19,"column":46},"end":{"line":19,"column":92}},"type":"cond-expr","locations":[{"start":{"line":19,"column":70},"end":{"line":19,"column":73}},{"start":{"line":19,"column":76},"end":{"line":19,"column":92}}],"line":19},"1":{"loc":{"start":{"line":19,"column":46},"end":{"line":19,"column":67}},"type":"binary-expr","locations":[{"start":{"line":19,"column":46},"end":{"line":19,"column":49}},{"start":{"line":19,"column":53},"end":{"line":19,"column":67}}],"line":19}},"s":{"0":1,"1":1,"2":1,"3":1,"4":1,"5":1,"6":1,"7":1,"8":4,"9":1,"10":1,"11":1,"12":1,"13":1,"14":1,"15":1,"16":1,"17":1,"18":1,"19":1,"20":1,"21":1,"22":1,"23":1,"24":1,"25":1,"26":1,"27":1,"28":1,"29":1,"30":1,"31":1,"32":1,"33":1,"34":1,"35":1,"36":1,"37":1,"38":1,"39":1,"40":1,"41":1,"42":1,"43":1,"44":1,"45":1,"46":1,"47":1,"48":1,"49":1,"50":1,"51":1,"52":1,"53":1,"54":1,"55":1,"56":1,"57":1,"58":1,"59":1,"60":1,"61":1,"62":1,"63":1,"64":1,"65":1,"66":1,"67":1,"68":1,"69":1,"70":1,"71":1,"72":1,"73":1,"74":1,"75":1,"76":1,"77":1,"78":1,"79":1,"80":1,"81":1,"82":1,"83":1,"84":1,"85":1,"86":1,"87":1,"88":1,"89":1,"90":1,"91":1,"92":1,"93":1,"94":1,"95":1,"96":1,"97":1,"98":1,"99":1,"100":1,"101":1,"102":1,"103":1,"104":1,"105":1,"106":1,"107":1,"108":1,"109":1,"110":1,"111":1,"112":1,"113":1,"114":1,"115":1,"116":1,"117":1,"118":1,"119":1,"120":1,"121":1,"122":1,"123":1,"124":1,"125":1,"126":1,"127":1,"128":1,"129":1,"130":1,"131":1,"132":1,"133":0,"134":0,"135":0,"136":1,"137":1,"138":1,"139":1,"140":1,"141":1,"142":1,"143":1,"144":1,"145":1,"146":1,"147":1,"148":1,"149":1,"150":1,"151":1,"152":1,"153":1,"154":1,"155":1,"156":1,"157":1,"158":1,"159":1,"160":1,"161":1,"162":1,"163":1,"164":1,"165":1,"166":1,"167":1,"168":1,"169":1,"170":1,"171":1,"172":1,"173":1,"174":1,"175":1,"176":1,"177":1,"178":1,"179":1,"180":1,"181":1,"182":1,"183":1,"184":1,"185":1,"186":1,"187":1,"188":1,"189":1,"190":1,"191":1,"192":1,"193":1,"194":1,"195":1,"196":1,"197":1,"198":1,"199":1,"200":1,"201":1,"202":1,"203":1,"204":1,"205":1,"206":1,"207":1,"208":1,"209":1,"210":1,"211":1,"212":1,"213":1,"214":1,"215":1,"216":1,"217":1,"218":1,"219":1,"220":1,"221":1,"222":1,"223":1,"224":1,"225":1,"226":1,"227":1,"228":1,"229":1,"230":1,"231":1,"232":1,"233":1,"234":1,"235":1,"236":1,"237":0,"238":0,"239":1,"240":1,"241":1,"242":1,"243":1,"244":1,"245":1,"246":1,"247":1,"248":1,"249":1,"250":1,"251":1,"252":1,"253":1,"254":1,"255":1,"256":1,"257":1,"258":1,"259":1,"260":1,"261":1,"262":1,"263":1,"264":1,"265":1,"266":1,"267":1,"268":1,"269":1,"270":1,"271":1,"272":1,"273":1,"274":1,"275":1,"276":1,"277":1,"278":1,"279":1,"280":1,"281":1,"282":1,"283":1,"284":1,"285":1,"286":1,"287":1,"288":1,"289":1,"290":1,"291":1,"292":1,"293":1,"294":1,"295":1,"296":1,"297":1,"298":1,"299":1,"300":1,"301":1,"302":1,"303":1,"304":1,"305":1,"306":1,"307":1,"308":1,"309":1,"310":1,"311":1,"312":1,"313":1,"314":1,"315":1,"316":1,"317":1,"318":1,"319":1,"320":1,"321":1,"322":1,"323":1,"324":1,"325":1,"326":1,"327":1,"328":1,"329":1,"330":1,"331":1,"332":1,"333":1,"334":1,"335":1,"336":1,"337":1,"338":1,"339":1,"340":1,"341":1,"342":1,"343":1,"344":1,"345":1,"346":1,"347":1,"348":1,"349":1,"350":1,"351":1,"352":1,"353":1,"354":1,"355":1,"356":1,"357":1,"358":1,"359":1,"360":1,"361":1,"362":1,"363":1,"364":1,"365":1,"366":1,"367":1,"368":1,"369":1,"370":1,"371":1,"372":1,"373":1,"374":1,"375":1,"376":1,"377":1,"378":1,"379":1,"380":1,"381":1,"382":1,"383":1,"384":1,"385":1,"386":1,"387":1},"f":{"0":4,"1":1,"2":1,"3":1,"4":1,"5":1,"6":1,"7":1,"8":1,"9":1,"10":1,"11":1,"12":1,"13":1,"14":1,"15":1,"16":1,"17":1,"18":1,"19":1,"20":1,"21":1,"22":1,"23":1,"24":1,"25":1,"26":1,"27":1,"28":1,"29":1,"30":1,"31":1,"32":1,"33":1,"34":1,"35":1,"36":1,"37":1,"38":1,"39":1,"40":1,"41":1,"42":1,"43":1,"44":1,"45":1,"46":1,"47":1,"48":1,"49":1,"50":1,"51":1,"52":1,"53":1,"54":1,"55":1,"56":1,"57":1,"58":1,"59":1,"60":1,"61":1,"62":1,"63":1,"64":1,"65":1,"66":1,"67":1,"68":1,"69":1,"70":1,"71":1,"72":1,"73":1,"74":1,"75":1,"76":1,"77":1,"78":1,"79":1,"80":1,"81":1,"82":1,"83":1,"84":1,"85":1,"86":1,"87":1,"88":1,"89":1,"90":1,"91":1,"92":1,"93":1,"94":1,"95":1,"96":1,"97":1,"98":1,"99":1,"100":1,"101":1,"102":1,"103":1,"104":1,"105":1,"106":1,"107":1,"108":1,"109":1,"110":1,"111":1,"112":1,"113":1,"114":1,"115":1,"116":1,"117":1,"118":1,"119":1,"120":1,"121":1,"122":1,"123":1,"124":1,"125":1,"126":1,"127":1,"128":1,"129":1,"130":1,"131":1,"132":1,"133":1,"134":1,"135":1,"136":1,"137":1,"138":1,"139":1,"140":1,"141":1,"142":1},"b":{"0":[1,3],"1":[4,4]},"_coverageSchema":"332fd63041d2c1bcb487cc26dd0d5f7d97098a6c","hash":"453295240126d509438ff2919116fd741c01dfb6","contentHash":"73e19dec48bca027087726c65a32a655_11.3.0"},"C:\\Users\\Abaniwo\\Desktop\\More-Recipes\\server\\database\\models\\index.js":{"path":"C:\\Users\\Abaniwo\\Desktop\\More-Recipes\\server\\database\\models\\index.js","statementMap":{"0":{"start":{"line":3,"column":9},"end":{"line":3,"column":22}},"1":{"start":{"line":4,"column":11},"end":{"line":4,"column":26}},"2":{"start":{"line":5,"column":16},"end":{"line":5,"column":36}},"3":{"start":{"line":7,"column":15},"end":{"line":7,"column":40}},"4":{"start":{"line":8,"column":10},"end":{"line":8,"column":47}},"5":{"start":{"line":9,"column":13},"end":{"line":9,"column":50}},"6":{"start":{"line":11,"column":9},"end":{"line":11,"column":11}},"7":{"start":{"line":13,"column":16},"end":{"line":13,"column":88}},"8":{"start":{"line":15,"column":0},"end":{"line":20,"column":3}},"9":{"start":{"line":16,"column":2},"end":{"line":16,"column":82}},"10":{"start":{"line":18,"column":14},"end":{"line":18,"column":58}},"11":{"start":{"line":19,"column":2},"end":{"line":19,"column":25}},"12":{"start":{"line":22,"column":0},"end":{"line":26,"column":3}},"13":{"start":{"line":23,"column":2},"end":{"line":25,"column":3}},"14":{"start":{"line":24,"column":4},"end":{"line":24,"column":32}},"15":{"start":{"line":28,"column":0},"end":{"line":28,"column":25}},"16":{"start":{"line":29,"column":0},"end":{"line":29,"column":25}},"17":{"start":{"line":31,"column":0},"end":{"line":31,"column":20}}},"fnMap":{"0":{"name":"(anonymous_0)","decl":{"start":{"line":15,"column":33},"end":{"line":15,"column":34}},"loc":{"start":{"line":15,"column":49},"end":{"line":17,"column":1}},"line":15},"1":{"name":"(anonymous_1)","decl":{"start":{"line":17,"column":11},"end":{"line":17,"column":12}},"loc":{"start":{"line":17,"column":27},"end":{"line":20,"column":1}},"line":17},"2":{"name":"(anonymous_2)","decl":{"start":{"line":22,"column":24},"end":{"line":22,"column":25}},"loc":{"start":{"line":22,"column":45},"end":{"line":26,"column":1}},"line":22}},"branchMap":{"0":{"loc":{"start":{"line":8,"column":10},"end":{"line":8,"column":47}},"type":"binary-expr","locations":[{"start":{"line":8,"column":10},"end":{"line":8,"column":30}},{"start":{"line":8,"column":34},"end":{"line":8,"column":47}}],"line":8},"1":{"loc":{"start":{"line":16,"column":9},"end":{"line":16,"column":81}},"type":"binary-expr","locations":[{"start":{"line":16,"column":9},"end":{"line":16,"column":32}},{"start":{"line":16,"column":36},"end":{"line":16,"column":53}},{"start":{"line":16,"column":57},"end":{"line":16,"column":81}}],"line":16},"2":{"loc":{"start":{"line":23,"column":2},"end":{"line":25,"column":3}},"type":"if","locations":[{"start":{"line":23,"column":2},"end":{"line":25,"column":3}},{"start":{"line":23,"column":2},"end":{"line":25,"column":3}}],"line":23}},"s":{"0":1,"1":1,"2":1,"3":1,"4":1,"5":1,"6":1,"7":1,"8":1,"9":7,"10":6,"11":6,"12":1,"13":6,"14":0,"15":1,"16":1,"17":1},"f":{"0":7,"1":6,"2":6},"b":{"0":[1,1],"1":[7,7,6],"2":[0,6]},"_coverageSchema":"332fd63041d2c1bcb487cc26dd0d5f7d97098a6c","hash":"dc0cff64e192bd5f3e8c2dae8e383430d1d56f4f","contentHash":"f59753e69244b1b93d3b698a85dde2c7_11.3.0"},"C:\\Users\\Abaniwo\\Desktop\\More-Recipes\\server\\database\\config\\config.js":{"path":"C:\\Users\\Abaniwo\\Desktop\\More-Recipes\\server\\database\\config\\config.js","statementMap":{"0":{"start":{"line":3,"column":0},"end":{"line":3,"column":27}},"1":{"start":{"line":5,"column":0},"end":{"line":27,"column":2}}},"fnMap":{},"branchMap":{},"s":{"0":1,"1":1},"f":{},"b":{},"_coverageSchema":"332fd63041d2c1bcb487cc26dd0d5f7d97098a6c","hash":"41d74abefa17e24c3d7b48b44204757be07a04f6","contentHash":"a73eb056f7a19aff8f1b8d3184b9dcb6_11.3.0"},"C:\\Users\\Abaniwo\\Desktop\\More-Recipes\\server\\database\\models\\downvote.js":{"path":"C:\\Users\\Abaniwo\\Desktop\\More-Recipes\\server\\database\\models\\downvote.js","statementMap":{"0":{"start":{"line":3,"column":0},"end":{"line":35,"column":2}},"1":{"start":{"line":4,"column":17},"end":{"line":33,"column":4}},"2":{"start":{"line":25,"column":8},"end":{"line":27,"column":11}},"3":{"start":{"line":28,"column":8},"end":{"line":30,"column":11}},"4":{"start":{"line":34,"column":2},"end":{"line":34,"column":18}}},"fnMap":{"0":{"name":"(anonymous_0)","decl":{"start":{"line":3,"column":17},"end":{"line":3,"column":18}},"loc":{"start":{"line":3,"column":49},"end":{"line":35,"column":1}},"line":3},"1":{"name":"associate","decl":{"start":{"line":24,"column":26},"end":{"line":24,"column":35}},"loc":{"start":{"line":24,"column":44},"end":{"line":31,"column":7}},"line":24}},"branchMap":{},"s":{"0":1,"1":1,"2":0,"3":0,"4":1},"f":{"0":1,"1":0},"b":{},"_coverageSchema":"332fd63041d2c1bcb487cc26dd0d5f7d97098a6c","hash":"3909d0e78b332d011c61fae18a24ab683b4d4381","contentHash":"1d3f41d29fa186dc717fa9553fbbf0cd_11.3.0"},"C:\\Users\\Abaniwo\\Desktop\\More-Recipes\\server\\database\\models\\favorite.js":{"path":"C:\\Users\\Abaniwo\\Desktop\\More-Recipes\\server\\database\\models\\favorite.js","statementMap":{"0":{"start":{"line":3,"column":0},"end":{"line":35,"column":2}},"1":{"start":{"line":4,"column":17},"end":{"line":33,"column":4}},"2":{"start":{"line":25,"column":8},"end":{"line":27,"column":11}},"3":{"start":{"line":28,"column":8},"end":{"line":30,"column":11}},"4":{"start":{"line":34,"column":2},"end":{"line":34,"column":18}}},"fnMap":{"0":{"name":"(anonymous_0)","decl":{"start":{"line":3,"column":17},"end":{"line":3,"column":18}},"loc":{"start":{"line":3,"column":49},"end":{"line":35,"column":1}},"line":3},"1":{"name":"associate","decl":{"start":{"line":24,"column":26},"end":{"line":24,"column":35}},"loc":{"start":{"line":24,"column":44},"end":{"line":31,"column":7}},"line":24}},"branchMap":{},"s":{"0":1,"1":1,"2":0,"3":0,"4":1},"f":{"0":1,"1":0},"b":{},"_coverageSchema":"332fd63041d2c1bcb487cc26dd0d5f7d97098a6c","hash":"3f04414d8fcd67a1aaa8aeb9ea280a53e43c2f9a","contentHash":"8a45c42cc5dcf75fdf51457b6c282f4f_11.3.0"},"C:\\Users\\Abaniwo\\Desktop\\More-Recipes\\server\\database\\models\\recipe.js":{"path":"C:\\Users\\Abaniwo\\Desktop\\More-Recipes\\server\\database\\models\\recipe.js","statementMap":{"0":{"start":{"line":3,"column":0},"end":{"line":43,"column":2}},"1":{"start":{"line":4,"column":15},"end":{"line":41,"column":4}},"2":{"start":{"line":24,"column":8},"end":{"line":26,"column":11}},"3":{"start":{"line":27,"column":8},"end":{"line":29,"column":11}},"4":{"start":{"line":30,"column":8},"end":{"line":32,"column":11}},"5":{"start":{"line":33,"column":8},"end":{"line":35,"column":11}},"6":{"start":{"line":36,"column":8},"end":{"line":38,"column":11}},"7":{"start":{"line":42,"column":2},"end":{"line":42,"column":16}}},"fnMap":{"0":{"name":"(anonymous_0)","decl":{"start":{"line":3,"column":17},"end":{"line":3,"column":18}},"loc":{"start":{"line":3,"column":49},"end":{"line":43,"column":1}},"line":3},"1":{"name":"associate","decl":{"start":{"line":23,"column":26},"end":{"line":23,"column":35}},"loc":{"start":{"line":23,"column":44},"end":{"line":39,"column":7}},"line":23}},"branchMap":{},"s":{"0":1,"1":1,"2":0,"3":0,"4":0,"5":0,"6":0,"7":1},"f":{"0":1,"1":0},"b":{},"_coverageSchema":"332fd63041d2c1bcb487cc26dd0d5f7d97098a6c","hash":"e183c8f45e06f47efcf25e89703f6efbc9aff375","contentHash":"af57ae611a7664467b50d406699bd258_11.3.0"},"C:\\Users\\Abaniwo\\Desktop\\More-Recipes\\server\\database\\models\\review.js":{"path":"C:\\Users\\Abaniwo\\Desktop\\More-Recipes\\server\\database\\models\\review.js","statementMap":{"0":{"start":{"line":3,"column":0},"end":{"line":36,"column":2}},"1":{"start":{"line":4,"column":15},"end":{"line":34,"column":4}},"2":{"start":{"line":26,"column":8},"end":{"line":28,"column":11}},"3":{"start":{"line":29,"column":8},"end":{"line":31,"column":11}},"4":{"start":{"line":35,"column":2},"end":{"line":35,"column":16}}},"fnMap":{"0":{"name":"(anonymous_0)","decl":{"start":{"line":3,"column":17},"end":{"line":3,"column":18}},"loc":{"start":{"line":3,"column":49},"end":{"line":36,"column":1}},"line":3},"1":{"name":"associate","decl":{"start":{"line":25,"column":26},"end":{"line":25,"column":35}},"loc":{"start":{"line":25,"column":44},"end":{"line":32,"column":7}},"line":25}},"branchMap":{},"s":{"0":1,"1":1,"2":0,"3":0,"4":1},"f":{"0":1,"1":0},"b":{},"_coverageSchema":"332fd63041d2c1bcb487cc26dd0d5f7d97098a6c","hash":"cb7fd84cb9b5cbeccdf2c1994d7cf9359c1edd0c","contentHash":"3b55384d5acfdbeaece0353b34e688f4_11.3.0"},"C:\\Users\\Abaniwo\\Desktop\\More-Recipes\\server\\database\\models\\upvote.js":{"path":"C:\\Users\\Abaniwo\\Desktop\\More-Recipes\\server\\database\\models\\upvote.js","statementMap":{"0":{"start":{"line":3,"column":0},"end":{"line":35,"column":2}},"1":{"start":{"line":4,"column":15},"end":{"line":33,"column":4}},"2":{"start":{"line":25,"column":8},"end":{"line":27,"column":11}},"3":{"start":{"line":28,"column":8},"end":{"line":30,"column":11}},"4":{"start":{"line":34,"column":2},"end":{"line":34,"column":16}}},"fnMap":{"0":{"name":"(anonymous_0)","decl":{"start":{"line":3,"column":17},"end":{"line":3,"column":18}},"loc":{"start":{"line":3,"column":49},"end":{"line":35,"column":1}},"line":3},"1":{"name":"associate","decl":{"start":{"line":24,"column":26},"end":{"line":24,"column":35}},"loc":{"start":{"line":24,"column":44},"end":{"line":31,"column":7}},"line":24}},"branchMap":{},"s":{"0":1,"1":1,"2":0,"3":0,"4":1},"f":{"0":1,"1":0},"b":{},"_coverageSchema":"332fd63041d2c1bcb487cc26dd0d5f7d97098a6c","hash":"c8e3fc7ee1108a4f97d17f9428187e8872af96f4","contentHash":"5aaafd14ca594b89835e5e57a54f4f48_11.3.0"},"C:\\Users\\Abaniwo\\Desktop\\More-Recipes\\server\\database\\models\\user.js":{"path":"C:\\Users\\Abaniwo\\Desktop\\More-Recipes\\server\\database\\models\\user.js","statementMap":{"0":{"start":{"line":3,"column":0},"end":{"line":63,"column":2}},"1":{"start":{"line":4,"column":13},"end":{"line":61,"column":4}},"2":{"start":{"line":44,"column":8},"end":{"line":46,"column":11}},"3":{"start":{"line":47,"column":8},"end":{"line":49,"column":11}},"4":{"start":{"line":50,"column":8},"end":{"line":52,"column":11}},"5":{"start":{"line":53,"column":8},"end":{"line":55,"column":11}},"6":{"start":{"line":56,"column":8},"end":{"line":58,"column":11}},"7":{"start":{"line":62,"column":2},"end":{"line":62,"column":14}}},"fnMap":{"0":{"name":"(anonymous_0)","decl":{"start":{"line":3,"column":17},"end":{"line":3,"column":18}},"loc":{"start":{"line":3,"column":49},"end":{"line":63,"column":1}},"line":3},"1":{"name":"associate","decl":{"start":{"line":43,"column":26},"end":{"line":43,"column":35}},"loc":{"start":{"line":43,"column":44},"end":{"line":59,"column":7}},"line":43}},"branchMap":{},"s":{"0":1,"1":1,"2":0,"3":0,"4":0,"5":0,"6":0,"7":1},"f":{"0":1,"1":0},"b":{},"_coverageSchema":"332fd63041d2c1bcb487cc26dd0d5f7d97098a6c","hash":"6d1a1e68b14f1f50a98185a1c25db01fa4467f8d","contentHash":"480ad2288b511185f93ab81b55f09ffa_11.3.0"},"C:\\Users\\Abaniwo\\Desktop\\More-Recipes\\server\\app.js":{"path":"C:\\Users\\Abaniwo\\Desktop\\More-Recipes\\server\\app.js","statementMap":{"0":{"start":{"line":3,"column":0},"end":{"line":5,"column":3}},"1":{"start":{"line":7,"column":15},"end":{"line":7,"column":33}},"2":{"start":{"line":9,"column":16},"end":{"line":9,"column":48}},"3":{"start":{"line":11,"column":14},"end":{"line":11,"column":31}},"4":{"start":{"line":13,"column":15},"end":{"line":13,"column":46}},"5":{"start":{"line":15,"column":18},"end":{"line":15,"column":40}},"6":{"start":{"line":17,"column":19},"end":{"line":17,"column":54}},"7":{"start":{"line":19,"column":14},"end":{"line":19,"column":45}},"8":{"start":{"line":21,"column":15},"end":{"line":21,"column":46}},"9":{"start":{"line":23,"column":12},"end":{"line":23,"column":41}},"10":{"start":{"line":25,"column":13},"end":{"line":25,"column":42}},"11":{"start":{"line":27,"column":14},"end":{"line":27,"column":42}},"12":{"start":{"line":29,"column":15},"end":{"line":29,"column":46}},"13":{"start":{"line":31,"column":12},"end":{"line":31,"column":40}},"14":{"start":{"line":33,"column":13},"end":{"line":33,"column":42}},"15":{"start":{"line":35,"column":17},"end":{"line":35,"column":50}},"16":{"start":{"line":37,"column":18},"end":{"line":37,"column":52}},"17":{"start":{"line":39,"column":19},"end":{"line":39,"column":54}},"18":{"start":{"line":41,"column":20},"end":{"line":41,"column":56}},"19":{"start":{"line":43,"column":17},"end":{"line":43,"column":50}},"20":{"start":{"line":45,"column":18},"end":{"line":45,"column":52}},"21":{"start":{"line":47,"column":19},"end":{"line":47,"column":54}},"22":{"start":{"line":49,"column":20},"end":{"line":49,"column":56}},"23":{"start":{"line":51,"column":39},"end":{"line":51,"column":93}},"24":{"start":{"line":54,"column":10},"end":{"line":54,"column":34}},"25":{"start":{"line":58,"column":0},"end":{"line":58,"column":38}},"26":{"start":{"line":61,"column":0},"end":{"line":61,"column":37}},"27":{"start":{"line":62,"column":0},"end":{"line":62,"column":62}},"28":{"start":{"line":63,"column":24},"end":{"line":63,"column":46}},"29":{"start":{"line":64,"column":21},"end":{"line":64,"column":41}},"30":{"start":{"line":66,"column":0},"end":{"line":66,"column":57}},"31":{"start":{"line":67,"column":0},"end":{"line":67,"column":63}},"32":{"start":{"line":68,"column":0},"end":{"line":68,"column":83}},"33":{"start":{"line":69,"column":0},"end":{"line":69,"column":87}},"34":{"start":{"line":70,"column":0},"end":{"line":70,"column":74}},"35":{"start":{"line":71,"column":0},"end":{"line":71,"column":100}},"36":{"start":{"line":72,"column":0},"end":{"line":72,"column":103}},"37":{"start":{"line":73,"column":0},"end":{"line":73,"column":85}},"38":{"start":{"line":74,"column":0},"end":{"line":74,"column":54}},"39":{"start":{"line":75,"column":0},"end":{"line":75,"column":54}},"40":{"start":{"line":76,"column":0},"end":{"line":76,"column":115}},"41":{"start":{"line":77,"column":0},"end":{"line":77,"column":83}},"42":{"start":{"line":78,"column":0},"end":{"line":78,"column":111}},"43":{"start":{"line":79,"column":0},"end":{"line":79,"column":117}},"44":{"start":{"line":81,"column":0},"end":{"line":83,"column":3}},"45":{"start":{"line":82,"column":2},"end":{"line":82,"column":31}},"46":{"start":{"line":85,"column":0},"end":{"line":89,"column":3}},"47":{"start":{"line":86,"column":2},"end":{"line":88,"column":5}},"48":{"start":{"line":87,"column":4},"end":{"line":87,"column":37}},"49":{"start":{"line":91,"column":0},"end":{"line":91,"column":22}}},"fnMap":{"0":{"name":"_interopRequireDefault","decl":{"start":{"line":51,"column":9},"end":{"line":51,"column":31}},"loc":{"start":{"line":51,"column":37},"end":{"line":51,"column":95}},"line":51},"1":{"name":"(anonymous_1)","decl":{"start":{"line":81,"column":8},"end":{"line":81,"column":9}},"loc":{"start":{"line":81,"column":28},"end":{"line":83,"column":1}},"line":81},"2":{"name":"(anonymous_2)","decl":{"start":{"line":85,"column":39},"end":{"line":85,"column":40}},"loc":{"start":{"line":85,"column":51},"end":{"line":89,"column":1}},"line":85},"3":{"name":"(anonymous_3)","decl":{"start":{"line":86,"column":19},"end":{"line":86,"column":20}},"loc":{"start":{"line":86,"column":31},"end":{"line":88,"column":3}},"line":86}},"branchMap":{"0":{"loc":{"start":{"line":51,"column":46},"end":{"line":51,"column":92}},"type":"cond-expr","locations":[{"start":{"line":51,"column":70},"end":{"line":51,"column":73}},{"start":{"line":51,"column":76},"end":{"line":51,"column":92}}],"line":51},"1":{"loc":{"start":{"line":51,"column":46},"end":{"line":51,"column":67}},"type":"binary-expr","locations":[{"start":{"line":51,"column":46},"end":{"line":51,"column":49}},{"start":{"line":51,"column":53},"end":{"line":51,"column":67}}],"line":51}},"s":{"0":1,"1":1,"2":1,"3":1,"4":1,"5":1,"6":1,"7":1,"8":1,"9":1,"10":1,"11":1,"12":1,"13":1,"14":1,"15":1,"16":1,"17":1,"18":1,"19":1,"20":1,"21":1,"22":1,"23":11,"24":1,"25":1,"26":1,"27":1,"28":1,"29":1,"30":1,"31":1,"32":1,"33":1,"34":1,"35":1,"36":1,"37":1,"38":1,"39":1,"40":1,"41":1,"42":1,"43":1,"44":1,"45":1,"46":1,"47":1,"48":1,"49":1},"f":{"0":11,"1":1,"2":1,"3":1},"b":{"0":[7,4],"1":[11,11]},"_coverageSchema":"332fd63041d2c1bcb487cc26dd0d5f7d97098a6c","hash":"30a3dda02e263bf3a1c4dedcece891c4124dec34","contentHash":"74f698089bf654ac63f7ecf0037fce14_11.3.0"},"C:\\Users\\Abaniwo\\Desktop\\More-Recipes\\server\\controllers\\recipe.js":{"path":"C:\\Users\\Abaniwo\\Desktop\\More-Recipes\\server\\controllers\\recipe.js","statementMap":{"0":{"start":{"line":3,"column":0},"end":{"line":5,"column":3}},"1":{"start":{"line":7,"column":19},"end":{"line":7,"column":563}},"2":{"start":{"line":7,"column":76},"end":{"line":7,"column":347}},"3":{"start":{"line":7,"column":134},"end":{"line":7,"column":142}},"4":{"start":{"line":7,"column":144},"end":{"line":7,"column":199}},"5":{"start":{"line":7,"column":200},"end":{"line":7,"column":231}},"6":{"start":{"line":7,"column":232},"end":{"line":7,"column":286}},"7":{"start":{"line":7,"column":259},"end":{"line":7,"column":286}},"8":{"start":{"line":7,"column":287},"end":{"line":7,"column":345}},"9":{"start":{"line":7,"column":350},"end":{"line":7,"column":559}},"10":{"start":{"line":7,"column":407},"end":{"line":7,"column":475}},"11":{"start":{"line":7,"column":423},"end":{"line":7,"column":475}},"12":{"start":{"line":7,"column":476},"end":{"line":7,"column":536}},"13":{"start":{"line":7,"column":493},"end":{"line":7,"column":536}},"14":{"start":{"line":7,"column":537},"end":{"line":7,"column":556}},"15":{"start":{"line":9,"column":14},"end":{"line":9,"column":43}},"16":{"start":{"line":11,"column":15},"end":{"line":11,"column":46}},"17":{"start":{"line":13,"column":15},"end":{"line":13,"column":36}},"18":{"start":{"line":15,"column":16},"end":{"line":15,"column":48}},"19":{"start":{"line":17,"column":39},"end":{"line":17,"column":93}},"20":{"start":{"line":19,"column":44},"end":{"line":19,"column":195}},"21":{"start":{"line":19,"column":62},"end":{"line":19,"column":166}},"22":{"start":{"line":19,"column":176},"end":{"line":19,"column":193}},"23":{"start":{"line":19,"column":196},"end":{"line":19,"column":207}},"24":{"start":{"line":21,"column":50},"end":{"line":21,"column":151}},"25":{"start":{"line":21,"column":92},"end":{"line":21,"column":149}},"26":{"start":{"line":26,"column":24},"end":{"line":333,"column":3}},"27":{"start":{"line":28,"column":4},"end":{"line":28,"column":45}},"28":{"start":{"line":31,"column":2},"end":{"line":330,"column":6}},"29":{"start":{"line":41,"column":6},"end":{"line":47,"column":9}},"30":{"start":{"line":44,"column":8},"end":{"line":44,"column":81}},"31":{"start":{"line":46,"column":8},"end":{"line":46,"column":84}},"32":{"start":{"line":59,"column":6},"end":{"line":66,"column":9}},"33":{"start":{"line":60,"column":8},"end":{"line":62,"column":9}},"34":{"start":{"line":61,"column":10},"end":{"line":61,"column":91}},"35":{"start":{"line":63,"column":8},"end":{"line":63,"column":79}},"36":{"start":{"line":65,"column":8},"end":{"line":65,"column":88}},"37":{"start":{"line":78,"column":6},"end":{"line":84,"column":9}},"38":{"start":{"line":79,"column":8},"end":{"line":81,"column":9}},"39":{"start":{"line":80,"column":10},"end":{"line":80,"column":94}},"40":{"start":{"line":81,"column":9},"end":{"line":81,"column":75}},"41":{"start":{"line":83,"column":8},"end":{"line":83,"column":84}},"42":{"start":{"line":96,"column":6},"end":{"line":102,"column":9}},"43":{"start":{"line":97,"column":8},"end":{"line":99,"column":9}},"44":{"start":{"line":98,"column":10},"end":{"line":98,"column":94}},"45":{"start":{"line":99,"column":9},"end":{"line":99,"column":75}},"46":{"start":{"line":101,"column":8},"end":{"line":101,"column":88}},"47":{"start":{"line":114,"column":19},"end":{"line":114,"column":21}},"48":{"start":{"line":116,"column":6},"end":{"line":118,"column":7}},"49":{"start":{"line":117,"column":8},"end":{"line":117,"column":48}},"50":{"start":{"line":119,"column":6},"end":{"line":121,"column":7}},"51":{"start":{"line":120,"column":8},"end":{"line":120,"column":52}},"52":{"start":{"line":122,"column":6},"end":{"line":124,"column":7}},"53":{"start":{"line":123,"column":8},"end":{"line":123,"column":56}},"54":{"start":{"line":125,"column":6},"end":{"line":127,"column":7}},"55":{"start":{"line":126,"column":8},"end":{"line":126,"column":55}},"56":{"start":{"line":128,"column":6},"end":{"line":130,"column":7}},"57":{"start":{"line":129,"column":8},"end":{"line":129,"column":40}},"58":{"start":{"line":132,"column":6},"end":{"line":134,"column":7}},"59":{"start":{"line":133,"column":8},"end":{"line":133,"column":111}},"60":{"start":{"line":135,"column":6},"end":{"line":146,"colu
[...]
ions":[{"start":{"line":7,"column":476},"end":{"line":7,"column":536}},{"start":{"line":7,"column":476},"end":{"line":7,"column":536}}],"line":7},"4":{"loc":{"start":{"line":25,"column":46},"end":{"line":25,"column":92}},"type":"cond-expr","locations":[{"start":{"line":25,"column":70},"end":{"line":25,"column":73}},{"start":{"line":25,"column":76},"end":{"line":25,"column":92}}],"line":25},"5":{"loc":{"start":{"line":25,"column":46},"end":{"line":25,"column":67}},"type":"binary-expr","locations":[{"start":{"line":25,"column":46},"end":{"line":25,"column":49}},{"start":{"line":25,"column":53},"end":{"line":25,"column":67}}],"line":25},"6":{"loc":{"start":{"line":27,"column":50},"end":{"line":27,"column":151}},"type":"if","locations":[{"start":{"line":27,"column":50},"end":{"line":27,"column":151}},{"start":{"line":27,"column":50},"end":{"line":27,"column":151}}],"line":27},"7":{"loc":{"start":{"line":48,"column":6},"end":{"line":50,"column":7}},"type":"if","locations":[{"start":{"line":48,"column":6},"end":{"line":50,"column":7}},{"start":{"line":48,"column":6},"end":{"line":50,"column":7}}],"line":48},"8":{"loc":{"start":{"line":51,"column":6},"end":{"line":53,"column":7}},"type":"if","locations":[{"start":{"line":51,"column":6},"end":{"line":53,"column":7}},{"start":{"line":51,"column":6},"end":{"line":53,"column":7}}],"line":51},"9":{"loc":{"start":{"line":54,"column":6},"end":{"line":56,"column":7}},"type":"if","locations":[{"start":{"line":54,"column":6},"end":{"line":56,"column":7}},{"start":{"line":54,"column":6},"end":{"line":56,"column":7}}],"line":54},"10":{"loc":{"start":{"line":57,"column":6},"end":{"line":59,"column":7}},"type":"if","locations":[{"start":{"line":57,"column":6},"end":{"line":59,"column":7}},{"start":{"line":57,"column":6},"end":{"line":59,"column":7}}],"line":57},"11":{"loc":{"start":{"line":60,"column":6},"end":{"line":62,"column":7}},"type":"if","locations":[{"start":{"line":60,"column":6},"end":{"line":62,"column":7}},{"start":{"line":60,"column":6},"end":{"line":62,"column":7}}],"line":60},"12":{"loc":{"start":{"line":64,"column":6},"end":{"line":66,"column":7}},"type":"if","locations":[{"start":{"line":64,"column":6},"end":{"line":66,"column":7}},{"start":{"line":64,"column":6},"end":{"line":66,"column":7}}],"line":64},"13":{"loc":{"start":{"line":92,"column":6},"end":{"line":94,"column":7}},"type":"if","locations":[{"start":{"line":92,"column":6},"end":{"line":94,"column":7}},{"start":{"line":92,"column":6},"end":{"line":94,"column":7}}],"line":92},"14":{"loc":{"start":{"line":95,"column":6},"end":{"line":97,"column":7}},"type":"if","locations":[{"start":{"line":95,"column":6},"end":{"line":97,"column":7}},{"start":{"line":95,"column":6},"end":{"line":97,"column":7}}],"line":95},"15":{"loc":{"start":{"line":98,"column":6},"end":{"line":100,"column":7}},"type":"if","locations":[{"start":{"line":98,"column":6},"end":{"line":100,"column":7}},{"start":{"line":98,"column":6},"end":{"line":100,"column":7}}],"line":98},"16":{"loc":{"start":{"line":102,"column":8},"end":{"line":104,"column":9}},"type":"if","locations":[{"start":{"line":102,"column":8},"end":{"line":104,"column":9}},{"start":{"line":102,"column":8},"end":{"line":104,"column":9}}],"line":102},"17":{"loc":{"start":{"line":105,"column":8},"end":{"line":108,"column":9}},"type":"if","locations":[{"start":{"line":105,"column":8},"end":{"line":108,"column":9}},{"start":{"line":105,"column":8},"end":{"line":108,"column":9}}],"line":105}},"s":{"0":1,"1":1,"2":1,"3":2,"4":2,"5":2,"6":2,"7":2,"8":2,"9":1,"10":1,"11":1,"12":1,"13":0,"14":1,"15":1,"16":1,"17":1,"18":1,"19":1,"20":1,"21":1,"22":1,"23":4,"24":1,"25":0,"26":1,"27":1,"28":1,"29":4,"30":4,"31":1,"32":4,"33":1,"34":4,"35":1,"36":4,"37":1,"38":4,"39":1,"40":4,"41":1,"42":3,"43":3,"44":0,"45":3,"46":6,"47":6,"48":1,"49":6,"50":1,"51":6,"52":1,"53":5,"54":5,"55":1,"56":4,"57":3,"58":3,"59":1,"60":0,"61":1,"62":1},"f":{"0":1,"1":1,"2":1,"3":4,"4":1,"5":1,"6":1,"7":4,"8":0,"9":3,"10":6,"11":5,"12":0},"b":{"0":[2,2],"1":[2,0],"2":[1,0],"3":[0,1],"4":[1,3],"5":[4,4],"6":[0,1],"7":[1,3],"8":[1,3],"9":[1,3],"10":[1,3],"11":[1,3],"12":[1,3],"13":[1,5],"14":[1,5],"15":[1,5],"16":[1,4],"17":[3,1]},"_coverageSchema":"332fd63041d2c1bcb487cc26dd0d5f7d97098a6c","hash":"0f4acfaa564926a8480a1048581211c2ac0cfc68","contentHash":"e53faee9e22b6aa6ffcf6405f4b26874_11.3.0"},"C:\\Users\\Abaniwo\\Desktop\\More-Recipes\\server\\middleware\\auth.js":{"path":"C:\\Users\\Abaniwo\\Desktop\\More-Recipes\\server\\middleware\\auth.js","statementMap":{"0":{"start":{"line":3,"column":0},"end":{"line":5,"column":3}},"1":{"start":{"line":7,"column":20},"end":{"line":7,"column":43}},"2":{"start":{"line":9,"column":21},"end":{"line":9,"column":58}},"3":{"start":{"line":11,"column":15},"end":{"line":11,"column":36}},"4":{"start":{"line":13,"column":16},"end":{"line":13,"column":48}},"5":{"start":{"line":15,"column":39},"end":{"line":15,"column":93}},"6":{"start":{"line":17,"column":0},"end":{"line":29,"column":2}},"7":{"start":{"line":18,"column":14},"end":{"line":18,"column":31}},"8":{"start":{"line":21,"column":2},"end":{"line":28,"column":5}},"9":{"start":{"line":22,"column":4},"end":{"line":24,"column":5}},"10":{"start":{"line":23,"column":6},"end":{"line":23,"column":92}},"11":{"start":{"line":26,"column":4},"end":{"line":26,"column":24}},"12":{"start":{"line":27,"column":4},"end":{"line":27,"column":11}}},"fnMap":{"0":{"name":"_interopRequireDefault","decl":{"start":{"line":15,"column":9},"end":{"line":15,"column":31}},"loc":{"start":{"line":15,"column":37},"end":{"line":15,"column":95}},"line":15},"1":{"name":"(anonymous_1)","decl":{"start":{"line":17,"column":18},"end":{"line":17,"column":19}},"loc":{"start":{"line":17,"column":44},"end":{"line":29,"column":1}},"line":17},"2":{"name":"(anonymous_2)","decl":{"start":{"line":21,"column":56},"end":{"line":21,"column":57}},"loc":{"start":{"line":21,"column":79},"end":{"line":28,"column":3}},"line":21}},"branchMap":{"0":{"loc":{"start":{"line":15,"column":46},"end":{"line":15,"column":92}},"type":"cond-expr","locations":[{"start":{"line":15,"column":70},"end":{"line":15,"column":73}},{"start":{"line":15,"column":76},"end":{"line":15,"column":92}}],"line":15},"1":{"loc":{"start":{"line":15,"column":46},"end":{"line":15,"column":67}},"type":"binary-expr","locations":[{"start":{"line":15,"column":46},"end":{"line":15,"column":49}},{"start":{"line":15,"column":53},"end":{"line":15,"column":67}}],"line":15},"2":{"loc":{"start":{"line":22,"column":4},"end":{"line":24,"column":5}},"type":"if","locations":[{"start":{"line":22,"column":4},"end":{"line":24,"column":5}},{"start":{"line":22,"column":4},"end":{"line":24,"column":5}}],"line":22}},"s":{"0":1,"1":1,"2":1,"3":1,"4":1,"5":2,"6":1,"7":51,"8":51,"9":51,"10":11,"11":40,"12":40},"f":{"0":2,"1":51,"2":51},"b":{"0":[1,1],"1":[2,2],"2":[11,40]},"_coverageSchema":"332fd63041d2c1bcb487cc26dd0d5f7d97098a6c","hash":"80e8bc124e8e912975cc047aa09bdb83733c87e1","contentHash":"71946f12dbe7d1ccf177369efd5b8244_11.3.0"},"C:\\Users\\Abaniwo\\Desktop\\More-Recipes\\server\\middleware\\authorise.js":{"path":"C:\\Users\\Abaniwo\\Desktop\\More-Recipes\\server\\middleware\\authorise.js","statementMap":{"0":{"start":{"line":3,"column":0},"end":{"line":5,"column":3}},"1":{"start":{"line":7,"column":13},"end":{"line":7,"column":48}},"2":{"start":{"line":9,"column":14},"end":{"line":9,"column":44}},"3":{"start":{"line":11,"column":15},"end":{"line":11,"column":36}},"4":{"start":{"line":13,"column":16},"end":{"line":13,"column":48}},"5":{"start":{"line":15,"column":39},"end":{"line":15,"column":93}},"6":{"start":{"line":17,"column":0},"end":{"line":31,"column":2}},"7":{"start":{"line":18,"column":2},"end":{"line":30,"column":5}},"8":{"start":{"line":19,"column":4},"end":{"line":21,"column":5}},"9":{"start":{"line":20,"column":6},"end":{"line":20,"column":87}},"10":{"start":{"line":23,"column":4},"end":{"line":25,"column":5}},"11":{"start":{"line":24,"column":6},"end":{"line":24,"column":88}},"12":{"start":{"line":27,"column":4},"end":{"line":27,"column":11}},"13":{"start":{"line":29,"column":4},"end":{"line":29,"column":84}}},"fnMap":{"0":{"name":"_interopRequireDefault","decl":{"start":{"line":15,"column":9},"end":{"line":15,"column":31}},"loc":{"start":{"line":15,"column":37},"end":{"line":15,"column":95}},"line":15},"1":{"name":"(anonymous_1)","decl":{"start":{"line":17,"column":18},"end":{"line":17,"column":19}},"loc":{"start":{"line":17,"column":44},"end":{"line":31,"column":1}},"line":17},"2":{"name":"(anonymous_2)","decl":{"start":{"line":18,"column":54},"end":{"line":18,"column":55}},"loc":{"start":{"line":18,"column":72},"end":{"line":28,"column":3}},"line":18},"3":{"name":"(anonymous_3)","decl":{"start":{"line":28,"column":11},"end":{"line":28,"column":12}},"loc":{"start":{"line":28,"column":23},"end":{"line":30,"column":3}},"line":28}},"branchMap":{"0":{"loc":{"start":{"line":15,"column":46},"end":{"line":15,"column":92}},"type":"cond-expr","locations":[{"start":{"line":15,"column":70},"end":{"line":15,"column":73}},{"start":{"line":15,"column":76},"end":{"line":15,"column":92}}],"line":15},"1":{"loc":{"start":{"line":15,"column":46},"end":{"line":15,"column":67}},"type":"binary-expr","locations":[{"start":{"line":15,"column":46},"end":{"line":15,"column":49}},{"start":{"line":15,"column":53},"end":{"line":15,"column":67}}],"line":15},"2":{"loc":{"start":{"line":19,"column":4},"end":{"line":21,"column":5}},"type":"if","locations":[{"start":{"line":19,"column":4},"end":{"line":21,"column":5}},{"start":{"line":19,"column":4},"end":{"line":21,"column":5}}],"line":19},"3":{"loc":{"start":{"line":23,"column":4},"end":{"line":25,"column":5}},"type":"if","locations":[{"start":{"line":23,"column":4},"end":{"line":25,"column":5}},{"start":{"line":23,"column":4},"end":{"line":25,"column":5}}],"line":23}},"s":{"0":1,"1":1,"2":1,"3":1,"4":1,"5":2,"6":1,"7":8,"8":6,"9":3,"10":3,"11":2,"12":1,"13":2},"f":{"0":2,"1":8,"2":6,"3":2},"b":{"0":[1,1],"1":[2,2],"2":[3,3],"3":[2,1]},"_coverageSchema":"332fd63041d2c1bcb487cc26dd0d5f7d97098a6c","hash":"73fa479f4b9463282ce574b4fec2876c0dafa2f0","contentHash":"76c509176e7e3f6a004868d16283f595_11.3.0"},"C:\\Users\\Abaniwo\\Desktop\\More-Recipes\\server\\middleware\\canDownvote.js":{"path":"C:\\Users\\Abaniwo\\Desktop\\More-Recipes\\server\\middleware\\canDownvote.js","statementMap":{"0":{"start":{"line":3,"column":0},"end":{"line":5,"column":3}},"1":{"start":{"line":7,"column":13},"end":{"line":7,"column":48}},"2":{"start":{"line":9,"column":14},"end":{"line":9,"column":44}},"3":{"start":{"line":11,"column":15},"end":{"line":11,"column":36}},"4":{"start":{"line":13,"column":16},"end":{"line":13,"column":48}},"5":{"start":{"line":15,"column":39},"end":{"line":15,"column":93}},"6":{"start":{"line":17,"column":0},"end":{"line":42,"column":2}},"7":{"start":{"line":18,"column":2},"end":{"line":41,"column":3}},"8":{"start":{"line":19,"column":17},"end":{"line":19,"column":75}},"9":{"start":{"line":21,"column":4},"end":{"line":23,"column":5}},"10":{"start":{"line":22,"column":6},"end":{"line":22,"column":88}},"11":{"start":{"line":25,"column":4},"end":{"line":27,"column":5}},"12":{"start":{"line":26,"column":6},"end":{"line":26,"column":84}},"13":{"start":{"line":29,"column":16},"end":{"line":29,"column":85}},"14":{"start":{"line":31,"column":17},"end":{"line":31,"column":60}},"15":{"start":{"line":33,"column":4},"end":{"line":35,"column":5}},"16":{"start":{"line":34,"column":6},"end":{"line":34,"column":29}},"17":{"start":{"line":38,"column":4},"end":{"line":38,"column":11}},"18":{"start":{"line":40,"column":4},"end":{"line":40,"column":85}}},"fnMap":{"0":{"name":"_interopRequireDefault","decl":{"start":{"line":15,"column":9},"end":{"line":15,"column":31}},"loc":{"start":{"line":15,"column":37},"end":{"line":15,"column":95}},"line":15},"1":{"name":"(anonymous_1)","decl":{"start":{"line":17,"column":18},"end":{"line":17,"column":19}},"loc":{"start":{"line":17,"column":50},"end":{"line":42,"column":1}},"line":17}},"branchMap":{"0":{"loc":{"start":{"line":15,"column":46},"end":{"line":15,"column":92}},"type":"cond-expr","locations":[{"start":{"line":15,"column":70},"end":{"line":15,"column":73}},{"start":{"line":15,"column":76},"end":{"line":15,"column":92}}],"line":15},"1":{"loc":{"start":{"line":15,"column":46},"end":{"line":15,"column":67}},"type":"binary-expr","locations":[{"start":{"line":15,"column":46},"end":{"line":15,"column":49}},{"start":{"line":15,"column":53},"end":{"line":15,"column":67}}],"line":15},"2":{"loc":{"start":{"line":21,"column":4},"end":{"line":23,"column":5}},"type":"if","locations":[{"start":{"line":21,"column":4},"end":{"line":23,"column":5}},{"start":{"line":21,"column":4},"end":{"line":23,"column":5}}],"line":21},"3":{"loc":{"start":{"line":25,"column":4},"end":{"line":27,"column":5}},"type":"if","locations":[{"start":{"line":25,"column":4},"end":{"line":27,"column":5}},{"start":{"line":25,"column":4},"end":{"line":27,"column":5}}],"line":25},"4":{"loc":{"start":{"line":33,"column":4},"end":{"line":35,"column":5}},"type":"if","locations":[{"start":{"line":33,"column":4},"end":{"line":35,"column":5}},{"start":{"line":33,"column":4},"end":{"line":35,"column":5}}],"line":33}},"s":{"0":1,"1":1,"2":1,"3":1,"4":1,"5":2,"6":1,"7":7,"8":7,"9":6,"10":1,"11":5,"12":1,"13":4,"14":4,"15":4,"16":2,"17":4,"18":1},"f":{"0":2,"1":7},"b":{"0":[1,1],"1":[2,2],"2":[1,5],"3":[1,4],"4":[2,2]},"_coverageSchema":"332fd63041d2c1bcb487cc26dd0d5f7d97098a6c","hash":"794dec9bb52fc19c4c2056cd1aa8c1038f8dcf90","contentHash":"6bc1064f5e650abe0dd88414b62e4d1d_11.3.0"},"C:\\Users\\Abaniwo\\Desktop\\More-Recipes\\server\\middleware\\canUpvote.js":{"path":"C:\\Users\\Abaniwo\\Desktop\\More-Recipes\\server\\middleware\\canUpvote.js","statementMap":{"0":{"start":{"line":3,"column":0},"end":{"line":5,"column":3}},"1":{"start":{"line":7,"column":13},"end":{"line":7,"column":48}},"2":{"start":{"line":9,"column":14},"end":{"line":9,"column":44}},"3":{"start":{"line":11,"column":15},"end":{"line":11,"column":36}},"4":{"start":{"line":13,"column":16},"end":{"line":13,"column":48}},"5":{"start":{"line":15,"column":39},"end":{"line":15,"column":93}},"6":{"start":{"line":17,"column":0},"end":{"line":42,"column":2}},"7":{"start":{"line":18,"column":2},"end":{"line":41,"column":3}},"8":{"start":{"line":19,"column":17},"end":{"line":19,"column":75}},"9":{"start":{"line":21,"column":4},"end":{"line":23,"column":5}},"10":{"start":{"line":22,"column":6},"end":{"line":22,"column":88}},"11":{"start":{"line":25,"column":4},"end":{"line":27,"column":5}},"12":{"start":{"line":26,"column":6},"end":{"line":26,"column":84}},"13":{"start":{"line":29,"column":16},"end":{"line":29,"column":85}},"14":{"start":{"line":31,"column":19},"end":{"line":31,"column":64}},"15":{"start":{"line":33,"column":4},"end":{"line":35,"column":5}},"16":{"start":{"line":34,"column":6},"end":{"line":34,"column":31}},"17":{"start":{"line":38,"column":4},"end":{"line":38,"column":11}},"18":{"start":{"line":40,"column":4},"end":{"line":40,"column":85}}},"fnMap":{"0":{"name":"_interopRequireDefault","decl":{"start":{"line":15,"column":9},"end":{"line":15,"column":31}},"loc":{"start":{"line":15,"column":37},"end":{"line":15,"column":95}},"line":15},"1":{"name":"(anonymous_1)","decl":{"start":{"line":17,"column":18},"end":{"line":17,"column":19}},"loc":{"start":{"line":17,"column":50},"end":{"line":42,"column":1}},"line":17}},"branchMap":{"0":{"loc":{"start":{"line":15,"column":46},"end":{"line":15,"column":92}},"type":"cond-expr","locations":[{"start":{"line":15,"column":70},"end":{"line":15,"column":73}},{"start":{"line":15,"column":76},"end":{"line":15,"column":92}}],"line":15},"1":{"loc":{"start":{"line":15,"column":46},"end":{"line":15,"column":67}},"type":"binary-expr","locations":[{"start":{"line":15,"column":46},"end":{"line":15,"column":49}},{"start":{"line":15,"column":53},"end":{"line":15,"column":67}}],"line":15},"2":{"loc":{"start":{"line":21,"column":4},"end":{"line":23,"column":5}},"type":"if","locations":[{"start":{"line":21,"column":4},"end":{"line":23,"column":5}},{"start":{"line":21,"column":4},"end":{"line":23,"column":5}}],"line":21},"3":{"loc":{"start":{"line":25,"column":4},"end":{"line":27,"column":5}},"type":"if","locations":[{"start":{"line":25,"column":4},"end":{"line":27,"column":5}},{"start":{"line":25,"column":4},"end":{"line":27,"column":5}}],"line":25},"4":{"loc":{"start":{"line":33,"column":4},"end":{"line":35,"column":5}},"type":"if","locations":[{"start":{"line":33,"column":4},"end":{"line":35,"column":5}},{"start":{"line":33,"column":4},"end":{"line":35,"column":5}}],"line":33}},"s":{"0":1,"1":1,"2":1,"3":1,"4":1,"5":2,"6":1,"7":7,"8":7,"9":6,"10":1,"11":5,"12":1,"13":4,"14":4,"15":4,"16":2,"17":4,"18":1},"f":{"0":2,"1":7},"b":{"0":[1,1],"1":[2,2],"2":[1,5],"3":[1,4],"4":[2,2]},"_coverageSchema":"332fd63041d2c1bcb487cc26dd0d5f7d97098a6c","hash":"460c64b313f72b6498576559114ccbfbfa6c151a","contentHash":"197ea4f402e783f92a17cd67e2b5c3aa_11.3.0"},"C:\\Users\\Abaniwo\\Desktop\\More-Recipes\\server\\middleware\\canFavorite.js":{"path":"C:\\Users\\Abaniwo\\Desktop\\More-Recipes\\server\\middleware\\canFavorite.js","statementMap":{"0":{"start":{"line":3,"column":0},"end":{"line":5,"column":3}},"1":{"start":{"line":7,"column":13},"end":{"line":7,"column":48}},"2":{"start":{"line":9,"column":14},"end":{"line":9,"column":44}},"3":{"start":{"line":11,"column":15},"end":{"line":11,"column":36}},"4":{"start":{"line":13,"column":16},"end":{"line":13,"column":48}},"5":{"start":{"line":15,"column":39},"end":{"line":15,"column":93}},"6":{"start":{"line":17,"column":0},"end":{"line":33,"column":2}},"7":{"start":{"line":18,"column":2},"end":{"line":32,"column":3}},"8":{"start":{"line":19,"column":17},"end":{"line":19,"column":75}},"9":{"start":{"line":21,"column":4},"end":{"line":23,"column":5}},"10":{"start":{"line":22,"column":6},"end":{"line":22,"column":88}},"11":{"start":{"line":25,"column":4},"end":{"line":27,"column":5}},"12":{"start":{"line":26,"column":6},"end":{"line":26,"column":84}},"13":{"start":{"line":28,"column":4},"end":{"line":28,"column":32}},"14":{"start":{"line":29,"column":4},"end":{"line":29,"column":11}},"15":{"start":{"line":31,"column":4},"end":{"line":31,"column":85}}},"fnMap":{"0":{"name":"_interopRequireDefault","decl":{"start":{"line":15,"column":9},"end":{"line":15,"column":31}},"loc":{"start":{"line":15,"column":37},"end":{"line":15,"column":95}},"line":15},"1":{"name":"(anonymous_1)","decl":{"start":{"line":17,"column":18},"end":{"line":17,"column":19}},"loc":{"start":{"line":17,"column":50},"end":{"line":33,"column":1}},"line":17}},"branchMap":{"0":{"loc":{"start":{"line":15,"column":46},"end":{"line":15,"column":92}},"type":"cond-expr","locations":[{"start":{"line":15,"column":70},"end":{"line":15,"column":73}},{"start":{"line":15,"column":76},"end":{"line":15,"column":92}}],"line":15},"1":{"loc":{"start":{"line":15,"column":46},"end":{"line":15,"column":67}},"type":"binary-expr","locations":[{"start":{"line":15,"column":46},"end":{"line":15,"column":49}},{"start":{"line":15,"column":53},"end":{"line":15,"column":67}}],"line":15},"2":{"loc":{"start":{"line":21,"column":4},"end":{"line":23,"column":5}},"type":"if","locations":[{"start":{"line":21,"column":4},"end":{"line":23,"column":5}},{"start":{"line":21,"column":4},"end":{"line":23,"column":5}}],"line":21},"3":{"loc":{"start":{"line":25,"column":4},"end":{"line":27,"column":5}},"type":"if","locations":[{"start":{"line":25,"column":4},"end":{"line":27,"column":5}},{"start":{"line":25,"column":4},"end":{"line":27,"column":5}}],"line":25}},"s":{"0":1,"1":1,"2":1,"3":1,"4":1,"5":2,"6":1,"7":5,"8":5,"9":4,"10":1,"11":3,"12":1,"13":2,"14":2,"15":1},"f":{"0":2,"1":5},"b":{"0":[1,1],"1":[2,2],"2":[1,3],"3":[1,2]},"_coverageSchema":"332fd63041d2c1bcb487cc26dd0d5f7d97098a6c","hash":"2565cc443a391b2668f04fe2829bdd38b677e2a9","contentHash":"349e1cbda13fd2d45d3624cc5bf4cfec_11.3.0"}}