{"/Users/andeladeveloper/Documents/More-Recipes/server/tests/controllers/downvotes.spec.js":{"path":"/Users/andeladeveloper/Documents/More-Recipes/server/tests/controllers/downvotes.spec.js","statementMap":{"0":{"start":{"line":3,"column":12},"end":{"line":3,"column":27}},"1":{"start":{"line":5,"column":13},"end":{"line":5,"column":42}},"2":{"start":{"line":7,"column":16},"end":{"line":7,"column":36}},"3":{"start":{"line":9,"column":17},"end":{"line":9,"column":50}},"4":{"start":{"line":11,"column":11},"end":{"line":11,"column":31}},"5":{"start":{"line":13,"column":12},"end":{"line":13,"column":40}},"6":{"start":{"line":15,"column":16},"end":{"line":15,"column":38}},"7":{"start":{"line":17,"column":17},"end":{"line":17,"column":50}},"8":{"start":{"line":19,"column":39},"end":{"line":19,"column":93}},"9":{"start":{"line":22,"column":13},"end":{"line":22,"column":34}},"10":{"start":{"line":23,"column":17},"end":{"line":23,"column":23}},"11":{"start":{"line":24,"column":17},"end":{"line":24,"column":23}},"12":{"start":{"line":25,"column":17},"end":{"line":25,"column":23}},"13":{"start":{"line":26,"column":12},"end":{"line":26,"column":18}},"14":{"start":{"line":27,"column":12},"end":{"line":27,"column":18}},"15":{"start":{"line":28,"column":12},"end":{"line":28,"column":18}},"16":{"start":{"line":29,"column":18},"end":{"line":29,"column":48}},"17":{"start":{"line":30,"column":18},"end":{"line":30,"column":48}},"18":{"start":{"line":31,"column":18},"end":{"line":31,"column":48}},"19":{"start":{"line":32,"column":14},"end":{"line":32,"column":40}},"20":{"start":{"line":33,"column":19},"end":{"line":33,"column":50}},"21":{"start":{"line":36,"column":0},"end":{"line":36,"column":39}},"22":{"start":{"line":38,"column":0},"end":{"line":110,"column":3}},"23":{"start":{"line":40,"column":2},"end":{"line":109,"column":5}},"24":{"start":{"line":42,"column":4},"end":{"line":56,"column":7}},"25":{"start":{"line":43,"column":6},"end":{"line":46,"column":9}},"26":{"start":{"line":44,"column":8},"end":{"line":44,"column":41}},"27":{"start":{"line":45,"column":8},"end":{"line":45,"column":43}},"28":{"start":{"line":47,"column":6},"end":{"line":50,"column":9}},"29":{"start":{"line":48,"column":8},"end":{"line":48,"column":41}},"30":{"start":{"line":49,"column":8},"end":{"line":49,"column":43}},"31":{"start":{"line":51,"column":6},"end":{"line":55,"column":9}},"32":{"start":{"line":52,"column":8},"end":{"line":52,"column":41}},"33":{"start":{"line":53,"column":8},"end":{"line":53,"column":43}},"34":{"start":{"line":54,"column":8},"end":{"line":54,"column":15}},"35":{"start":{"line":58,"column":4},"end":{"line":64,"column":7}},"36":{"start":{"line":59,"column":6},"end":{"line":63,"column":9}},"37":{"start":{"line":60,"column":8},"end":{"line":60,"column":45}},"38":{"start":{"line":61,"column":8},"end":{"line":61,"column":80}},"39":{"start":{"line":62,"column":8},"end":{"line":62,"column":15}},"40":{"start":{"line":65,"column":4},"end":{"line":71,"column":7}},"41":{"start":{"line":66,"column":6},"end":{"line":70,"column":9}},"42":{"start":{"line":67,"column":8},"end":{"line":67,"column":45}},"43":{"start":{"line":68,"column":8},"end":{"line":68,"column":80}},"44":{"start":{"line":69,"column":8},"end":{"line":69,"column":15}},"45":{"start":{"line":72,"column":4},"end":{"line":80,"column":7}},"46":{"start":{"line":73,"column":6},"end":{"line":79,"column":9}},"47":{"start":{"line":74,"column":8},"end":{"line":78,"column":11}},"48":{"start":{"line":75,"column":10},"end":{"line":75,"column":47}},"49":{"start":{"line":76,"column":10},"end":{"line":76,"column":99}},"50":{"start":{"line":77,"column":10},"end":{"line":77,"column":17}},"51":{"start":{"line":81,"column":4},"end":{"line":87,"column":7}},"52":{"start":{"line":82,"column":6},"end":{"line":86,"column":9}},"53":{"start":{"line":83,"column":8},"end":{"line":83,"column":45}},"54":{"start":{"line":84,"column":8},"end":{"line":84,"column":72}},"55":{"start":{"line":85,"column":8},"end":{"line":85,"column":15}},"56":{"start":{"line":88,"column":4},"end":{"line":94,"column":7}},"57":{"start":{"line":89,"column":6},"end":{"line":93,"column":9}},"58":{"start":{"line":90,"column":8},"end":{"line":90,"column":45}},"59":{"start":{"line":91,"column":8},"end":{"line":91,"column":68}},"60":{"start":{"line":92,"column":8},"end":{"line":92,"column":15}},"61":{"start":{"line":95,"column":4},"end":{"line":101,"column":7}},"62":{"start":{"line":96,"column":6},"end":{"line":100,"column":9}},"63":{"start":{"line":97,"column":8},"end":{"line":97,"column":45}},"64":{"start":{"line":98,"column":8},"end":{"line":98,"column":67}},"65":{"start":{"line":99,"column":8},"end":{"line":99,"column":15}},"66":{"start":{"line":102,"column":4},"end":{"line":108,"column":7}},"67":{"start":{"line":103,"column":6},"end":{"line":107,"column":9}},"68":{"start":{"line":104,"column":8},"end":{"line":104,"column":45}},"69":{"start":{"line":105,"column":8},"end":{"line":105,"column":64}},"70":{"start":{"line":106,"column":8},"end":{"line":106,"column":15}}},"fnMap":{"0":{"name":"_interopRequireDefault","decl":{"start":{"line":19,"column":9},"end":{"line":19,"column":31}},"loc":{"start":{"line":19,"column":37},"end":{"line":19,"column":95}},"line":19},"1":{"name":"(anonymous_1)","decl":{"start":{"line":38,"column":33},"end":{"line":38,"column":34}},"loc":{"start":{"line":38,"column":45},"end":{"line":110,"column":1}},"line":38},"2":{"name":"(anonymous_2)","decl":{"start":{"line":40,"column":27},"end":{"line":40,"column":28}},"loc":{"start":{"line":40,"column":39},"end":{"line":109,"column":3}},"line":40},"3":{"name":"(anonymous_3)","decl":{"start":{"line":42,"column":11},"end":{"line":42,"column":12}},"loc":{"start":{"line":42,"column":27},"end":{"line":56,"column":5}},"line":42},"4":{"name":"(anonymous_4)","decl":{"start":{"line":43,"column":95},"end":{"line":43,"column":96}},"loc":{"start":{"line":43,"column":122},"end":{"line":46,"column":7}},"line":43},"5":{"name":"(anonymous_5)","decl":{"start":{"line":47,"column":95},"end":{"line":47,"column":96}},"loc":{"start":{"line":47,"column":122},"end":{"line":50,"column":7}},"line":47},"6":{"name":"(anonymous_6)","decl":{"start":{"line":51,"column":95},"end":{"line":51,"column":96}},"loc":{"start":{"line":51,"column":122},"end":{"line":55,"column":7}},"line":51},"7":{"name":"(anonymous_7)","decl":{"start":{"line":58,"column":76},"end":{"line":58,"column":77}},"loc":{"start":{"line":58,"column":92},"end":{"line":64,"column":5}},"line":58},"8":{"name":"(anonymous_8)","decl":{"start":{"line":59,"column":108},"end":{"line":59,"column":109}},"loc":{"start":{"line":59,"column":135},"end":{"line":63,"column":7}},"line":59},"9":{"name":"(anonymous_9)","decl":{"start":{"line":65,"column":95},"end":{"line":65,"column":96}},"loc":{"start":{"line":65,"column":111},"end":{"line":71,"column":5}},"line":65},"10":{"name":"(anonymous_10)","decl":{"start":{"line":66,"column":108},"end":{"line":66,"column":109}},"loc":{"start":{"line":66,"column":135},"end":{"line":70,"column":7}},"line":66},"11":{"name":"(anonymous_11)","decl":{"start":{"line":72,"column":104},"end":{"line":72,"column":105}},"loc":{"start":{"line":72,"column":120},"end":{"line":80,"column":5}},"line":72},"12":{"name":"(anonymous_12)","decl":{"start":{"line":73,"column":108},"end":{"line":73,"column":109}},"loc":{"start":{"line":73,"column":135},"end":{"line":79,"column":7}},"line":73},"13":{"name":"(anonymous_13)","decl":{"start":{"line":74,"column":110},"end":{"line":74,"column":111}},"loc":{"start":{"line":74,"column":137},"end":{"line":78,"column":9}},"line":74},"14":{"name":"(anonymous_14)","decl":{"start":{"line":81,"column":83},"end":{"line":81,"column":84}},"loc":{"start":{"line":81,"column":99},"end":{"line":87,"column":5}},"line":81},"15":{"name":"(anonymous_15)","decl":{"start":{"line":82,"column":83},"end":{"line":82,"column":84}},"loc":{"start":{"line":82,"column":110},"end":{"line":86,"column":7}},"line":82},"16":{"name":"(anonymous_16)","decl":{"start":{"line":88,"column":101},"end":{"line":88,"column":102}},"loc":{"start":{"line":88,"column":117},"end":{"line":94,"column":5}},"line":88},"17":{"name":"(anonymous_17)","decl":{"start":{"line":89,"column":109},"end":{"line":89,"column":110}},"loc":{"start":{"line":89,"column":136},"end":{"line":93,"column":7}},"line":89},"18":{"name":"(anonymous_18)","decl":{"start":{"line":95,"column":106},"end":{"line":95,"column":107}},"loc":{"start":{"line":95,"column":122},"end":{"line":101,"column":5}},"line":95},"19":{"name":"(anonymous_19)","decl":{"start":{"line":96,"column":113},"end":{"line":96,"column":114}},"loc":{"start":{"line":96,"column":140},"end":{"line":100,"column":7}},"line":96},"20":{"name":"(anonymous_20)","decl":{"start":{"line":102,"column":90},"end":{"line":102,"column":91}},"loc":{"start":{"line":102,"column":106},"end":{"line":108,"column":5}},"line":102},"21":{"name":"(anonymous_21)","decl":{"start":{"line":103,"column":108},"end":{"line":103,"column":109}},"loc":{"start":{"line":103,"column":135},"end":{"line":107,"column":7}},"line":103}},"branchMap":{"0":{"loc":{"start":{"line":19,"column":46},"end":{"line":19,"column":92}},"type":"cond-expr","locations":[{"start":{"line":19,"column":70},"end":{"line":19,"column":73}},{"start":{"line":19,"column":76},"end":{"line":19,"column":92}}],"line":19},"1":{"loc":{"start":{"line":19,"column":46},"end":{"line":19,"column":67}},"type":"binary-expr","locations":[{"start":{"line":19,"column":46},"end":{"line":19,"column":49}},{"start":{"line":19,"column":53},"end":{"line":19,"column":67}}],"line":19}},"s":{"0":1,"1":1,"2":1,"3":1,"4":1,"5":1,"6":1,"7":1,"8":4,"9":1,"10":1,"11":1,"12":1,"13":1,"14":1,"15":1,"16":1,"17":1,"18":1,"19":1,"20":1,"21":1,"22":1,"23":1,"24":1,"25":1,"26":1,"27":1,"28":1,"29":1,"30":1,"31":1,"32":1,"33":1,"34":1,"35":1,"36":1,"37":1,"38":1,"39":1,"40":1,"41":1,"42":1,"43":1,"44":1,"45":1,"46":1,"47":1,"48":1,"49":1,"50":1,"51":1,"52":1,"53":1,"54":1,"55":1,"56":1,"57":1,"58":1,"59":1,"60":1,"61":1,"62":1,"63":1,"64":1,"65":1,"66":1,"67":1,"68":1,"69":1,"70":1},"f":{"0":4,"1":1,"2":1,"3":1,"4":1,"5":1,"6":1,"7":1,"8":1,"9":1,"10":1,"11":1,"12":1,"13":1,"14":1,"15":1,"16":1,"17":1,"18":1,"19":1,"20":1,"21":1},"b":{"0":[2,2],"1":[4,4]},"_coverageSchema":"332fd63041d2c1bcb487cc26dd0d5f7d97098a6c","hash":"52237348f61c6e95fd0b17bdd1a05de09aa1e6d7","contentHash":"575034d1c8836c03561808a36b090f09_11.3.0"},"/Users/andeladeveloper/Documents/More-Recipes/server/app.js":{"path":"/Users/andeladeveloper/Documents/More-Recipes/server/app.js","statementMap":{"0":{"start":{"line":3,"column":0},"end":{"line":5,"column":3}},"1":{"start":{"line":7,"column":15},"end":{"line":7,"column":33}},"2":{"start":{"line":9,"column":16},"end":{"line":9,"column":48}},"3":{"start":{"line":11,"column":12},"end":{"line":11,"column":27}},"4":{"start":{"line":13,"column":13},"end":{"line":13,"column":42}},"5":{"start":{"line":15,"column":14},"end":{"line":15,"column":31}},"6":{"start":{"line":17,"column":15},"end":{"line":17,"column":46}},"7":{"start":{"line":19,"column":18},"end":{"line":19,"column":40}},"8":{"start":{"line":21,"column":19},"end":{"line":21,"column":54}},"9":{"start":{"line":23,"column":14},"end":{"line":23,"column":33}},"10":{"start":{"line":25,"column":15},"end":{"line":25,"column":46}},"11":{"start":{"line":27,"column":14},"end":{"line":27,"column":40}},"12":{"start":{"line":29,"column":15},"end":{"line":29,"column":46}},"13":{"start":{"line":31,"column":39},"end":{"line":31,"column":93}},"14":{"start":{"line":34,"column":10},"end":{"line":34,"column":34}},"15":{"start":{"line":37,"column":0},"end":{"line":37,"column":38}},"16":{"start":{"line":40,"column":0},"end":{"line":40,"column":31}},"17":{"start":{"line":43,"column":0},"end":{"line":43,"column":37}},"18":{"start":{"line":44,"column":0},"end":{"line":44,"column":62}},"19":{"start":{"line":48,"column":0},"end":{"line":48,"column":37}},"20":{"start":{"line":52,"column":0},"end":{"line":54,"column":3}},"21":{"start":{"line":53,"column":2},"end":{"line":53,"column":31}},"22":{"start":{"line":56,"column":0},"end":{"line":60,"column":3}},"23":{"start":{"line":57,"column":2},"end":{"line":59,"column":5}},"24":{"start":{"line":58,"column":4},"end":{"line":58,"column":37}},"25":{"start":{"line":62,"column":0},"end":{"line":62,"column":22}}},"fnMap":{"0":{"name":"_interopRequireDefault","decl":{"start":{"line":31,"column":9},"end":{"line":31,"column":31}},"loc":{"start":{"line":31,"column":37},"end":{"line":31,"column":95}},"line":31},"1":{"name":"(anonymous_1)","decl":{"start":{"line":52,"column":8},"end":{"line":52,"column":9}},"loc":{"start":{"line":52,"column":28},"end":{"line":54,"column":1}},"line":52},"2":{"name":"(anonymous_2)","decl":{"start":{"line":56,"column":39},"end":{"line":56,"column":40}},"loc":{"start":{"line":56,"column":51},"end":{"line":60,"column":1}},"line":56},"3":{"name":"(anonymous_3)","decl":{"start":{"line":57,"column":19},"end":{"line":57,"column":20}},"loc":{"start":{"line":57,"column":31},"end":{"line":59,"column":3}},"line":57}},"branchMap":{"0":{"loc":{"start":{"line":31,"column":46},"end":{"line":31,"column":92}},"type":"cond-expr","locations":[{"start":{"line":31,"column":70},"end":{"line":31,"column":73}},{"start":{"line":31,"column":76},"end":{"line":31,"column":92}}],"line":31},"1":{"loc":{"start":{"line":31,"column":46},"end":{"line":31,"column":67}},"type":"binary-expr","locations":[{"start":{"line":31,"column":46},"end":{"line":31,"column":49}},{"start":{"line":31,"column":53},"end":{"line":31,"column":67}}],"line":31}},"s":{"0":1,"1":1,"2":1,"3":1,"4":1,"5":1,"6":1,"7":1,"8":1,"9":1,"10":1,"11":1,"12":1,"13":6,"14":1,"15":1,"16":1,"17":1,"18":1,"19":1,"20":1,"21":1,"22":1,"23":1,"24":1,"25":1},"f":{"0":6,"1":1,"2":1,"3":1},"b":{"0":[1,5],"1":[6,6]},"_coverageSchema":"332fd63041d2c1bcb487cc26dd0d5f7d97098a6c","hash":"5757c7da05799bb48cc0a7db83b69d52f747c7ea","contentHash":"3a3b0109b7a7944d97ac19f742c33b21_11.3.0"},"/Users/andeladeveloper/Documents/More-Recipes/server/models/index.js":{"path":"/Users/andeladeveloper/Documents/More-Recipes/server/models/index.js","statementMap":{"0":{"start":{"line":3,"column":12},"end":{"line":3,"column":56}},"1":{"start":{"line":5,"column":13},"end":{"line":5,"column":42}},"2":{"start":{"line":7,"column":39},"end":{"line":7,"column":93}},"3":{"start":{"line":9,"column":9},"end":{"line":9,"column":22}},"4":{"start":{"line":10,"column":11},"end":{"line":10,"column":26}},"5":{"start":{"line":11,"column":16},"end":{"line":11,"column":36}},"6":{"start":{"line":13,"column":15},"end":{"line":13,"column":40}},"7":{"start":{"line":14,"column":10},"end":{"line":14,"column":47}},"8":{"start":{"line":15,"column":13},"end":{"line":15,"column":50}},"9":{"start":{"line":17,"column":9},"end":{"line":17,"column":11}},"10":{"start":{"line":19,"column":16},"end":{"line":19,"column":88}},"11":{"start":{"line":21,"column":0},"end":{"line":26,"column":3}},"12":{"start":{"line":22,"column":2},"end":{"line":22,"column":82}},"13":{"start":{"line":24,"column":14},"end":{"line":24,"column":58}},"14":{"start":{"line":25,"column":2},"end":{"line":25,"column":25}},"15":{"start":{"line":28,"column":0},"end":{"line":32,"column":3}},"16":{"start":{"line":29,"column":2},"end":{"line":31,"column":3}},"17":{"start":{"line":30,"column":4},"end":{"line":30,"column":32}},"18":{"start":{"line":34,"column":0},"end":{"line":34,"column":25}},"19":{"start":{"line":35,"column":0},"end":{"line":35,"column":25}},"20":{"start":{"line":37,"column":0},"end":{"line":37,"column":20}}},"fnMap":{"0":{"name":"_interopRequireDefault","decl":{"start":{"line":7,"column":9},"end":{"line":7,"column":31}},"loc":{"start":{"line":7,"column":37},"end":{"line":7,"column":95}},"line":7},"1":{"name":"(anonymous_1)","decl":{"start":{"line":21,"column":33},"end":{"line":21,"column":34}},"loc":{"start":{"line":21,"column":49},"end":{"line":23,"column":1}},"line":21},"2":{"name":"(anonymous_2)","decl":{"start":{"line":23,"column":11},"end":{"line":23,"column":12}},"loc":{"start":{"line":23,"column":27},"end":{"line":26,"column":1}},"line":23},"3":{"name":"(anonymous_3)","decl":{"start":{"line":28,"column":32},"end":{"line":28,"column":33}},"loc":{"start":{"line":28,"column":53},"end":{"line":32,"column":1}},"line":28}},"branchMap":{"0":{"loc":{"start":{"line":7,"column":46},"end":{"line":7,"column":92}},"type":"cond-expr","locations":[{"start":{"line":7,"column":70},"end":{"line":7,"column":73}},{"start":{"line":7,"column":76},"end":{"line":7,"column":92}}],"line":7},"1":{"loc":{"start":{"line":7,"column":46},"end":{"line":7,"column":67}},"type":"binary-expr","locations":[{"start":{"line":7,"column":46},"end":{"line":7,"column":49}},{"start":{"line":7,"column":53},"end":{"line":7,"column":67}}],"line":7},"2":{"loc":{"start":{"line":14,"column":10},"end":{"line":14,"column":47}},"type":"binary-expr","locations":[{"start":{"line":14,"column":10},"end":{"line":14,"column":30}},{"start":{"line":14,"column":34},"end":{"line":14,"column":47}}],"line":14},"3":{"loc":{"start":{"line":22,"column":9},"end":{"line":22,"column":81}},"type":"binary-expr","locations":[{"start":{"line":22,"column":9},"end":{"line":22,"column":32}},{"start":{"line":22,"column":36},"end":{"line":22,"column":53}},{"start":{"line":22,"column":57},"end":{"line":22,"column":81}}],"line":22},"4":{"loc":{"start":{"line":29,"column":2},"end":{"line":31,"column":3}},"type":"if","locations":[{"start":{"line":29,"column":2},"end":{"line":31,"column":3}},{"start":{"line":29,"column":2},"end":{"line":31,"column":3}}],"line":29}},"s":{"0":1,"1":1,"2":1,"3":1,"4":1,"5":1,"6":1,"7":1,"8":1,"9":1,"10":1,"11":1,"12":7,"13":6,"14":6,"15":1,"16":6,"17":2,"18":1,"19":1,"20":1},"f":{"0":1,"1":7,"2":6,"3":6},"b":{"0":[1,0],"1":[1,1],"2":[1,0],"3":[7,7,6],"4":[2,4]},"_coverageSchema":"332fd63041d2c1bcb487cc26dd0d5f7d97098a6c","hash":"6d14eb051f913fe6dd01e1efd171358f8016f00f","contentHash":"47b20ae11a4c3e57153366bdda0513e3_11.3.0"},"/Users/andeladeveloper/Documents/More-Recipes/server/config/config.js":{"path":"/Users/andeladeveloper/Documents/More-Recipes/server/config/config.js","statementMap":{"0":{"start":{"line":3,"column":0},"end":{"line":3,"column":27}},"1":{"start":{"line":5,"column":0},"end":{"line":28,"column":2}}},"fnMap":{},"branchMap":{},"s":{"0":1,"1":1},"f":{},"b":{},"_coverageSchema":"332fd63041d2c1bcb487cc26dd0d5f7d97098a6c","hash":"66e0a5909c856aa2669277d4690b0e4d0e56fe88","contentHash":"791dde0f0003e2a1286a565ec2191dbb_11.3.0"},"/Users/andeladeveloper/Documents/More-Recipes/server/models/downvote.js":{"path":"/Users/andeladeveloper/Documents/More-Recipes/server/models/downvote.js","statementMap":{"0":{"start":{"line":3,"column":0},"end":{"line":35,"column":2}},"1":{"start":{"line":4,"column":17},"end":{"line":33,"column":4}},"2":{"start":{"line":25,"column":8},"end":{"line":27,"column":11}},"3":{"start":{"line":28,"column":8},"end":{"line":30,"column":11}},"4":{"start":{"line":34,"column":2},"end":{"line":34,"column":18}}},"fnMap":{"0":{"name":"(anonymous_0)","decl":{"start":{"line":3,"column":17},"end":{"line":3,"column":18}},"loc":{"start":{"line":3,"column":49},"end":{"line":35,"column":1}},"line":3},"1":{"name":"associate","decl":{"start":{"line":24,"column":26},"end":{"line":24,"column":35}},"loc":{"start":{"line":24,"column":44},"end":{"line":31,"column":7}},"line":24}},"branchMap":{},"s":{"0":1,"1":1,"2":0,"3":0,"4":1},"f":{"0":1,"1":0},"b":{},"_coverageSchema":"332fd63041d2c1bcb487cc26dd0d5f7d97098a6c","hash":"6c6e9e9b1f3f9ca0d70cc1009da42521488e9e5c","contentHash":"2f02dacba6bd9054f66cebd99390cddc_11.3.0"},"/Users/andeladeveloper/Documents/More-Recipes/server/models/favorite.js":{"path":"/Users/andeladeveloper/Documents/More-Recipes/server/models/favorite.js","statementMap":{"0":{"start":{"line":3,"column":0},"end":{"line":35,"column":2}},"1":{"start":{"line":4,"column":17},"end":{"line":33,"column":4}},"2":{"start":{"line":25,"column":8},"end":{"line":27,"column":11}},"3":{"start":{"line":28,"column":8},"end":{"line":30,"column":11}},"4":{"start":{"line":34,"column":2},"end":{"line":34,"column":18}}},"fnMap":{"0":{"name":"(anonymous_0)","decl":{"start":{"line":3,"column":17},"end":{"line":3,"column":18}},"loc":{"start":{"line":3,"column":49},"end":{"line":35,"column":1}},"line":3},"1":{"name":"associate","decl":{"start":{"line":24,"column":26},"end":{"line":24,"column":35}},"loc":{"start":{"line":24,"column":44},"end":{"line":31,"column":7}},"line":24}},"branchMap":{},"s":{"0":1,"1":1,"2":0,"3":0,"4":1},"f":{"0":1,"1":0},"b":{},"_coverageSchema":"332fd63041d2c1bcb487cc26dd0d5f7d97098a6c","hash":"062a0c3d10306e65d1a233867c51f9ae1fefac57","contentHash":"3287620bb9b7823c715d4addd1efbd05_11.3.0"},"/Users/andeladeveloper/Documents/More-Recipes/server/models/recipe.js":{"path":"/Users/andeladeveloper/Documents/More-Recipes/server/models/recipe.js","statementMap":{"0":{"start":{"line":3,"column":0},"end":{"line":40,"column":2}},"1":{"start":{"line":4,"column":15},"end":{"line":20,"column":4}},"2":{"start":{"line":22,"column":2},"end":{"line":38,"column":4}},"3":{"start":{"line":23,"column":4},"end":{"line":25,"column":7}},"4":{"start":{"line":26,"column":4},"end":{"line":28,"column":7}},"5":{"start":{"line":29,"column":4},"end":{"line":31,"column":7}},"6":{"start":{"line":32,"column":4},"end":{"line":34,"column":7}},"7":{"start":{"line":35,"column":4},"end":{"line":37,"column":7}},"8":{"start":{"line":39,"column":2},"end":{"line":39,"column":16}}},"fnMap":{"0":{"name":"(anonymous_0)","decl":{"start":{"line":3,"column":17},"end":{"line":3,"column":18}},"loc":{"start":{"line":3,"column":49},"end":{"line":40,"column":1}},"line":3},"1":{"name":"(anonymous_1)","decl":{"start":{"line":22,"column":21},"end":{"line":22,"column":22}},"loc":{"start":{"line":22,"column":39},"end":{"line":38,"column":3}},"line":22}},"branchMap":{},"s":{"0":1,"1":1,"2":1,"3":1,"4":1,"5":1,"6":1,"7":1,"8":1},"f":{"0":1,"1":1},"b":{},"_coverageSchema":"332fd63041d2c1bcb487cc26dd0d5f7d97098a6c","hash":"e9e5f6d82fee27ddecb98f7b5d711ceb82e380a1","contentHash":"533dbb811028cb8cb73f0ec58e4f4bbe_11.3.0"},"/Users/andeladeveloper/Documents/More-Recipes/server/models/review.js":{"path":"/Users/andeladeveloper/Documents/More-Recipes/server/models/review.js","statementMap":{"0":{"start":{"line":3,"column":0},"end":{"line":36,"column":2}},"1":{"start":{"line":4,"column":15},"end":{"line":34,"column":4}},"2":{"start":{"line":26,"column":8},"end":{"line":28,"column":11}},"3":{"start":{"line":29,"column":8},"end":{"line":31,"column":11}},"4":{"start":{"line":35,"column":2},"end":{"line":35,"column":16}}},"fnMap":{"0":{"name":"(anonymous_0)","decl":{"start":{"line":3,"column":17},"end":{"line":3,"column":18}},"loc":{"start":{"line":3,"column":49},"end":{"line":36,"column":1}},"line":3},"1":{"name":"associate","decl":{"start":{"line":25,"column":26},"end":{"line":25,"column":35}},"loc":{"start":{"line":25,"column":44},"end":{"line":32,"column":7}},"line":25}},"branchMap":{},"s":{"0":1,"1":1,"2":0,"3":0,"4":1},"f":{"0":1,"1":0},"b":{},"_coverageSchema":"332fd63041d2c1bcb487cc26dd0d5f7d97098a6c","hash":"389675dd9a88109bdb2812379fbe5f259a28af9e","contentHash":"8a1184f2ca6fbcee3588e81f9faa9745_11.3.0"},"/Users/andeladeveloper/Documents/More-Recipes/server/models/upvote.js":{"path":"/Users/andeladeveloper/Documents/More-Recipes/server/models/upvote.js","statementMap":{"0":{"start":{"line":3,"column":0},"end":{"line":35,"column":2}},"1":{"start":{"line":4,"column":15},"end":{"line":33,"column":4}},"2":{"start":{"line":25,"column":8},"end":{"line":27,"column":11}},"3":{"start":{"line":28,"column":8},"end":{"line":30,"column":11}},"4":{"start":{"line":34,"column":2},"end":{"line":34,"column":16}}},"fnMap":{"0":{"name":"(anonymous_0)","decl":{"start":{"line":3,"column":17},"end":{"line":3,"column":18}},"loc":{"start":{"line":3,"column":49},"end":{"line":35,"column":1}},"line":3},"1":{"name":"associate","decl":{"start":{"line":24,"column":26},"end":{"line":24,"column":35}},"loc":{"start":{"line":24,"column":44},"end":{"line":31,"column":7}},"line":24}},"branchMap":{},"s":{"0":1,"1":1,"2":0,"3":0,"4":1},"f":{"0":1,"1":0},"b":{},"_coverageSchema":"332fd63041d2c1bcb487cc26dd0d5f7d97098a6c","hash":"36386c759f1e72a24bf27d3e0b82776a8d19f7f2","contentHash":"33ab1809718a814152acb91f5d9e34b0_11.3.0"},"/Users/andeladeveloper/Documents/More-Recipes/server/models/user.js":{"path":"/Users/andeladeveloper/Documents/More-Recipes/server/models/user.js","statementMap":{"0":{"start":{"line":3,"column":0},"end":{"line":61,"column":2}},"1":{"start":{"line":4,"column":13},"end":{"line":40,"column":4}},"2":{"start":{"line":42,"column":2},"end":{"line":58,"column":4}},"3":{"start":{"line":43,"column":4},"end":{"line":45,"column":7}},"4":{"start":{"line":46,"column":4},"end":{"line":48,"column":7}},"5":{"start":{"line":49,"column":4},"end":{"line":51,"column":7}},"6":{"start":{"line":52,"column":4},"end":{"line":54,"column":7}},"7":{"start":{"line":55,"column":4},"end":{"line":57,"column":7}},"8":{"start":{"line":60,"column":2},"end":{"line":60,"column":14}}},"fnMap":{"0":{"name":"(anonymous_0)","decl":{"start":{"line":3,"column":17},"end":{"line":3,"column":18}},"loc":{"start":{"line":3,"column":49},"end":{"line":61,"column":1}},"line":3},"1":{"name":"(anonymous_1)","decl":{"start":{"line":42,"column":19},"end":{"line":42,"column":20}},"loc":{"start":{"line":42,"column":37},"end":{"line":58,"column":3}},"line":42}},"branchMap":{},"s":{"0":1,"1":1,"2":1,"3":1,"4":1,"5":1,"6":1,"7":1,"8":1},"f":{"0":1,"1":1},"b":{},"_coverageSchema":"332fd63041d2c1bcb487cc26dd0d5f7d97098a6c","hash":"3c288a9e0e9893033c0fb0a181b7732898d6de5f","contentHash":"d51e50a85f194d1907e813ec590f1165_11.3.0"},"/Users/andeladeveloper/Documents/More-Recipes/server/routes/routes.js":{"path":"/Users/andeladeveloper/Documents/More-Recipes/server/routes/routes.js","statementMap":{"0":{"start":{"line":3,"column":0},"end":{"line":5,"column":3}},"1":{"start":{"line":7,"column":15},"end":{"line":7,"column":33}},"2":{"start":{"line":9,"column":16},"end":{"line":9,"column":48}},"3":{"start":{"line":11,"column":15},"end":{"line":11,"column":35}},"4":{"start":{"line":13,"column":16},"end":{"line":13,"column":48}},"5":{"start":{"line":15,"column":13},"end":{"line":15,"column":31}},"6":{"start":{"line":17,"column":14},"end":{"line":17,"column":44}},"7":{"start":{"line":19,"column":15},"end":{"line":19,"column":35}},"8":{"start":{"line":21,"column":16},"end":{"line":21,"column":48}},"9":{"start":{"line":23,"column":13},"end":{"line":23,"column":31}},"10":{"start":{"line":25,"column":14},"end":{"line":25,"column":44}},"11":{"start":{"line":27,"column":17},"end":{"line":27,"column":39}},"12":{"start":{"line":29,"column":18},"end":{"line":29,"column":52}},"13":{"start":{"line":31,"column":18},"end":{"line":31,"column":41}},"14":{"start":{"line":33,"column":19},"end":{"line":33,"column":54}},"15":{"start":{"line":35,"column":39},"end":{"line":35,"column":93}},"16":{"start":{"line":37,"column":13},"end":{"line":37,"column":39}},"17":{"start":{"line":39,"column":0},"end":{"line":39,"column":42}},"18":{"start":{"line":40,"column":0},"end":{"line":40,"column":38}},"19":{"start":{"line":41,"column":0},"end":{"line":41,"column":42}},"20":{"start":{"line":42,"column":0},"end":{"line":42,"column":41}},"21":{"start":{"line":43,"column":0},"end":{"line":43,"column":46}},"22":{"start":{"line":44,"column":0},"end":{"line":44,"column":43}},"23":{"start":{"line":46,"column":0},"end":{"line":46,"column":25}}},"fnMap":{"0":{"name":"_interopRequireDefault","decl":{"start":{"line":35,"column":9},"end":{"line":35,"column":31}},"loc":{"start":{"line":35,"column":37},"end":{"line":35,"column":95}},"line":35}},"branchMap":{"0":{"loc":{"start":{"line":35,"column":46},"end":{"line":35,"column":92}},"type":"cond-expr","locations":[{"start":{"line":35,"column":70},"end":{"line":35,"column":73}},{"start":{"line":35,"column":76},"end":{"line":35,"column":92}}],"line":35},"1":{"loc":{"start":{"line":35,"column":46},"end":{"line":35,"column":67}},"type":"binary-expr","locations":[{"start":{"line":35,"column":46},"end":{"line":35,"column":49}},{"start":{"line":35,"column":53},"end":{"line":35,"column":67}}],"line":35}},"s":{"0":1,"1":1,"2":1,"3":1,"4":1,"5":1,"6":1,"7":1,"8":1,"9":1,"10":1,"11":1,"12":1,"13":1,"14":1,"15":7,"16":1,"17":1,"18":1,"19":1,"20":1,"21":1,"22":1,"23":1},"f":{"0":7},"b":{"0":[6,1],"1":[7,7]},"_coverageSchema":"332fd63041d2c1bcb487cc26dd0d5f7d97098a6c","hash":"e5929913e9944d28c009baca225d52353f3849a0","contentHash":"8a4c28813618a72092ce3341e53cd280_11.3.0"},"/Users/andeladeveloper/Documents/More-Recipes/server/routes/recipes.js":{"path":"/Users/andeladeveloper/Documents/More-Recipes/server/routes/recipes.js","statementMap":{"0":{"start":{"line":3,"column":0},"end":{"line":5,"column":3}},"1":{"start":{"line":7,"column":15},"end":{"line":7,"column":33}},"2":{"start":{"line":9,"column":16},"end":{"line":9,"column":48}},"3":{"start":{"line":11,"column":15},"end":{"line":11,"column":48}},"4":{"start":{"line":13,"column":16},"end":{"line":13,"column":48}},"5":{"start":{"line":15,"column":20},"end":{"line":15,"column":57}},"6":{"start":{"line":17,"column":21},"end":{"line":17,"column":58}},"7":{"start":{"line":19,"column":17},"end":{"line":19,"column":51}},"8":{"start":{"line":21,"column":18},"end":{"line":21,"column":52}},"9":{"start":{"line":23,"column":39},"end":{"line":23,"column":93}},"10":{"start":{"line":25,"column":13},"end":{"line":25,"column":39}},"11":{"start":{"line":27,"column":24},"end":{"line":27,"column":47}},"12":{"start":{"line":31,"column":0},"end":{"line":31,"column":52}},"13":{"start":{"line":35,"column":0},"end":{"line":35,"column":63}},"14":{"start":{"line":39,"column":0},"end":{"line":39,"column":77}},"15":{"start":{"line":43,"column":0},"end":{"line":43,"column":108}},"16":{"start":{"line":47,"column":0},"end":{"line":47,"column":111}},"17":{"start":{"line":49,"column":0},"end":{"line":49,"column":25}}},"fnMap":{"0":{"name":"_interopRequireDefault","decl":{"start":{"line":23,"column":9},"end":{"line":23,"column":31}},"loc":{"start":{"line":23,"column":37},"end":{"line":23,"column":95}},"line":23}},"branchMap":{"0":{"loc":{"start":{"line":23,"column":46},"end":{"line":23,"column":92}},"type":"cond-expr","locations":[{"start":{"line":23,"column":70},"end":{"line":23,"column":73}},{"start":{"line":23,"column":76},"end":{"line":23,"column":92}}],"line":23},"1":{"loc":{"start":{"line":23,"column":46},"end":{"line":23,"column":67}},"type":"binary-expr","locations":[{"start":{"line":23,"column":46},"end":{"line":23,"column":49}},{"start":{"line":23,"column":53},"end":{"line":23,"column":67}}],"line":23}},"s":{"0":1,"1":1,"2":1,"3":1,"4":1,"5":1,"6":1,"7":1,"8":1,"9":4,"10":1,"11":1,"12":1,"13":1,"14":1,"15":1,"16":1,"17":1},"f":{"0":4},"b":{"0":[3,1],"1":[4,4]},"_coverageSchema":"332fd63041d2c1bcb487cc26dd0d5f7d97098a6c","hash":"c602581b80f6e21e1a69b34787bbd1b2b6d0beac","contentHash":"35932d8aa8824b6c11c816c29b9ef0c6_11.3.0"},"/Users/andeladeveloper/Documents/More-Recipes/server/controllers/recipes.js":{"path":"/Users/andeladeveloper/Documents/More-Recipes/server/controllers/recipes.js","statementMap":{"0":{"start":{"line":3,"column":0},"end":{"line":5,"column":3}},"1":{"start":{"line":7,"column":23},"end":{"line":7,"column":70}},"2":{"start":{"line":9,"column":23},"end":{"line":9,"column":63}},"3":{"start":{"line":11,"column":20},"end":{"line":11,"column":64}},"4":{"start":{"line":13,"column":20},"end":{"line":13,"column":57}},"5":{"start":{"line":15,"column":14},"end":{"line":15,"column":34}},"6":{"start":{"line":17,"column":15},"end":{"line":17,"column":46}},"7":{"start":{"line":19,"column":18},"end":{"line":19,"column":50}},"8":{"start":{"line":21,"column":39},"end":{"line":21,"column":93}},"9":{"start":{"line":23,"column":13},"end":{"line":23,"column":36}},"10":{"start":{"line":29,"column":24},"end":{"line":204,"column":3}},"11":{"start":{"line":31,"column":4},"end":{"line":31,"column":59}},"12":{"start":{"line":34,"column":2},"end":{"line":202,"column":6}},"13":{"start":{"line":44,"column":6},"end":{"line":54,"column":9}},"14":{"start":{"line":47,"column":8},"end":{"line":49,"column":11}},"15":{"start":{"line":51,"column":8},"end":{"line":53,"column":11}},"16":{"start":{"line":66,"column":6},"end":{"line":79,"column":9}},"17":{"start":{"line":67,"column":8},"end":{"line":71,"column":9}},"18":{"start":{"line":68,"column":10},"end":{"line":70,"column":13}},"19":{"start":{"line":72,"column":8},"end":{"line":74,"column":11}},"20":{"start":{"line":76,"column":8},"end":{"line":78,"column":11}},"21":{"start":{"line":91,"column":19},"end":{"line":91,"column":21}},"22":{"start":{"line":93,"column":6},"end":{"line":95,"column":7}},"23":{"start":{"line":94,"column":8},"end":{"line":94,"column":48}},"24":{"start":{"line":96,"column":6},"end":{"line":98,"column":7}},"25":{"start":{"line":97,"column":8},"end":{"line":97,"column":52}},"26":{"start":{"line":99,"column":6},"end":{"line":101,"column":7}},"27":{"start":{"line":100,"column":8},"end":{"line":100,"column":56}},"28":{"start":{"line":102,"column":6},"end":{"line":104,"column":7}},"29":{"start":{"line":103,"column":8},"end":{"line":103,"column":55}},"30":{"start":{"line":105,"column":6},"end":{"line":107,"column":7}},"31":{"start":{"line":106,"column":8},"end":{"line":106,"column":40}},"32":{"start":{"line":109,"column":6},"end":{"line":114,"column":7}},"33":{"start":{"line":110,"column":8},"end":{"line":113,"column":11}},"34":{"start":{"line":116,"column":6},"end":{"line":132,"column":9}},"35":{"start":{"line":124,"column":8},"end":{"line":127,"column":11}},"36":{"start":{"line":129,"column":8},"end":{"line":131,"column":11}},"37":{"start":{"line":144,"column":6},"end":{"line":178,"column":9}},"38":{"start":{"line":145,"column":8},"end":{"line":173,"column":11}},"39":{"start":{"line":156,"column":30},"end":{"line":165,"column":11}},"40":{"start":{"line":166,"column":10},"end":{"line":168,"column":13}},"41":{"start":{"line":170,"column":10},"end":{"line":172,"column":13}},"42":{"start":{"line":175,"column":8},"end":{"line":177,"column":11}},"43":{"start":{"line":190,"column":6},"end":{"line":200,"column":9}},"44":{"start":{"line":191,"column":8},"end":{"line":199,"column":11}},"45":{"start":{"line":192,"column":10},"end":{"line":194,"column":13}},"46":{"start":{"line":196,"column":10},"end":{"line":198,"column":13}},"47":{"start":{"line":203,"column":2},"end":{"line":203,"column":27}},"48":{"start":{"line":206,"column":0},"end":{"line":206,"column":36}}},"fnMap":{"0":{"name":"_interopRequireDefault","decl":{"start":{"line":21,"column":9},"end":{"line":21,"column":31}},"loc":{"start":{"line":21,"column":37},"end":{"line":21,"column":95}},"line":21},"1":{"name":"(anonymous_1)","decl":{"start":{"line":29,"column":24},"end":{"line":29,"column":25}},"loc":{"start":{"line":29,"column":36},"end":{"line":204,"column":1}},"line":29},"2":{"name":"RecipesController","decl":{"start":{"line":30,"column":11},"end":{"line":30,"column":28}},"loc":{"start":{"line":30,"column":31},"end":{"line":32,"column":3}},"line":30},"3":{"name":"getRecipes","decl":{"start":{"line":43,"column":20},"end":{"line":43,"column":30}},"loc":{"start":{"line":43,"column":41},"end":{"line":55,"column":5}},"line":43},"4":{"name":"(anonymous_4)","decl":{"start":{"line":46,"column":14},"end":{"line":46,"column":15}},"loc":{"start":{"line":46,"column":33},"end":{"line":50,"column":7}},"line":46},"5":{"name":"(anonymous_5)","decl":{"start":{"line":50,"column":15},"end":{"line":50,"column":16}},"loc":{"start":{"line":50,"column":32},"end":{"line":54,"column":7}},"line":50},"6":{"name":"getOneRecipe","decl":{"start":{"line":65,"column":20},"end":{"line":65,"column":32}},"loc":{"start":{"line":65,"column":43},"end":{"line":80,"column":5}},"line":65},"7":{"name":"(anonymous_7)","decl":{"start":{"line":66,"column":48},"end":{"line":66,"column":49}},"loc":{"start":{"line":66,"column":66},"end":{"line":75,"column":7}},"line":66},"8":{"name":"(anonymous_8)","decl":{"start":{"line":75,"column":15},"end":{"line":75,"column":16}},"loc":{"start":{"line":75,"column":27},"end":{"line":79,"column":7}},"line":75},"9":{"name":"addRecipes","decl":{"start":{"line":90,"column":20},"end":{"line":90,"column":30}},"loc":{"start":{"line":90,"column":41},"end":{"line":133,"column":5}},"line":90},"10":{"name":"(anonymous_10)","decl":{"start":{"line":123,"column":14},"end":{"line":123,"column":15}},"loc":{"start":{"line":123,"column":32},"end":{"line":128,"column":7}},"line":123},"11":{"name":"(anonymous_11)","decl":{"start":{"line":128,"column":15},"end":{"line":128,"column":16}},"loc":{"start":{"line":128,"column":32},"end":{"line":132,"column":7}},"line":128},"12":{"name":"updateRecipe","decl":{"start":{"line":143,"column":20},"end":{"line":143,"column":32}},"loc":{"start":{"line":143,"column":43},"end":{"line":179,"column":5}},"line":143},"13":{"name":"(anonymous_13)","decl":{"start":{"line":144,"column":48},"end":{"line":144,"column":49}},"loc":{"start":{"line":144,"column":66},"end":{"line":174,"column":7}},"line":144},"14":{"name":"(anonymous_14)","decl":{"start":{"line":155,"column":16},"end":{"line":155,"column":17}},"loc":{"start":{"line":155,"column":37},"end":{"line":169,"column":9}},"line":155},"15":{"name":"(anonymous_15)","decl":{"start":{"line":169,"column":17},"end":{"line":169,"column":18}},"loc":{"start":{"line":169,"column":34},"end":{"line":173,"column":9}},"line":169},"16":{"name":"(anonymous_16)","decl":{"start":{"line":174,"column":15},"end":{"line":174,"column":16}},"loc":{"start":{"line":174,"column":32},"end":{"line":178,"column":7}},"line":174},"17":{"name":"deleteRecipe","decl":{"start":{"line":189,"column":20},"end":{"line":189,"column":32}},"loc":{"start":{"line":189,"column":43},"end":{"line":201,"column":5}},"line":189},"18":{"name":"(anonymous_18)","decl":{"start":{"line":190,"column":55},"end":{"line":190,"column":56}},"loc":{"start":{"line":190,"column":73},"end":{"line":200,"column":7}},"line":190},"19":{"name":"(anonymous_19)","decl":{"start":{"line":191,"column":30},"end":{"line":191,"column":31}},"loc":{"start":{"line":191,"column":42},"end":{"line":195,"column":9}},"line":191},"20":{"name":"(anonymous_20)","decl":{"start":{"line":195,"column":17},"end":{"line":195,"column":18}},"loc":{"start":{"line":195,"column":34},"end":{"line":199,"column":9}},"line":195}},"branchMap":{"0":{"loc":{"start":{"line":21,"column":46},"end":{"line":21,"column":92}},"type":"cond-expr","locations":[{"start":{"line":21,"column":70},"end":{"line":21,"column":73}},{"start":{"line":21,"column":76},"end":{"line":21,"column":92}}],"line":21},"1":{"loc":{"start":{"line":21,"column":46},"end":{"line":21,"column":67}},"type":"binary-expr","locations":[{"start":{"line":21,"column":46},"end":{"line":21,"column":49}},{"start":{"line":21,"column":53},"end":{"line":21,"column":67}}],"line":21},"2":{"loc":{"start":{"line":67,"column":8},"end":{"line":71,"column":9}},"type":"if","locations":[{"start":{"line":67,"column":8},"end":{"line":71,"column":9}},{"start":{"line":67,"column":8},"end":{"line":71,"column":9}}],"line":67},"3":{"loc":{"start":{"line":93,"column":6},"end":{"line":95,"column":7}},"type":"if","locations":[{"start":{"line":93,"column":6},"end":{"line":95,"column":7}},{"start":{"line":93,"column":6},"end":{"line":95,"column":7}}],"line":93},"4":{"loc":{"start":{"line":93,"column":10},"end":{"line":93,"column":70}},"type":"binary-expr","locations":[{"start":{"line":93,"column":10},"end":{"line":93,"column":24}},{"start":{"line":93,"column":28},"end":{"line":93,"column":70}}],"line":93},"5":{"loc":{"start":{"line":96,"column":6},"end":{"line":98,"column":7}},"type":"if","locations":[{"start":{"line":96,"column":6},"end":{"line":98,"column":7}},{"start":{"line":96,"column":6},"end":{"line":98,"column":7}}],"line":96},"6":{"loc":{"start":{"line":96,"column":10},"end":{"line":96,"column":78}},"type":"binary-expr","locations":[{"start":{"line":96,"column":10},"end":{"line":96,"column":28}},{"start":{"line":96,"column":32},"end":{"line":96,"column":78}}],"line":96},"7":{"loc":{"start":{"line":99,"column":6},"end":{"line":101,"column":7}},"type":"if","locations":[{"start":{"line":99,"column":6},"end":{"line":101,"column":7}},{"start":{"line":99,"column":6},"end":{"line":101,"column":7}}],"line":99},"8":{"loc":{"start":{"line":99,"column":10},"end":{"line":99,"column":84}},"type":"binary-expr","locations":[{"start":{"line":99,"column":10},"end":{"line":99,"column":31}},{"start":{"line":99,"column":35},"end":{"line":99,"column":84}}],"line":99},"9":{"loc":{"start":{"line":102,"column":6},"end":{"line":104,"column":7}},"type":"if","locations":[{"start":{"line":102,"column":6},"end":{"line":104,"column":7}},{"start":{"line":102,"column":6},"end":{"line":104,"column":7}}],"line":102},"10":{"loc":{"start":{"line":102,"column":10},"end":{"line":102,"column":84}},"type":"binary-expr","locations":[{"start":{"line":102,"column":10},"end":{"line":102,"column":31}},{"start":{"line":102,"column":35},"end":{"line":102,"column":84}}],"line":102},"11":{"loc":{"start":{"line":105,"column":6},"end":{"line":107,"column":7}},"type":"if","locations":[{"start":{"line":105,"column":6},"end":{"line":107,"column":7}},{"start":{"line":105,"column":6},"end":{"line":107,"column":7}}],"line":105},"12":{"loc":{"start":{"line":105,"column":10},"end":{"line":105,"column":74}},"type":"binary-expr","locations":[{"start":{"line":105,"column":10},"end":{"line":105,"column":26}},{"start":{"line":105,"column":30},"end":{"line":105,"column":74}}],"line":105},"13":{"loc":{"start":{"line":109,"column":6},"end":{"line":114,"column":7}},"type":"if","locations":[{"start":{"line":109,"column":6},"end":{"line":114,"column":7}},{"start":{"line":109,"column":6},"end":{"line":114,"column":7}}],"line":109},"14":{"loc":{"start":{"line":146,"column":16},"end":{"line":146,"column":78}},"type":"binary-expr","locations":[{"start":{"line":146,"column":16},"end":{"line":146,"column":63}},{"start":{"line":146,"column":67},"end":{"line":146,"column":78}}],"line":146},"15":{"loc":{"start":{"line":147,"column":20},"end":{"line":147,"column":90}},"type":"binary-expr","locations":[{"start":{"line":147,"column":20},"end":{"line":147,"column":71}},{"start":{"line":147,"column":75},"end":{"line":147,"column":90}}],"line":147},"16":{"loc":{"start":{"line":148,"column":23},"end":{"line":148,"column":99}},"type":"binary-expr","locations":[{"start":{"line":148,"column":23},"end":{"line":148,"column":77}},{"start":{"line":148,"column":81},"end":{"line":148,"column":99}}],"line":148},"17":{"loc":{"start":{"line":149,"column":18},"end":{"line":149,"column":84}},"type":"binary-expr","locations":[{"start":{"line":149,"column":18},"end":{"line":149,"column":67}},{"start":{"line":149,"column":71},"end":{"line":149,"column":84}}],"line":149},"18":{"loc":{"start":{"line":150,"column":23},"end":{"line":150,"column":99}},"type":"binary-expr","locations":[{"start":{"line":150,"column":23},"end":{"line":150,"column":77}},{"start":{"line":150,"column":81},"end":{"line":150,"column":99}}],"line":150}},"s":{"0":1,"1":1,"2":1,"3":1,"4":1,"5":1,"6":1,"7":1,"8":3,"9":1,"10":1,"11":1,"12":1,"13":1,"14":1,"15":0,"16":3,"17":2,"18":1,"19":1,"20":1,"21":2,"22":2,"23":1,"24":2,"25":1,"26":2,"27":1,"28":2,"29":1,"30":2,"31":1,"32":2,"33":1,"34":1,"35":1,"36":0,"37":1,"38":1,"39":1,"40":1,"41":0,"42":0,"43":1,"44":1,"45":1,"46":0,"47":1,"48":1},"f":{"0":3,"1":1,"2":1,"3":1,"4":1,"5":0,"6":3,"7":2,"8":1,"9":2,"10":1,"11":0,"12":1,"13":1,"14":1,"15":0,"16":0,"17":1,"18":1,"19":1,"20":0},"b":{"0":[2,1],"1":[3,3],"2":[1,1],"3":[1,1],"4":[2,1],"5":[1,1],"6":[2,1],"7":[1,1],"8":[2,1],"9":[1,1],"10":[2,1],"11":[1,1],"12":[2,1],"13":[1,1],"14":[1,0],"15":[1,0],"16":[1,0],"17":[1,0],"18":[1,0]},"_coverageSchema":"332fd63041d2c1bcb487cc26dd0d5f7d97098a6c","hash":"758d55ca6810f3e0962244fe4878a3723ffc5b03","contentHash":"03952f43dd0d12b31ee21fe8793f5f84_11.3.0"},"/Users/andeladeveloper/Documents/More-Recipes/server/helpers/checkInput.js":{"path":"/Users/andeladeveloper/Documents/More-Recipes/server/helpers/checkInput.js","statementMap":{"0":{"start":{"line":3,"column":0},"end":{"line":5,"column":3}},"1":{"start":{"line":6,"column":0},"end":{"line":6,"column":30}},"2":{"start":{"line":7,"column":0},"end":{"line":7,"column":38}},"3":{"start":{"line":8,"column":0},"end":{"line":8,"column":38}},"4":{"start":{"line":9,"column":0},"end":{"line":9,"column":32}},"5":{"start":{"line":10,"column":0},"end":{"line":10,"column":42}},"6":{"start":{"line":11,"column":0},"end":{"line":11,"column":32}},"7":{"start":{"line":12,"column":0},"end":{"line":12,"column":40}},"8":{"start":{"line":20,"column":14},"end":{"line":20,"column":35}},"9":{"start":{"line":21,"column":2},"end":{"line":21,"column":26}},"10":{"start":{"line":31,"column":14},"end":{"line":31,"column":37}},"11":{"start":{"line":32,"column":2},"end":{"line":32,"column":26}},"12":{"start":{"line":42,"column":14},"end":{"line":42,"column":38}},"13":{"start":{"line":43,"column":2},"end":{"line":43,"column":26}},"14":{"start":{"line":52,"column":14},"end":{"line":52,"column":30}},"15":{"start":{"line":53,"column":2},"end":{"line":53,"column":26}},"16":{"start":{"line":62,"column":14},"end":{"line":62,"column":30}},"17":{"start":{"line":63,"column":2},"end":{"line":65,"column":3}},"18":{"start":{"line":64,"column":4},"end":{"line":64,"column":18}},"19":{"start":{"line":65,"column":3},"end":{"line":65,"column":15}},"20":{"start":{"line":74,"column":14},"end":{"line":74,"column":35}},"21":{"start":{"line":75,"column":2},"end":{"line":77,"column":3}},"22":{"start":{"line":76,"column":4},"end":{"line":76,"column":16}},"23":{"start":{"line":77,"column":3},"end":{"line":77,"column":15}},"24":{"start":{"line":87,"column":14},"end":{"line":87,"column":37}},"25":{"start":{"line":88,"column":2},"end":{"line":90,"column":3}},"26":{"start":{"line":89,"column":4},"end":{"line":89,"column":16}},"27":{"start":{"line":90,"column":3},"end":{"line":90,"column":15}}},"fnMap":{"0":{"name":"checkname","decl":{"start":{"line":19,"column":9},"end":{"line":19,"column":18}},"loc":{"start":{"line":19,"column":25},"end":{"line":22,"column":1}},"line":19},"1":{"name":"checkUsername","decl":{"start":{"line":30,"column":9},"end":{"line":30,"column":22}},"loc":{"start":{"line":30,"column":29},"end":{"line":33,"column":1}},"line":30},"2":{"name":"checkPassword","decl":{"start":{"line":41,"column":9},"end":{"line":41,"column":22}},"loc":{"start":{"line":41,"column":29},"end":{"line":44,"column":1}},"line":41},"3":{"name":"checkField","decl":{"start":{"line":51,"column":9},"end":{"line":51,"column":19}},"loc":{"start":{"line":51,"column":26},"end":{"line":54,"column":1}},"line":51},"4":{"name":"returnParameter","decl":{"start":{"line":61,"column":9},"end":{"line":61,"column":24}},"loc":{"start":{"line":61,"column":33},"end":{"line":66,"column":1}},"line":61},"5":{"name":"returnName","decl":{"start":{"line":73,"column":9},"end":{"line":73,"column":19}},"loc":{"start":{"line":73,"column":26},"end":{"line":78,"column":1}},"line":73},"6":{"name":"returnUsername","decl":{"start":{"line":86,"column":9},"end":{"line":86,"column":23}},"loc":{"start":{"line":86,"column":30},"end":{"line":91,"column":1}},"line":86}},"branchMap":{"0":{"loc":{"start":{"line":63,"column":2},"end":{"line":65,"column":3}},"type":"if","locations":[{"start":{"line":63,"column":2},"end":{"line":65,"column":3}},{"start":{"line":63,"column":2},"end":{"line":65,"column":3}}],"line":63},"1":{"loc":{"start":{"line":75,"column":2},"end":{"line":77,"column":3}},"type":"if","locations":[{"start":{"line":75,"column":2},"end":{"line":77,"column":3}},{"start":{"line":75,"column":2},"end":{"line":77,"column":3}}],"line":75},"2":{"loc":{"start":{"line":88,"column":2},"end":{"line":90,"column":3}},"type":"if","locations":[{"start":{"line":88,"column":2},"end":{"line":90,"column":3}},{"start":{"line":88,"column":2},"end":{"line":90,"column":3}}],"line":88}},"s":{"0":1,"1":1,"2":1,"3":1,"4":1,"5":1,"6":1,"7":1,"8":8,"9":8,"10":45,"11":45,"12":4,"13":4,"14":8,"15":8,"16":7,"17":7,"18":6,"19":1,"20":4,"21":4,"22":2,"23":2,"24":2,"25":2,"26":1,"27":1},"f":{"0":8,"1":45,"2":4,"3":8,"4":7,"5":4,"6":2},"b":{"0":[6,1],"1":[2,2],"2":[1,1]},"_coverageSchema":"332fd63041d2c1bcb487cc26dd0d5f7d97098a6c","hash":"9bfef5ebadb814edb26ead5c1a5fc565375df8e6","contentHash":"090b98e497aab1444e7656d1a740f530_11.3.0"},"/Users/andeladeveloper/Documents/More-Recipes/server/middleware/authenticate.js":{"path":"/Users/andeladeveloper/Documents/More-Recipes/server/middleware/authenticate.js","statementMap":{"0":{"start":{"line":3,"column":0},"end":{"line":5,"column":3}},"1":{"start":{"line":7,"column":20},"end":{"line":7,"column":43}},"2":{"start":{"line":9,"column":21},"end":{"line":9,"column":58}},"3":{"start":{"line":11,"column":14},"end":{"line":11,"column":36}},"4":{"start":{"line":13,"column":15},"end":{"line":13,"column":46}},"5":{"start":{"line":15,"column":39},"end":{"line":15,"column":93}},"6":{"start":{"line":17,"column":0},"end":{"line":28,"column":2}},"7":{"start":{"line":18,"column":14},"end":{"line":18,"column":31}},"8":{"start":{"line":20,"column":2},"end":{"line":27,"column":5}},"9":{"start":{"line":21,"column":4},"end":{"line":23,"column":5}},"10":{"start":{"line":22,"column":6},"end":{"line":22,"column":72}},"11":{"start":{"line":25,"column":4},"end":{"line":25,"column":24}},"12":{"start":{"line":26,"column":4},"end":{"line":26,"column":11}}},"fnMap":{"0":{"name":"_interopRequireDefault","decl":{"start":{"line":15,"column":9},"end":{"line":15,"column":31}},"loc":{"start":{"line":15,"column":37},"end":{"line":15,"column":95}},"line":15},"1":{"name":"(anonymous_1)","decl":{"start":{"line":17,"column":18},"end":{"line":17,"column":19}},"loc":{"start":{"line":17,"column":44},"end":{"line":28,"column":1}},"line":17},"2":{"name":"(anonymous_2)","decl":{"start":{"line":20,"column":74},"end":{"line":20,"column":75}},"loc":{"start":{"line":20,"column":97},"end":{"line":27,"column":3}},"line":20}},"branchMap":{"0":{"loc":{"start":{"line":15,"column":46},"end":{"line":15,"column":92}},"type":"cond-expr","locations":[{"start":{"line":15,"column":70},"end":{"line":15,"column":73}},{"start":{"line":15,"column":76},"end":{"line":15,"column":92}}],"line":15},"1":{"loc":{"start":{"line":15,"column":46},"end":{"line":15,"column":67}},"type":"binary-expr","locations":[{"start":{"line":15,"column":46},"end":{"line":15,"column":49}},{"start":{"line":15,"column":53},"end":{"line":15,"column":67}}],"line":15},"2":{"loc":{"start":{"line":21,"column":4},"end":{"line":23,"column":5}},"type":"if","locations":[{"start":{"line":21,"column":4},"end":{"line":23,"column":5}},{"start":{"line":21,"column":4},"end":{"line":23,"column":5}}],"line":21}},"s":{"0":1,"1":1,"2":1,"3":1,"4":1,"5":2,"6":1,"7":79,"8":79,"9":79,"10":15,"11":64,"12":64},"f":{"0":2,"1":79,"2":79},"b":{"0":[1,1],"1":[2,2],"2":[15,64]},"_coverageSchema":"332fd63041d2c1bcb487cc26dd0d5f7d97098a6c","hash":"33a615458ada38f5f0df993518741c7ad2c759e3","contentHash":"0e2eb2c2ef807b92e37cadb32fef0625_11.3.0"},"/Users/andeladeveloper/Documents/More-Recipes/server/config/index.js":{"path":"/Users/andeladeveloper/Documents/More-Recipes/server/config/index.js","statementMap":{"0":{"start":{"line":3,"column":0},"end":{"line":5,"column":3}},"1":{"start":{"line":6,"column":0},"end":{"line":8,"column":2}}},"fnMap":{},"branchMap":{},"s":{"0":1,"1":1},"f":{},"b":{},"_coverageSchema":"332fd63041d2c1bcb487cc26dd0d5f7d97098a6c","hash":"da5fcb5ecc1e5f3cdc92c1acc1a9ff3af5dd34b8","contentHash":"8d01206de33b1806c2d1d2fd363d14de_11.3.0"},"/Users/andeladeveloper/Documents/More-Recipes/server/middleware/authorise.js":{"path":"/Users/andeladeveloper/Documents/More-Recipes/server/middleware/authorise.js","statementMap":{"0":{"start":{"line":3,"column":0},"end":{"line":5,"column":3}},"1":{"start":{"line":7,"column":13},"end":{"line":7,"column":39}},"2":{"start":{"line":9,"column":14},"end":{"line":9,"column":44}},"3":{"start":{"line":11,"column":39},"end":{"line":11,"column":93}},"4":{"start":{"line":13,"column":0},"end":{"line":27,"column":2}},"5":{"start":{"line":14,"column":2},"end":{"line":26,"column":5}},"6":{"start":{"line":15,"column":4},"end":{"line":17,"column":5}},"7":{"start":{"line":16,"column":6},"end":{"line":16,"column":67}},"8":{"start":{"line":19,"column":4},"end":{"line":21,"column":5}},"9":{"start":{"line":20,"column":6},"end":{"line":20,"column":68}},"10":{"start":{"line":23,"column":4},"end":{"line":23,"column":11}},"11":{"start":{"line":25,"column":4},"end":{"line":25,"column":64}}},"fnMap":{"0":{"name":"_interopRequireDefault","decl":{"start":{"line":11,"column":9},"end":{"line":11,"column":31}},"loc":{"start":{"line":11,"column":37},"end":{"line":11,"column":95}},"line":11},"1":{"name":"(anonymous_1)","decl":{"start":{"line":13,"column":18},"end":{"line":13,"column":19}},"loc":{"start":{"line":13,"column":44},"end":{"line":27,"column":1}},"line":13},"2":{"name":"(anonymous_2)","decl":{"start":{"line":14,"column":60},"end":{"line":14,"column":61}},"loc":{"start":{"line":14,"column":78},"end":{"line":24,"column":3}},"line":14},"3":{"name":"(anonymous_3)","decl":{"start":{"line":24,"column":11},"end":{"line":24,"column":12}},"loc":{"start":{"line":24,"column":23},"end":{"line":26,"column":3}},"line":24}},"branchMap":{"0":{"loc":{"start":{"line":11,"column":46},"end":{"line":11,"column":92}},"type":"cond-expr","locations":[{"start":{"line":11,"column":70},"end":{"line":11,"column":73}},{"start":{"line":11,"column":76},"end":{"line":11,"column":92}}],"line":11},"1":{"loc":{"start":{"line":11,"column":46},"end":{"line":11,"column":67}},"type":"binary-expr","locations":[{"start":{"line":11,"column":46},"end":{"line":11,"column":49}},{"start":{"line":11,"column":53},"end":{"line":11,"column":67}}],"line":11},"2":{"loc":{"start":{"line":15,"column":4},"end":{"line":17,"column":5}},"type":"if","locations":[{"start":{"line":15,"column":4},"end":{"line":17,"column":5}},{"start":{"line":15,"column":4},"end":{"line":17,"column":5}}],"line":15},"3":{"loc":{"start":{"line":19,"column":4},"end":{"line":21,"column":5}},"type":"if","locations":[{"start":{"line":19,"column":4},"end":{"line":21,"column":5}},{"start":{"line":19,"column":4},"end":{"line":21,"column":5}}],"line":19}},"s":{"0":1,"1":1,"2":1,"3":1,"4":1,"5":8,"6":6,"7":2,"8":4,"9":2,"10":2,"11":2},"f":{"0":1,"1":8,"2":6,"3":2},"b":{"0":[0,1],"1":[1,1],"2":[2,4],"3":[2,2]},"_coverageSchema":"332fd63041d2c1bcb487cc26dd0d5f7d97098a6c","hash":"e561359ae5ae0845cc220be30b8dc78c72cc99d6","contentHash":"ae144cbb1d76709073b6a595f8ef9fcc_11.3.0"},"/Users/andeladeveloper/Documents/More-Recipes/server/routes/users.js":{"path":"/Users/andeladeveloper/Documents/More-Recipes/server/routes/users.js","statementMap":{"0":{"start":{"line":3,"column":0},"end":{"line":5,"column":3}},"1":{"start":{"line":7,"column":15},"end":{"line":7,"column":33}},"2":{"start":{"line":9,"column":16},"end":{"line":9,"column":48}},"3":{"start":{"line":11,"column":13},"end":{"line":11,"column":44}},"4":{"start":{"line":13,"column":14},"end":{"line":13,"column":44}},"5":{"start":{"line":15,"column":20},"end":{"line":15,"column":57}},"6":{"start":{"line":17,"column":21},"end":{"line":17,"column":58}},"7":{"start":{"line":19,"column":39},"end":{"line":19,"column":93}},"8":{"start":{"line":21,"column":13},"end":{"line":21,"column":39}},"9":{"start":{"line":23,"column":21},"end":{"line":23,"column":42}},"10":{"start":{"line":27,"column":0},"end":{"line":27,"column":56}},"11":{"start":{"line":31,"column":0},"end":{"line":31,"column":56}},"12":{"start":{"line":35,"column":0},"end":{"line":35,"column":84}},"13":{"start":{"line":39,"column":0},"end":{"line":39,"column":92}},"14":{"start":{"line":43,"column":0},"end":{"line":43,"column":54}},"15":{"start":{"line":45,"column":0},"end":{"line":45,"column":25}}},"fnMap":{"0":{"name":"_interopRequireDefault","decl":{"start":{"line":19,"column":9},"end":{"line":19,"column":31}},"loc":{"start":{"line":19,"column":37},"end":{"line":19,"column":95}},"line":19}},"branchMap":{"0":{"loc":{"start":{"line":19,"column":46},"end":{"line":19,"column":92}},"type":"cond-expr","locations":[{"start":{"line":19,"column":70},"end":{"line":19,"column":73}},{"start":{"line":19,"column":76},"end":{"line":19,"column":92}}],"line":19},"1":{"loc":{"start":{"line":19,"column":46},"end":{"line":19,"column":67}},"type":"binary-expr","locations":[{"start":{"line":19,"column":46},"end":{"line":19,"column":49}},{"start":{"line":19,"column":53},"end":{"line":19,"column":67}}],"line":19}},"s":{"0":1,"1":1,"2":1,"3":1,"4":1,"5":1,"6":1,"7":3,"8":1,"9":1,"10":1,"11":1,"12":1,"13":1,"14":1,"15":1},"f":{"0":3},"b":{"0":[2,1],"1":[3,3]},"_coverageSchema":"332fd63041d2c1bcb487cc26dd0d5f7d97098a6c","hash":"3a35b1e281b8f7af731399312c591f4f16f45ca2","contentHash":"b64777603d7b320d814525831d81646e_11.3.0"},"/Users/andeladeveloper/Documents/More-Recipes/server/controllers/users.js":{"path":"/Users/andeladeveloper/Documents/More-Recipes/server/controllers/users.js","statementMap":{"0":{"start":{"line":3,"column":0},"end":{"line":5,"column":3}},"1":{"start":{"line":7,"column":23},"end":{"line":7,"column":70}},"2":{"start":{"line":9,"column":23},"end":{"line":9,"column":63}},"3":{"start":{"line":11,"column":20},"end":{"line":11,"column":64}},"4":{"start":{"line":13,"column":20},"end":{"line":13,"column":57}},"5":{"start":{"line":15,"column":14},"end":{"line":15,"column":31}},"6":{"start":{"line":17,"column":15},"end":{"line":17,"column":46}},"7":{"start":{"line":19,"column":20},"end":{"line":19,"column":43}},"8":{"start":{"line":21,"column":21},"end":{"line":21,"column":58}},"9":{"start":{"line":23,"column":14},"end":{"line":23,"column":34}},"10":{"start":{"line":25,"column":15},"end":{"line":25,"column":46}},"11":{"start":{"line":27,"column":14},"end":{"line":27,"column":36}},"12":{"start":{"line":29,"column":15},"end":{"line":29,"column":46}},"13":{"start":{"line":31,"column":18},"end":{"line":31,"column":50}},"14":{"start":{"line":33,"column":39},"end":{"line":33,"column":93}},"15":{"start":{"line":35,"column":11},"end":{"line":35,"column":32}},"16":{"start":{"line":36,"column":13},"end":{"line":36,"column":36}},"17":{"start":{"line":41,"column":21},"end":{"line":248,"column":3}},"18":{"start":{"line":43,"column":4},"end":{"line":43,"column":56}},"19":{"start":{"line":46,"column":2},"end":{"line":246,"column":6}},"20":{"start":{"line":56,"column":19},"end":{"line":56,"column":21}},"21":{"start":{"line":57,"column":6},"end":{"line":59,"column":7}},"22":{"start":{"line":58,"column":8},"end":{"line":58,"column":47}},"23":{"start":{"line":60,"column":6},"end":{"line":62,"column":7}},"24":{"start":{"line":61,"column":8},"end":{"line":61,"column":46}},"25":{"start":{"line":63,"column":6},"end":{"line":65,"column":7}},"26":{"start":{"line":64,"column":8},"end":{"line":64,"column":46}},"27":{"start":{"line":66,"column":6},"end":{"line":68,"column":7}},"28":{"start":{"line":67,"column":8},"end":{"line":67,"column":50}},"29":{"start":{"line":69,"column":6},"end":{"line":71,"column":7}},"30":{"start":{"line":70,"column":8},"end":{"line":70,"column":41}},"31":{"start":{"line":73,"column":6},"end":{"line":78,"column":7}},"32":{"start":{"line":74,"column":8},"end":{"line":77,"column":11}},"33":{"start":{"line":80,"column":6},"end":{"line":106,"column":9}},"34":{"start":{"line":87,"column":26},"end":{"line":93,"column":9}},"35":{"start":{"line":94,"column":20},"end":{"line":96,"column":10}},"36":{"start":{"line":97,"column":8},"end":{"line":101,"column":11}},"37":{"start":{"line":103,"column":8},"end":{"line":105,"column":11}},"38":{"start":{"line":118,"column":19},"end":{"line":118,"column":21}},"39":{"start":{"line":120,"column":6},"end":{"line":122,"column":7}},"40":{"start":{"line":121,"column":8},"end":{"line":121,"column":44}},"41":{"start":{"line":123,"column":6},"end":{"line":125,"column":7}},"42":{"start":{"line":124,"column":8},"end":{"line":124,"column":44}},"43":{"start":{"line":126,"column":6},"end":{"line":128,"column":7}},"44":{"start":{"line":127,"column":8},"end":{"line":127,"column":101}},"45":{"start":{"line":129,"column":6},"end":{"line":152,"column":9}},"46":{"start":{"line":130,"column":8},"end":{"line":132,"column":9}},"47":{"start":{"line":131,"column":10},"end":{"line":131,"column":72}},"48":{"start":{"line":133,"column":8},"end":{"line":145,"column":9}},"49":{"start":{"line":134,"column":29},"end":{"line":140,"column":11}},"50":{"start":{"line":141,"column":22},"end":{"line":143,"column":12}},"51":{"start":{"line":144,"column":10},"end":{"line":144,"column":120}},"52":{"start":{"line":147,"column":8},"end":{"line":147,"column":70}},"53":{"start":{"line":149,"column":8},"end":{"line":151,"column":11}},"54":{"start":{"line":164,"column":6},"end":{"line":184,"column":9}},"55":{"start":{"line":165,"column":8},"end":{"line":169,"column":9}},"56":{"start":{"line":166,"column":10},"end":{"line":168,"column":13}},"57":{"start":{"line":170,"column":24},"end":{"line":176,"column":9}},"58":{"start":{"line":177,"column":8},"end":{"line":179,"column":11}},"59":{"start":{"line":181,"column":8},"end":{"line":183,"column":11}},"60":{"start":{"line":196,"column":6},"end":{"line":208,"column":9}},"61":{"start":{"line":197,"column":8},"end":{"line":201,"column":9}},"62":{"start":{"line":198,"column":10},"end":{"line":200,"column":13}},"63":{"start":{"line":201,"column":9},"end":{"line":203,"column":11}},"64":{"start":{"line":205,"column":8},"end":{"line":207,"column":11}},"65":{"start":{"line":220,"column":6},"end":{"line":244,"column":9}},"66":{"start":{"line":221,"column":8},"end":{"line":225,"column":9}},"67":{"start":{"line":222,"column":10},"end":{"line":224,"column":13}},"68":{"start":{"line":226,"column":8},"end":{"line":239,"column":11}},"69":{"start":{"line":227,"column":10},"end":{"line":231,"column":11}},"70":{"start":{"line":228,"column":12},"end":{"line":230,"column":15}},"71":{"start":{"line":232,"column":10},"end":{"line":234,"column":13}},"72":{"start":{"line":236,"column":10},"end":{"line":238,"column":13}},"73":{"start":{"line":241,"column":8},"end":{"line":243,"column":11}},"74":{"start":{"line":247,"column":2},"end":{"line":247,"column":24}},"75":{"start":{"line":256,"column":0},"end":{"line":256,"column":33}}},"fnMap":{"0":{"name":"_interopRequireDefault","decl":{"start":{"line":33,"column":9},"end":{"line":33,"column":31}},"loc":{"start":{"line":33,"column":37},"end":{"line":33,"column":95}},"line":33},"1":{"name":"(anonymous_1)","decl":{"start":{"line":41,"column":21},"end":{"line":41,"column":22}},"loc":{"start":{"line":41,"column":33},"end":{"line":248,"column":1}},"line":41},"2":{"name":"UserController","decl":{"start":{"line":42,"column":11},"end":{"line":42,"column":25}},"loc":{"start":{"line":42,"column":28},"end":{"line":44,"column":3}},"line":42},"3":{"name":"userSignUp","decl":{"start":{"line":55,"column":20},"end":{"line":55,"column":30}},"loc":{"start":{"line":55,"column":41},"end":{"line":107,"column":5}},"line":55},"4":{"name":"(anonymous_4)","decl":{"start":{"line":86,"column":14},"end":{"line":86,"column":15}},"loc":{"start":{"line":86,"column":30},"end":{"line":102,"column":7}},"line":86},"5":{"name":"(anonymous_5)","decl":{"start":{"line":102,"column":15},"end":{"line":102,"column":16}},"loc":{"start":{"line":102,"column":32},"end":{"line":106,"column":7}},"line":102},"6":{"name":"userSignIn","decl":{"start":{"line":117,"column":20},"end":{"line":117,"column":30}},"loc":{"start":{"line":117,"column":41},"end":{"line":153,"column":5}},"line":117},"7":{"name":"(anonymous_7)","decl":{"start":{"line":129,"column":75},"end":{"line":129,"column":76}},"loc":{"start":{"line":129,"column":91},"end":{"line":148,"column":7}},"line":129},"8":{"name":"(anonymous_8)","decl":{"start":{"line":148,"column":15},"end":{"line":148,"column":16}},"loc":{"start":{"line":148,"column":32},"end":{"line":152,"column":7}},"line":148},"9":{"name":"findUser","decl":{"start":{"line":163,"column":20},"end":{"line":163,"column":28}},"loc":{"start":{"line":163,"column":39},"end":{"line":185,"column":5}},"line":163},"10":{"name":"(anonymous_10)","decl":{"start":{"line":164,"column":62},"end":{"line":164,"column":63}},"loc":{"start":{"line":164,"column":78},"end":{"line":180,"column":7}},"line":164},"11":{"name":"(anonymous_11)","decl":{"start":{"line":180,"column":15},"end":{"line":180,"column":16}},"loc":{"start":{"line":180,"column":27},"end":{"line":184,"column":7}},"line":180},"12":{"name":"getMyRecipes","decl":{"start":{"line":195,"column":20},"end":{"line":195,"column":32}},"loc":{"start":{"line":195,"column":43},"end":{"line":209,"column":5}},"line":195},"13":{"name":"(anonymous_13)","decl":{"start":{"line":196,"column":66},"end":{"line":196,"column":67}},"loc":{"start":{"line":196,"column":85},"end":{"line":204,"column":7}},"line":196},"14":{"name":"(anonymous_14)","decl":{"start":{"line":204,"column":15},"end":{"line":204,"column":16}},"loc":{"start":{"line":204,"column":32},"end":{"line":208,"column":7}},"line":204},"15":{"name":"getUserRecipes","decl":{"start":{"line":219,"column":20},"end":{"line":219,"column":34}},"loc":{"start":{"line":219,"column":45},"end":{"line":245,"column":5}},"line":219},"16":{"name":"(anonymous_16)","decl":{"start":{"line":220,"column":62},"end":{"line":220,"column":63}},"loc":{"start":{"line":220,"column":78},"end":{"line":240,"column":7}},"line":220},"17":{"name":"(anonymous_17)","decl":{"start":{"line":226,"column":70},"end":{"line":226,"column":71}},"loc":{"start":{"line":226,"column":89},"end":{"line":235,"column":9}},"line":226},"18":{"name":"(anonymous_18)","decl":{"start":{"line":235,"column":17},"end":{"line":235,"column":18}},"loc":{"start":{"line":235,"column":29},"end":{"line":239,"column":9}},"line":235},"19":{"name":"(anonymous_19)","decl":{"start":{"line":240,"column":15},"end":{"line":240,"column":16}},"loc":{"start":{"line":240,"column":27},"end":{"line":244,"column":7}},"line":240}},"branchMap":{"0":{"loc":{"start":{"line":33,"column":46},"end":{"line":33,"column":92}},"type":"cond-expr","locations":[{"start":{"line":33,"column":70},"end":{"line":33,"column":73}},{"start":{"line":33,"column":76},"end":{"line":33,"column":92}}],"line":33},"1":{"loc":{"start":{"line":33,"column":46},"end":{"line":33,"column":67}},"type":"binary-expr","locations":[{"start":{"line":33,"column":46},"end":{"line":33,"column":49}},{"start":{"line":33,"column":53},"end":{"line":33,"column":67}}],"line":33},"2":{"loc":{"start":{"line":57,"column":6},"end":{"line":59,"column":7}},"type":"if","locations":[{"start":{"line":57,"column":6},"end":{"line":59,"column":7}},{"start":{"line":57,"column":6},"end":{"line":59,"column":7}}],"line":57},"3":{"loc":{"start":{"line":57,"column":10},"end":{"line":57,"column":80}},"type":"binary-expr","locations":[{"start":{"line":57,"column":10},"end":{"line":57,"column":29}},{"start":{"line":57,"column":33},"end":{"line":57,"column":80}}],"line":57},"4":{"loc":{"start":{"line":60,"column":6},"end":{"line":62,"column":7}},"type":"if","locations":[{"start":{"line":60,"column":6},"end":{"line":62,"column":7}},{"start":{"line":60,"column":6},"end":{"line":62,"column":7}}],"line":60},"5":{"loc":{"start":{"line":60,"column":10},"end":{"line":60,"column":78}},"type":"binary-expr","locations":[{"start":{"line":60,"column":10},"end":{"line":60,"column":28}},{"start":{"line":60,"column":32},"end":{"line":60,"column":78}}],"line":60},"6":{"loc":{"start":{"line":63,"column":6},"end":{"line":65,"column":7}},"type":"if","locations":[{"start":{"line":63,"column":6},"end":{"line":65,"column":7}},{"start":{"line":63,"column":6},"end":{"line":65,"column":7}}],"line":63},"7":{"loc":{"start":{"line":63,"column":10},"end":{"line":63,"column":82}},"type":"binary-expr","locations":[{"start":{"line":63,"column":10},"end":{"line":63,"column":28}},{"start":{"line":63,"column":32},"end":{"line":63,"column":82}}],"line":63},"8":{"loc":{"start":{"line":66,"column":6},"end":{"line":68,"column":7}},"type":"if","locations":[{"start":{"line":66,"column":6},"end":{"line":68,"column":7}},{"start":{"line":66,"column":6},"end":{"line":68,"column":7}}],"line":66},"9":{"loc":{"start":{"line":69,"column":6},"end":{"line":71,"column":7}},"type":"if","locations":[{"start":{"line":69,"column":6},"end":{"line":71,"column":7}},{"start":{"line":69,"column":6},"end":{"line":71,"column":7}}],"line":69},"10":{"loc":{"start":{"line":69,"column":10},"end":{"line":69,"column":82}},"type":"binary-expr","locations":[{"start":{"line":69,"column":10},"end":{"line":69,"column":28}},{"start":{"line":69,"column":32},"end":{"line":69,"column":82}}],"line":69},"11":{"loc":{"start":{"line":73,"column":6},"end":{"line":78,"column":7}},"type":"if","locations":[{"start":{"line":73,"column":6},"end":{"line":78,"column":7}},{"start":{"line":73,"column":6},"end":{"line":78,"column":7}}],"line":73},"12":{"loc":{"start":{"line":120,"column":6},"end":{"line":122,"column":7}},"type":"if","locations":[{"start":{"line":120,"column":6},"end":{"line":122,"column":7}},{"start":{"line":120,"column":6},"end":{"line":122,"column":7}}],"line":120},"13":{"loc":{"start":{"line":120,"column":10},"end":{"line":120,"column":82}},"type":"binary-expr","locations":[{"start":{"line":120,"column":10},"end":{"line":120,"column":28}},{"start":{"line":120,"column":32},"end":{"line":120,"column":82}}],"line":120},"14":{"loc":{"start":{"line":123,"column":6},"end":{"line":125,"column":7}},"type":"if","locations":[{"start":{"line":123,"column":6},"end":{"line":125,"column":7}},{"start":{"line":123,"column":6},"end":{"line":125,"column":7}}],"line":123},"15":{"loc":{"start":{"line":126,"column":6},"end":{"line":128,"column":7}},"type":"if","locations":[{"start":{"line":126,"column":6},"end":{"line":128,"column":7}},{"start":{"line":126,"column":6},"end":{"line":128,"column":7}}],"line":126},"16":{"loc":{"start":{"line":130,"column":8},"end":{"line":132,"column":9}},"type":"if","locations":[{"start":{"line":130,"column":8},"end":{"line":132,"column":9}},{"start":{"line":130,"column":8},"end":{"line":132,"column":9}}],"line":130},"17":{"loc":{"start":{"line":133,"column":8},"end":{"line":145,"column":9}},"type":"if","locations":[{"start":{"line":133,"column":8},"end":{"line":145,"column":9}},{"start":{"line":133,"column":8},"end":{"line":145,"column":9}}],"line":133},"18":{"loc":{"start":{"line":165,"column":8},"end":{"line":169,"column":9}},"type":"if","locations":[{"start":{"line":165,"column":8},"end":{"line":169,"column":9}},{"start":{"line":165,"column":8},"end":{"line":169,"column":9}}],"line":165},"19":{"loc":{"start":{"line":197,"column":8},"end":{"line":201,"column":9}},"type":"if","locations":[{"start":{"line":197,"column":8},"end":{"line":201,"column":9}},{"start":{"line":197,"column":8},"end":{"line":201,"column":9}}],"line":197},"20":{"loc":{"start":{"line":221,"column":8},"end":{"line":225,"column":9}},"type":"if","locations":[{"start":{"line":221,"column":8},"end":{"line":225,"column":9}},{"start":{"line":221,"column":8},"end":{"line":225,"column":9}}],"line":221},"21":{"loc":{"start":{"line":227,"column":10},"end":{"line":231,"column":11}},"type":"if","locations":[{"start":{"line":227,"column":10},"end":{"line":231,"column":11}},{"start":{"line":227,"column":10},"end":{"line":231,"column":11}}],"line":227}},"s":{"0":1,"1":1,"2":1,"3":1,"4":1,"5":1,"6":1,"7":1,"8":1,"9":1,"10":1,"11":1,"12":1,"13":1,"14":6,"15":1,"16":1,"17":1,"18":1,"19":1,"20":6,"21":6,"22":2,"23":6,"24":2,"25":6,"26":2,"27":6,"28":2,"29":6,"30":2,"31":6,"32":2,"33":4,"34":1,"35":1,"36":1,"37":3,"38":42,"39":42,"40":1,"41":42,"42":1,"43":42,"44":1,"45":41,"46":41,"47":2,"48":39,"49":38,"50":38,"51":38,"52":1,"53":0,"54":0,"55":0,"56":0,"57":0,"58":0,"59":0,"60":2,"61":2,"62":1,"63":1,"64":0,"65":4,"66":3,"67":1,"68":2,"69":2,"70":1,"71":1,"72":0,"73":1,"74":1,"75":1},"f":{"0":6,"1":1,"2":1,"3":6,"4":1,"5":3,"6":42,"7":41,"8":0,"9":0,"10":0,"11":0,"12":2,"13":2,"14":0,"15":4,"16":3,"17":2,"18":0,"19":1},"b":{"0":[3,3],"1":[6,6],"2":[2,4],"3":[6,4],"4":[2,4],"5":[6,4],"6":[2,4],"7":[6,4],"8":[2,4],"9":[2,4],"10":[6,4],"11":[2,4],"12":[1,41],"13":[42,41],"14":[1,41],"15":[1,41],"16":[2,39],"17":[38,1],"18":[0,0],"19":[1,1],"20":[1,2],"21":[1,1]},"_coverageSchema":"332fd63041d2c1bcb487cc26dd0d5f7d97098a6c","hash":"7da94e53dba29f92cce519b27c3c64f7ec84ddf2","contentHash":"3fe2f828741eb5dbc0fe17d50b96a6cb_11.3.0"},"/Users/andeladeveloper/Documents/More-Recipes/server/routes/reviews.js":{"path":"/Users/andeladeveloper/Documents/More-Recipes/server/routes/reviews.js","statementMap":{"0":{"start":{"line":3,"column":0},"end":{"line":5,"column":3}},"1":{"start":{"line":7,"column":15},"end":{"line":7,"column":33}},"2":{"start":{"line":9,"column":16},"end":{"line":9,"column":48}},"3":{"start":{"line":11,"column":15},"end":{"line":11,"column":48}},"4":{"start":{"line":13,"column":16},"end":{"line":13,"column":48}},"5":{"start":{"line":15,"column":20},"end":{"line":15,"column":57}},"6":{"start":{"line":17,"column":21},"end":{"line":17,"column":58}},"7":{"start":{"line":19,"column":29},"end":{"line":19,"column":75}},"8":{"start":{"line":21,"column":30},"end":{"line":21,"column":76}},"9":{"start":{"line":23,"column":39},"end":{"line":23,"column":93}},"10":{"start":{"line":25,"column":13},"end":{"line":25,"column":39}},"11":{"start":{"line":27,"column":24},"end":{"line":27,"column":47}},"12":{"start":{"line":31,"column":0},"end":{"line":31,"column":86}},"13":{"start":{"line":35,"column":0},"end":{"line":35,"column":120}},"14":{"start":{"line":39,"column":0},"end":{"line":39,"column":123}},"15":{"start":{"line":43,"column":0},"end":{"line":43,"column":67}},"16":{"start":{"line":45,"column":0},"end":{"line":45,"column":25}}},"fnMap":{"0":{"name":"_interopRequireDefault","decl":{"start":{"line":23,"column":9},"end":{"line":23,"column":31}},"loc":{"start":{"line":23,"column":37},"end":{"line":23,"column":95}},"line":23}},"branchMap":{"0":{"loc":{"start":{"line":23,"column":46},"end":{"line":23,"column":92}},"type":"cond-expr","locations":[{"start":{"line":23,"column":70},"end":{"line":23,"column":73}},{"start":{"line":23,"column":76},"end":{"line":23,"column":92}}],"line":23},"1":{"loc":{"start":{"line":23,"column":46},"end":{"line":23,"column":67}},"type":"binary-expr","locations":[{"start":{"line":23,"column":46},"end":{"line":23,"column":49}},{"start":{"line":23,"column":53},"end":{"line":23,"column":67}}],"line":23}},"s":{"0":1,"1":1,"2":1,"3":1,"4":1,"5":1,"6":1,"7":1,"8":1,"9":4,"10":1,"11":1,"12":1,"13":1,"14":1,"15":1,"16":1},"f":{"0":4},"b":{"0":[3,1],"1":[4,4]},"_coverageSchema":"332fd63041d2c1bcb487cc26dd0d5f7d97098a6c","hash":"8b3e757289719aa74a5790b68b46024b2089b0d8","contentHash":"582401484836f1006d39fb36141b7004_11.3.0"},"/Users/andeladeveloper/Documents/More-Recipes/server/controllers/reviews.js":{"path":"/Users/andeladeveloper/Documents/More-Recipes/server/controllers/reviews.js","statementMap":{"0":{"start":{"line":3,"column":0},"end":{"line":5,"column":3}},"1":{"start":{"line":7,"column":23},"end":{"line":7,"column":70}},"2":{"start":{"line":9,"column":23},"end":{"line":9,"column":63}},"3":{"start":{"line":11,"column":20},"end":{"line":11,"column":64}},"4":{"start":{"line":13,"column":20},"end":{"line":13,"column":57}},"5":{"start":{"line":15,"column":14},"end":{"line":15,"column":34}},"6":{"start":{"line":17,"column":15},"end":{"line":17,"column":46}},"7":{"start":{"line":19,"column":18},"end":{"line":19,"column":50}},"8":{"start":{"line":21,"column":39},"end":{"line":21,"column":93}},"9":{"start":{"line":23,"column":13},"end":{"line":23,"column":36}},"10":{"start":{"line":24,"column":13},"end":{"line":24,"column":36}},"11":{"start":{"line":30,"column":24},"end":{"line":172,"column":3}},"12":{"start":{"line":32,"column":4},"end":{"line":32,"column":59}},"13":{"start":{"line":35,"column":2},"end":{"line":170,"column":6}},"14":{"start":{"line":45,"column":6},"end":{"line":49,"column":7}},"15":{"start":{"line":46,"column":8},"end":{"line":48,"column":11}},"16":{"start":{"line":50,"column":6},"end":{"line":72,"column":9}},"17":{"start":{"line":51,"column":8},"end":{"line":67,"column":9}},"18":{"start":{"line":52,"column":10},"end":{"line":62,"column":13}},"19":{"start":{"line":57,"column":12},"end":{"line":61,"column":15}},"20":{"start":{"line":64,"column":10},"end":{"line":66,"column":13}},"21":{"start":{"line":69,"column":8},"end":{"line":71,"column":11}},"22":{"start":{"line":84,"column":6},"end":{"line":109,"column":9}},"23":{"start":{"line":85,"column":8},"end":{"line":89,"column":9}},"24":{"start":{"line":86,"column":10},"end":{"line":88,"column":13}},"25":{"start":{"line":90,"column":8},"end":{"line":104,"column":11}},"26":{"start":{"line":91,"column":10},"end":{"line":95,"column":11}},"27":{"start":{"line":92,"column":12},"end":{"line":94,"column":15}},"28":{"start":{"line":96,"column":10},"end":{"line":99,"column":13}},"29":{"start":{"line":101,"column":10},"end":{"line":103,"column":13}},"30":{"start":{"line":106,"column":8},"end":{"line":108,"column":11}},"31":{"start":{"line":121,"column":6},"end":{"line":145,"column":9}},"32":{"start":{"line":122,"column":8},"end":{"line":142,"column":11}},"33":{"start":{"line":130,"column":30},"end":{"line":134,"column":11}},"34":{"start":{"line":135,"column":10},"end":{"line":137,"column":13}},"35":{"start":{"line":139,"column":10},"end":{"line":141,"column":13}},"36":{"start":{"line":144,"column":8},"end":{"line":144,"column":68}},"37":{"start":{"line":158,"column":6},"end":{"line":168,"column":9}},"38":{"start":{"line":159,"column":8},"end":{"line":167,"column":11}},"39":{"start":{"line":160,"column":10},"end":{"line":162,"column":13}},"40":{"start":{"line":164,"column":10},"end":{"line":166,"column":13}},"41":{"start":{"line":171,"column":2},"end":{"line":171,"column":27}},"42":{"start":{"line":174,"column":0},"end":{"line":174,"column":36}}},"fnMap":{"0":{"name":"_interopRequireDefault","decl":{"start":{"line":21,"column":9},"end":{"line":21,"column":31}},"loc":{"start":{"line":21,"column":37},"end":{"line":21,"column":95}},"line":21},"1":{"name":"(anonymous_1)","decl":{"start":{"line":30,"column":24},"end":{"line":30,"column":25}},"loc":{"start":{"line":30,"column":36},"end":{"line":172,"column":1}},"line":30},"2":{"name":"ReviewsController","decl":{"start":{"line":31,"column":11},"end":{"line":31,"column":28}},"loc":{"start":{"line":31,"column":31},"end":{"line":33,"column":3}},"line":31},"3":{"name":"addReviews","decl":{"start":{"line":44,"column":20},"end":{"line":44,"column":30}},"loc":{"start":{"line":44,"column":41},"end":{"line":73,"column":5}},"line":44},"4":{"name":"(anonymous_4)","decl":{"start":{"line":50,"column":48},"end":{"line":50,"column":49}},"loc":{"start":{"line":50,"column":66},"end":{"line":68,"column":7}},"line":50},"5":{"name":"(anonymous_5)","decl":{"start":{"line":56,"column":18},"end":{"line":56,"column":19}},"loc":{"start":{"line":56,"column":36},"end":{"line":62,"column":11}},"line":56},"6":{"name":"(anonymous_6)","decl":{"start":{"line":68,"column":15},"end":{"line":68,"column":16}},"loc":{"start":{"line":68,"column":27},"end":{"line":72,"column":7}},"line":68},"7":{"name":"getRecipeReviews","decl":{"start":{"line":83,"column":20},"end":{"line":83,"column":36}},"loc":{"start":{"line":83,"column":47},"end":{"line":110,"column":5}},"line":83},"8":{"name":"(anonymous_8)","decl":{"start":{"line":84,"column":66},"end":{"line":84,"column":67}},"loc":{"start":{"line":84,"column":84},"end":{"line":105,"column":7}},"line":84},"9":{"name":"(anonymous_9)","decl":{"start":{"line":90,"column":74},"end":{"line":90,"column":75}},"loc":{"start":{"line":90,"column":93},"end":{"line":100,"column":9}},"line":90},"10":{"name":"(anonymous_10)","decl":{"start":{"line":100,"column":17},"end":{"line":100,"column":18}},"loc":{"start":{"line":100,"column":29},"end":{"line":104,"column":9}},"line":100},"11
[...]
umn":0},"end":{"line":37,"column":39}},"22":{"start":{"line":39,"column":0},"end":{"line":108,"column":3}},"23":{"start":{"line":41,"column":2},"end":{"line":107,"column":5}},"24":{"start":{"line":43,"column":4},"end":{"line":57,"column":7}},"25":{"start":{"line":44,"column":6},"end":{"line":47,"column":9}},"26":{"start":{"line":45,"column":8},"end":{"line":45,"column":41}},"27":{"start":{"line":46,"column":8},"end":{"line":46,"column":43}},"28":{"start":{"line":48,"column":6},"end":{"line":51,"column":9}},"29":{"start":{"line":49,"column":8},"end":{"line":49,"column":41}},"30":{"start":{"line":50,"column":8},"end":{"line":50,"column":43}},"31":{"start":{"line":52,"column":6},"end":{"line":56,"column":9}},"32":{"start":{"line":53,"column":8},"end":{"line":53,"column":41}},"33":{"start":{"line":54,"column":8},"end":{"line":54,"column":43}},"34":{"start":{"line":55,"column":8},"end":{"line":55,"column":15}},"35":{"start":{"line":59,"column":4},"end":{"line":65,"column":7}},"36":{"start":{"line":60,"column":6},"end":{"line":64,"column":9}},"37":{"start":{"line":61,"column":8},"end":{"line":61,"column":45}},"38":{"start":{"line":62,"column":8},"end":{"line":62,"column":72}},"39":{"start":{"line":63,"column":8},"end":{"line":63,"column":15}},"40":{"start":{"line":66,"column":4},"end":{"line":72,"column":7}},"41":{"start":{"line":67,"column":6},"end":{"line":71,"column":9}},"42":{"start":{"line":68,"column":8},"end":{"line":68,"column":45}},"43":{"start":{"line":69,"column":8},"end":{"line":69,"column":68}},"44":{"start":{"line":70,"column":8},"end":{"line":70,"column":15}},"45":{"start":{"line":73,"column":4},"end":{"line":79,"column":7}},"46":{"start":{"line":74,"column":6},"end":{"line":78,"column":9}},"47":{"start":{"line":75,"column":8},"end":{"line":75,"column":45}},"48":{"start":{"line":76,"column":8},"end":{"line":76,"column":65}},"49":{"start":{"line":77,"column":8},"end":{"line":77,"column":15}},"50":{"start":{"line":80,"column":4},"end":{"line":86,"column":7}},"51":{"start":{"line":81,"column":6},"end":{"line":85,"column":9}},"52":{"start":{"line":82,"column":8},"end":{"line":82,"column":45}},"53":{"start":{"line":83,"column":8},"end":{"line":83,"column":66}},"54":{"start":{"line":84,"column":8},"end":{"line":84,"column":15}},"55":{"start":{"line":87,"column":4},"end":{"line":96,"column":7}},"56":{"start":{"line":88,"column":6},"end":{"line":95,"column":9}},"57":{"start":{"line":89,"column":8},"end":{"line":89,"column":45}},"58":{"start":{"line":90,"column":19},"end":{"line":90,"column":44}},"59":{"start":{"line":91,"column":8},"end":{"line":91,"column":36}},"60":{"start":{"line":92,"column":8},"end":{"line":92,"column":48}},"61":{"start":{"line":93,"column":8},"end":{"line":93,"column":79}},"62":{"start":{"line":94,"column":8},"end":{"line":94,"column":15}},"63":{"start":{"line":97,"column":4},"end":{"line":106,"column":7}},"64":{"start":{"line":98,"column":6},"end":{"line":105,"column":9}},"65":{"start":{"line":99,"column":8},"end":{"line":99,"column":45}},"66":{"start":{"line":100,"column":19},"end":{"line":100,"column":44}},"67":{"start":{"line":101,"column":8},"end":{"line":101,"column":36}},"68":{"start":{"line":102,"column":8},"end":{"line":102,"column":50}},"69":{"start":{"line":103,"column":8},"end":{"line":103,"column":79}},"70":{"start":{"line":104,"column":8},"end":{"line":104,"column":15}}},"fnMap":{"0":{"name":"_interopRequireDefault","decl":{"start":{"line":19,"column":9},"end":{"line":19,"column":31}},"loc":{"start":{"line":19,"column":37},"end":{"line":19,"column":95}},"line":19},"1":{"name":"(anonymous_1)","decl":{"start":{"line":39,"column":35},"end":{"line":39,"column":36}},"loc":{"start":{"line":39,"column":47},"end":{"line":108,"column":1}},"line":39},"2":{"name":"(anonymous_2)","decl":{"start":{"line":41,"column":26},"end":{"line":41,"column":27}},"loc":{"start":{"line":41,"column":38},"end":{"line":107,"column":3}},"line":41},"3":{"name":"(anonymous_3)","decl":{"start":{"line":43,"column":11},"end":{"line":43,"column":12}},"loc":{"start":{"line":43,"column":27},"end":{"line":57,"column":5}},"line":43},"4":{"name":"(anonymous_4)","decl":{"start":{"line":44,"column":95},"end":{"line":44,"column":96}},"loc":{"start":{"line":44,"column":122},"end":{"line":47,"column":7}},"line":44},"5":{"name":"(anonymous_5)","decl":{"start":{"line":48,"column":95},"end":{"line":48,"column":96}},"loc":{"start":{"line":48,"column":122},"end":{"line":51,"column":7}},"line":48},"6":{"name":"(anonymous_6)","decl":{"start":{"line":52,"column":95},"end":{"line":52,"column":96}},"loc":{"start":{"line":52,"column":122},"end":{"line":56,"column":7}},"line":52},"7":{"name":"(anonymous_7)","decl":{"start":{"line":59,"column":58},"end":{"line":59,"column":59}},"loc":{"start":{"line":59,"column":74},"end":{"line":65,"column":5}},"line":59},"8":{"name":"(anonymous_8)","decl":{"start":{"line":60,"column":71},"end":{"line":60,"column":72}},"loc":{"start":{"line":60,"column":98},"end":{"line":64,"column":7}},"line":60},"9":{"name":"(anonymous_9)","decl":{"start":{"line":66,"column":76},"end":{"line":66,"column":77}},"loc":{"start":{"line":66,"column":92},"end":{"line":72,"column":5}},"line":66},"10":{"name":"(anonymous_10)","decl":{"start":{"line":67,"column":114},"end":{"line":67,"column":115}},"loc":{"start":{"line":67,"column":141},"end":{"line":71,"column":7}},"line":67},"11":{"name":"(anonymous_11)","decl":{"start":{"line":73,"column":68},"end":{"line":73,"column":69}},"loc":{"start":{"line":73,"column":84},"end":{"line":79,"column":5}},"line":73},"12":{"name":"(anonymous_12)","decl":{"start":{"line":74,"column":115},"end":{"line":74,"column":116}},"loc":{"start":{"line":74,"column":142},"end":{"line":78,"column":7}},"line":74},"13":{"name":"(anonymous_13)","decl":{"start":{"line":80,"column":98},"end":{"line":80,"column":99}},"loc":{"start":{"line":80,"column":114},"end":{"line":86,"column":5}},"line":80},"14":{"name":"(anonymous_14)","decl":{"start":{"line":81,"column":119},"end":{"line":81,"column":120}},"loc":{"start":{"line":81,"column":146},"end":{"line":85,"column":7}},"line":81},"15":{"name":"(anonymous_15)","decl":{"start":{"line":87,"column":56},"end":{"line":87,"column":57}},"loc":{"start":{"line":87,"column":72},"end":{"line":96,"column":5}},"line":87},"16":{"name":"(anonymous_16)","decl":{"start":{"line":88,"column":114},"end":{"line":88,"column":115}},"loc":{"start":{"line":88,"column":141},"end":{"line":95,"column":7}},"line":88},"17":{"name":"(anonymous_17)","decl":{"start":{"line":97,"column":128},"end":{"line":97,"column":129}},"loc":{"start":{"line":97,"column":144},"end":{"line":106,"column":5}},"line":97},"18":{"name":"(anonymous_18)","decl":{"start":{"line":98,"column":118},"end":{"line":98,"column":119}},"loc":{"start":{"line":98,"column":145},"end":{"line":105,"column":7}},"line":98}},"branchMap":{"0":{"loc":{"start":{"line":19,"column":46},"end":{"line":19,"column":92}},"type":"cond-expr","locations":[{"start":{"line":19,"column":70},"end":{"line":19,"column":73}},{"start":{"line":19,"column":76},"end":{"line":19,"column":92}}],"line":19},"1":{"loc":{"start":{"line":19,"column":46},"end":{"line":19,"column":67}},"type":"binary-expr","locations":[{"start":{"line":19,"column":46},"end":{"line":19,"column":49}},{"start":{"line":19,"column":53},"end":{"line":19,"column":67}}],"line":19}},"s":{"0":1,"1":1,"2":1,"3":1,"4":1,"5":1,"6":1,"7":1,"8":4,"9":1,"10":1,"11":1,"12":1,"13":1,"14":1,"15":1,"16":1,"17":1,"18":1,"19":1,"20":1,"21":1,"22":1,"23":1,"24":1,"25":1,"26":1,"27":1,"28":1,"29":1,"30":1,"31":1,"32":1,"33":1,"34":1,"35":1,"36":1,"37":1,"38":1,"39":1,"40":1,"41":1,"42":1,"43":1,"44":1,"45":1,"46":1,"47":1,"48":1,"49":1,"50":1,"51":1,"52":1,"53":1,"54":1,"55":1,"56":1,"57":1,"58":1,"59":1,"60":1,"61":1,"62":1,"63":1,"64":1,"65":1,"66":1,"67":1,"68":1,"69":1,"70":1},"f":{"0":4,"1":1,"2":1,"3":1,"4":1,"5":1,"6":1,"7":1,"8":1,"9":1,"10":1,"11":1,"12":1,"13":1,"14":1,"15":1,"16":1,"17":1,"18":1},"b":{"0":[2,2],"1":[4,4]},"_coverageSchema":"332fd63041d2c1bcb487cc26dd0d5f7d97098a6c","hash":"77169b25da6068a3c47567529d10eecfb3fb9cc5","contentHash":"5d1e19cbb937dc4b15c50aa11dd86d4d_11.3.0"},"/Users/andeladeveloper/Documents/More-Recipes/server/tests/controllers/userRecipes.spec.js":{"path":"/Users/andeladeveloper/Documents/More-Recipes/server/tests/controllers/userRecipes.spec.js","statementMap":{"0":{"start":{"line":3,"column":12},"end":{"line":3,"column":27}},"1":{"start":{"line":5,"column":13},"end":{"line":5,"column":42}},"2":{"start":{"line":7,"column":16},"end":{"line":7,"column":36}},"3":{"start":{"line":9,"column":17},"end":{"line":9,"column":50}},"4":{"start":{"line":11,"column":11},"end":{"line":11,"column":31}},"5":{"start":{"line":13,"column":12},"end":{"line":13,"column":40}},"6":{"start":{"line":15,"column":16},"end":{"line":15,"column":38}},"7":{"start":{"line":17,"column":17},"end":{"line":17,"column":50}},"8":{"start":{"line":19,"column":39},"end":{"line":19,"column":93}},"9":{"start":{"line":22,"column":13},"end":{"line":22,"column":34}},"10":{"start":{"line":23,"column":17},"end":{"line":23,"column":23}},"11":{"start":{"line":24,"column":17},"end":{"line":24,"column":23}},"12":{"start":{"line":25,"column":17},"end":{"line":25,"column":23}},"13":{"start":{"line":26,"column":12},"end":{"line":26,"column":18}},"14":{"start":{"line":27,"column":12},"end":{"line":27,"column":18}},"15":{"start":{"line":28,"column":12},"end":{"line":28,"column":18}},"16":{"start":{"line":30,"column":18},"end":{"line":30,"column":48}},"17":{"start":{"line":31,"column":18},"end":{"line":31,"column":48}},"18":{"start":{"line":32,"column":18},"end":{"line":32,"column":48}},"19":{"start":{"line":33,"column":26},"end":{"line":33,"column":64}},"20":{"start":{"line":34,"column":26},"end":{"line":34,"column":64}},"21":{"start":{"line":35,"column":17},"end":{"line":35,"column":46}},"22":{"start":{"line":36,"column":23},"end":{"line":36,"column":58}},"23":{"start":{"line":37,"column":26},"end":{"line":37,"column":64}},"24":{"start":{"line":38,"column":23},"end":{"line":38,"column":58}},"25":{"start":{"line":41,"column":0},"end":{"line":41,"column":39}},"26":{"start":{"line":43,"column":0},"end":{"line":128,"column":3}},"27":{"start":{"line":45,"column":2},"end":{"line":127,"column":5}},"28":{"start":{"line":47,"column":4},"end":{"line":61,"column":7}},"29":{"start":{"line":48,"column":6},"end":{"line":51,"column":9}},"30":{"start":{"line":49,"column":8},"end":{"line":49,"column":41}},"31":{"start":{"line":50,"column":8},"end":{"line":50,"column":43}},"32":{"start":{"line":52,"column":6},"end":{"line":55,"column":9}},"33":{"start":{"line":53,"column":8},"end":{"line":53,"column":41}},"34":{"start":{"line":54,"column":8},"end":{"line":54,"column":43}},"35":{"start":{"line":56,"column":6},"end":{"line":60,"column":9}},"36":{"start":{"line":57,"column":8},"end":{"line":57,"column":41}},"37":{"start":{"line":58,"column":8},"end":{"line":58,"column":43}},"38":{"start":{"line":59,"column":8},"end":{"line":59,"column":15}},"39":{"start":{"line":63,"column":4},"end":{"line":70,"column":7}},"40":{"start":{"line":64,"column":6},"end":{"line":69,"column":9}},"41":{"start":{"line":65,"column":8},"end":{"line":65,"column":45}},"42":{"start":{"line":66,"column":8},"end":{"line":66,"column":72}},"43":{"start":{"line":67,"column":8},"end":{"line":67,"column":67}},"44":{"start":{"line":68,"column":8},"end":{"line":68,"column":15}},"45":{"start":{"line":71,"column":4},"end":{"line":78,"column":7}},"46":{"start":{"line":72,"column":6},"end":{"line":77,"column":9}},"47":{"start":{"line":73,"column":8},"end":{"line":73,"column":45}},"48":{"start":{"line":74,"column":8},"end":{"line":74,"column":49}},"49":{"start":{"line":75,"column":8},"end":{"line":75,"column":72}},"50":{"start":{"line":76,"column":8},"end":{"line":76,"column":15}},"51":{"start":{"line":79,"column":4},"end":{"line":86,"column":7}},"52":{"start":{"line":80,"column":6},"end":{"line":85,"column":9}},"53":{"start":{"line":81,"column":8},"end":{"line":81,"column":45}},"54":{"start":{"line":82,"column":8},"end":{"line":82,"column":49}},"55":{"start":{"line":83,"column":8},"end":{"line":83,"column":70}},"56":{"start":{"line":84,"column":8},"end":{"line":84,"column":15}},"57":{"start":{"line":87,"column":4},"end":{"line":94,"column":7}},"58":{"start":{"line":88,"column":6},"end":{"line":93,"column":9}},"59":{"start":{"line":89,"column":8},"end":{"line":89,"column":45}},"60":{"start":{"line":90,"column":8},"end":{"line":90,"column":72}},"61":{"start":{"line":91,"column":8},"end":{"line":91,"column":67}},"62":{"start":{"line":92,"column":8},"end":{"line":92,"column":15}},"63":{"start":{"line":95,"column":4},"end":{"line":102,"column":7}},"64":{"start":{"line":96,"column":6},"end":{"line":101,"column":9}},"65":{"start":{"line":97,"column":8},"end":{"line":97,"column":45}},"66":{"start":{"line":98,"column":8},"end":{"line":98,"column":49}},"67":{"start":{"line":99,"column":8},"end":{"line":99,"column":72}},"68":{"start":{"line":100,"column":8},"end":{"line":100,"column":15}},"69":{"start":{"line":103,"column":4},"end":{"line":110,"column":7}},"70":{"start":{"line":104,"column":6},"end":{"line":109,"column":9}},"71":{"start":{"line":105,"column":8},"end":{"line":105,"column":45}},"72":{"start":{"line":106,"column":8},"end":{"line":106,"column":49}},"73":{"start":{"line":107,"column":8},"end":{"line":107,"column":65}},"74":{"start":{"line":108,"column":8},"end":{"line":108,"column":15}},"75":{"start":{"line":111,"column":4},"end":{"line":118,"column":7}},"76":{"start":{"line":112,"column":6},"end":{"line":117,"column":9}},"77":{"start":{"line":113,"column":8},"end":{"line":113,"column":45}},"78":{"start":{"line":114,"column":8},"end":{"line":114,"column":49}},"79":{"start":{"line":115,"column":8},"end":{"line":115,"column":70}},"80":{"start":{"line":116,"column":8},"end":{"line":116,"column":15}},"81":{"start":{"line":119,"column":4},"end":{"line":126,"column":7}},"82":{"start":{"line":120,"column":6},"end":{"line":125,"column":9}},"83":{"start":{"line":121,"column":8},"end":{"line":121,"column":45}},"84":{"start":{"line":122,"column":8},"end":{"line":122,"column":49}},"85":{"start":{"line":123,"column":8},"end":{"line":123,"column":66}},"86":{"start":{"line":124,"column":8},"end":{"line":124,"column":15}}},"fnMap":{"0":{"name":"_interopRequireDefault","decl":{"start":{"line":19,"column":9},"end":{"line":19,"column":31}},"loc":{"start":{"line":19,"column":37},"end":{"line":19,"column":95}},"line":19},"1":{"name":"(anonymous_1)","decl":{"start":{"line":43,"column":28},"end":{"line":43,"column":29}},"loc":{"start":{"line":43,"column":40},"end":{"line":128,"column":1}},"line":43},"2":{"name":"(anonymous_2)","decl":{"start":{"line":45,"column":36},"end":{"line":45,"column":37}},"loc":{"start":{"line":45,"column":48},"end":{"line":127,"column":3}},"line":45},"3":{"name":"(anonymous_3)","decl":{"start":{"line":47,"column":11},"end":{"line":47,"column":12}},"loc":{"start":{"line":47,"column":27},"end":{"line":61,"column":5}},"line":47},"4":{"name":"(anonymous_4)","decl":{"start":{"line":48,"column":95},"end":{"line":48,"column":96}},"loc":{"start":{"line":48,"column":122},"end":{"line":51,"column":7}},"line":48},"5":{"name":"(anonymous_5)","decl":{"start":{"line":52,"column":95},"end":{"line":52,"column":96}},"loc":{"start":{"line":52,"column":122},"end":{"line":55,"column":7}},"line":52},"6":{"name":"(anonymous_6)","decl":{"start":{"line":56,"column":95},"end":{"line":56,"column":96}},"loc":{"start":{"line":56,"column":122},"end":{"line":60,"column":7}},"line":56},"7":{"name":"(anonymous_7)","decl":{"start":{"line":63,"column":79},"end":{"line":63,"column":80}},"loc":{"start":{"line":63,"column":95},"end":{"line":70,"column":5}},"line":63},"8":{"name":"(anonymous_8)","decl":{"start":{"line":64,"column":104},"end":{"line":64,"column":105}},"loc":{"start":{"line":64,"column":131},"end":{"line":69,"column":7}},"line":64},"9":{"name":"(anonymous_9)","decl":{"start":{"line":71,"column":58},"end":{"line":71,"column":59}},"loc":{"start":{"line":71,"column":74},"end":{"line":78,"column":5}},"line":71},"10":{"name":"(anonymous_10)","decl":{"start":{"line":72,"column":79},"end":{"line":72,"column":80}},"loc":{"start":{"line":72,"column":106},"end":{"line":77,"column":7}},"line":72},"11":{"name":"(anonymous_11)","decl":{"start":{"line":79,"column":66},"end":{"line":79,"column":67}},"loc":{"start":{"line":79,"column":82},"end":{"line":86,"column":5}},"line":79},"12":{"name":"(anonymous_12)","decl":{"start":{"line":80,"column":104},"end":{"line":80,"column":105}},"loc":{"start":{"line":80,"column":131},"end":{"line":85,"column":7}},"line":80},"13":{"name":"(anonymous_13)","decl":{"start":{"line":87,"column":95},"end":{"line":87,"column":96}},"loc":{"start":{"line":87,"column":111},"end":{"line":94,"column":5}},"line":87},"14":{"name":"(anonymous_14)","decl":{"start":{"line":88,"column":104},"end":{"line":88,"column":105}},"loc":{"start":{"line":88,"column":131},"end":{"line":93,"column":7}},"line":88},"15":{"name":"(anonymous_15)","decl":{"start":{"line":95,"column":80},"end":{"line":95,"column":81}},"loc":{"start":{"line":95,"column":96},"end":{"line":102,"column":5}},"line":95},"16":{"name":"(anonymous_16)","decl":{"start":{"line":96,"column":79},"end":{"line":96,"column":80}},"loc":{"start":{"line":96,"column":106},"end":{"line":101,"column":7}},"line":96},"17":{"name":"(anonymous_17)","decl":{"start":{"line":103,"column":80},"end":{"line":103,"column":81}},"loc":{"start":{"line":103,"column":96},"end":{"line":110,"column":5}},"line":103},"18":{"name":"(anonymous_18)","decl":{"start":{"line":104,"column":105},"end":{"line":104,"column":106}},"loc":{"start":{"line":104,"column":132},"end":{"line":109,"column":7}},"line":104},"19":{"name":"(anonymous_19)","decl":{"start":{"line":111,"column":76},"end":{"line":111,"column":77}},"loc":{"start":{"line":111,"column":92},"end":{"line":118,"column":5}},"line":111},"20":{"name":"(anonymous_20)","decl":{"start":{"line":112,"column":104},"end":{"line":112,"column":105}},"loc":{"start":{"line":112,"column":131},"end":{"line":117,"column":7}},"line":112},"21":{"name":"(anonymous_21)","decl":{"start":{"line":119,"column":83},"end":{"line":119,"column":84}},"loc":{"start":{"line":119,"column":99},"end":{"line":126,"column":5}},"line":119},"22":{"name":"(anonymous_22)","decl":{"start":{"line":120,"column":109},"end":{"line":120,"column":110}},"loc":{"start":{"line":120,"column":136},"end":{"line":125,"column":7}},"line":120}},"branchMap":{"0":{"loc":{"start":{"line":19,"column":46},"end":{"line":19,"column":92}},"type":"cond-expr","locations":[{"start":{"line":19,"column":70},"end":{"line":19,"column":73}},{"start":{"line":19,"column":76},"end":{"line":19,"column":92}}],"line":19},"1":{"loc":{"start":{"line":19,"column":46},"end":{"line":19,"column":67}},"type":"binary-expr","locations":[{"start":{"line":19,"column":46},"end":{"line":19,"column":49}},{"start":{"line":19,"column":53},"end":{"line":19,"column":67}}],"line":19}},"s":{"0":1,"1":1,"2":1,"3":1,"4":1,"5":1,"6":1,"7":1,"8":4,"9":1,"10":1,"11":1,"12":1,"13":1,"14":1,"15":1,"16":1,"17":1,"18":1,"19":1,"20":1,"21":1,"22":1,"23":1,"24":1,"25":1,"26":1,"27":1,"28":1,"29":1,"30":1,"31":1,"32":1,"33":1,"34":1,"35":1,"36":1,"37":1,"38":1,"39":1,"40":1,"41":1,"42":1,"43":1,"44":1,"45":1,"46":1,"47":1,"48":1,"49":1,"50":1,"51":1,"52":1,"53":1,"54":1,"55":1,"56":1,"57":1,"58":1,"59":1,"60":1,"61":1,"62":1,"63":1,"64":1,"65":1,"66":1,"67":1,"68":1,"69":1,"70":1,"71":1,"72":1,"73":1,"74":1,"75":1,"76":1,"77":1,"78":1,"79":1,"80":1,"81":1,"82":1,"83":1,"84":1,"85":1,"86":1},"f":{"0":4,"1":1,"2":1,"3":1,"4":1,"5":1,"6":1,"7":1,"8":1,"9":1,"10":1,"11":1,"12":1,"13":1,"14":1,"15":1,"16":1,"17":1,"18":1,"19":1,"20":1,"21":1,"22":1},"b":{"0":[2,2],"1":[4,4]},"_coverageSchema":"332fd63041d2c1bcb487cc26dd0d5f7d97098a6c","hash":"4409370ae80d45e3f289da79f1396dad29cd7e5a","contentHash":"93fcfd632e544371d7eee66722369904_11.3.0"}}