{"C:\\Users\\Abaniwo\\Desktop\\More-Recipes\\server\\tests\\test.js":{"path":"C:\\Users\\Abaniwo\\Desktop\\More-Recipes\\server\\tests\\test.js","statementMap":{"0":{"start":{"line":3,"column":12},"end":{"line":3,"column":27}},"1":{"start":{"line":5,"column":13},"end":{"line":5,"column":42}},"2":{"start":{"line":7,"column":16},"end":{"line":7,"column":36}},"3":{"start":{"line":9,"column":17},"end":{"line":9,"column":50}},"4":{"start":{"line":11,"column":13},"end":{"line":11,"column":48}},"5":{"start":{"line":13,"column":14},"end":{"line":13,"column":44}},"6":{"start":{"line":15,"column":11},"end":{"line":15,"column":28}},"7":{"start":{"line":17,"column":12},"end":{"line":17,"column":40}},"8":{"start":{"line":19,"column":39},"end":{"line":19,"column":93}},"9":{"start":{"line":22,"column":13},"end":{"line":22,"column":34}},"10":{"start":{"line":23,"column":0},"end":{"line":23,"column":39}},"11":{"start":{"line":24,"column":19},"end":{"line":27,"column":1}},"12":{"start":{"line":28,"column":20},"end":{"line":31,"column":1}},"13":{"start":{"line":33,"column":22},"end":{"line":39,"column":1}},"14":{"start":{"line":41,"column":0},"end":{"line":79,"column":3}},"15":{"start":{"line":42,"column":4},"end":{"line":78,"column":7}},"16":{"start":{"line":43,"column":8},"end":{"line":51,"column":11}},"17":{"start":{"line":44,"column":12},"end":{"line":50,"column":15}},"18":{"start":{"line":46,"column":16},"end":{"line":46,"column":53}},"19":{"start":{"line":47,"column":16},"end":{"line":47,"column":57}},"20":{"start":{"line":49,"column":16},"end":{"line":49,"column":23}},"21":{"start":{"line":52,"column":8},"end":{"line":60,"column":11}},"22":{"start":{"line":53,"column":12},"end":{"line":59,"column":15}},"23":{"start":{"line":54,"column":29},"end":{"line":54,"column":54}},"24":{"start":{"line":55,"column":16},"end":{"line":55,"column":53}},"25":{"start":{"line":56,"column":16},"end":{"line":56,"column":57}},"26":{"start":{"line":57,"column":16},"end":{"line":57,"column":46}},"27":{"start":{"line":58,"column":16},"end":{"line":58,"column":23}},"28":{"start":{"line":61,"column":8},"end":{"line":69,"column":11}},"29":{"start":{"line":62,"column":12},"end":{"line":68,"column":15}},"30":{"start":{"line":63,"column":29},"end":{"line":63,"column":54}},"31":{"start":{"line":64,"column":16},"end":{"line":64,"column":53}},"32":{"start":{"line":65,"column":16},"end":{"line":65,"column":57}},"33":{"start":{"line":66,"column":16},"end":{"line":66,"column":80}},"34":{"start":{"line":67,"column":16},"end":{"line":67,"column":23}},"35":{"start":{"line":70,"column":8},"end":{"line":77,"column":11}},"36":{"start":{"line":71,"column":12},"end":{"line":76,"column":15}},"37":{"start":{"line":72,"column":16},"end":{"line":72,"column":53}},"38":{"start":{"line":73,"column":16},"end":{"line":73,"column":57}},"39":{"start":{"line":74,"column":16},"end":{"line":74,"column":79}},"40":{"start":{"line":75,"column":16},"end":{"line":75,"column":23}},"41":{"start":{"line":81,"column":0},"end":{"line":693,"column":3}},"42":{"start":{"line":82,"column":4},"end":{"line":692,"column":7}},"43":{"start":{"line":83,"column":20},"end":{"line":83,"column":44}},"44":{"start":{"line":85,"column":8},"end":{"line":691,"column":11}},"45":{"start":{"line":86,"column":30},"end":{"line":86,"column":54}},"46":{"start":{"line":94,"column":12},"end":{"line":198,"column":15}},"47":{"start":{"line":106,"column":16},"end":{"line":119,"column":19}},"48":{"start":{"line":107,"column":20},"end":{"line":118,"column":23}},"49":{"start":{"line":108,"column":24},"end":{"line":108,"column":61}},"50":{"start":{"line":109,"column":37},"end":{"line":109,"column":62}},"51":{"start":{"line":110,"column":24},"end":{"line":110,"column":77}},"52":{"start":{"line":111,"column":24},"end":{"line":111,"column":76}},"53":{"start":{"line":112,"column":24},"end":{"line":112,"column":76}},"54":{"start":{"line":113,"column":24},"end":{"line":113,"column":80}},"55":{"start":{"line":114,"column":24},"end":{"line":114,"column":71}},"56":{"start":{"line":116,"column":24},"end":{"line":116,"column":104}},"57":{"start":{"line":117,"column":24},"end":{"line":117,"column":31}},"58":{"start":{"line":120,"column":16},"end":{"line":132,"column":19}},"59":{"start":{"line":121,"column":20},"end":{"line":131,"column":23}},"60":{"start":{"line":129,"column":24},"end":{"line":129,"column":61}},"61":{"start":{"line":130,"column":24},"end":{"line":130,"column":31}},"62":{"start":{"line":133,"column":16},"end":{"line":145,"column":19}},"63":{"start":{"line":134,"column":20},"end":{"line":144,"column":23}},"64":{"start":{"line":142,"column":24},"end":{"line":142,"column":61}},"65":{"start":{"line":143,"column":24},"end":{"line":143,"column":31}},"66":{"start":{"line":146,"column":16},"end":{"line":158,"column":19}},"67":{"start":{"line":147,"column":20},"end":{"line":157,"column":23}},"68":{"start":{"line":155,"column":24},"end":{"line":155,"column":61}},"69":{"start":{"line":156,"column":24},"end":{"line":156,"column":31}},"70":{"start":{"line":159,"column":16},"end":{"line":167,"column":19}},"71":{"start":{"line":160,"column":20},"end":{"line":166,"column":23}},"72":{"start":{"line":161,"column":24},"end":{"line":161,"column":61}},"73":{"start":{"line":162,"column":24},"end":{"line":162,"column":77}},"74":{"start":{"line":163,"column":36},"end":{"line":163,"column":60}},"75":{"start":{"line":164,"column":24},"end":{"line":164,"column":95}},"76":{"start":{"line":165,"column":24},"end":{"line":165,"column":31}},"77":{"start":{"line":168,"column":16},"end":{"line":177,"column":19}},"78":{"start":{"line":169,"column":20},"end":{"line":176,"column":23}},"79":{"start":{"line":170,"column":24},"end":{"line":170,"column":61}},"80":{"start":{"line":171,"column":37},"end":{"line":171,"column":62}},"81":{"start":{"line":172,"column":24},"end":{"line":172,"column":78}},"82":{"start":{"line":173,"column":24},"end":{"line":173,"column":78}},"83":{"start":{"line":174,"column":24},"end":{"line":174,"column":104}},"84":{"start":{"line":175,"column":24},"end":{"line":175,"column":31}},"85":{"start":{"line":178,"column":16},"end":{"line":187,"column":19}},"86":{"start":{"line":179,"column":20},"end":{"line":186,"column":23}},"87":{"start":{"line":183,"column":24},"end":{"line":183,"column":61}},"88":{"start":{"line":184,"column":24},"end":{"line":184,"column":86}},"89":{"start":{"line":185,"column":24},"end":{"line":185,"column":31}},"90":{"start":{"line":188,"column":16},"end":{"line":197,"column":19}},"91":{"start":{"line":189,"column":20},"end":{"line":196,"column":23}},"92":{"start":{"line":193,"column":24},"end":{"line":193,"column":61}},"93":{"start":{"line":194,"column":24},"end":{"line":194,"column":89}},"94":{"start":{"line":195,"column":24},"end":{"line":195,"column":31}},"95":{"start":{"line":200,"column":12},"end":{"line":690,"column":15}},"96":{"start":{"line":202,"column":16},"end":{"line":267,"column":19}},"97":{"start":{"line":203,"column":20},"end":{"line":210,"column":23}},"98":{"start":{"line":204,"column":24},"end":{"line":209,"column":27}},"99":{"start":{"line":205,"column":28},"end":{"line":205,"column":65}},"100":{"start":{"line":206,"column":28},"end":{"line":206,"column":69}},"101":{"start":{"line":208,"column":28},"end":{"line":208,"column":35}},"102":{"start":{"line":211,"column":20},"end":{"line":218,"column":23}},"103":{"start":{"line":212,"column":24},"end":{"line":217,"column":27}},"104":{"start":{"line":213,"column":28},"end":{"line":213,"column":65}},"105":{"start":{"line":214,"column":28},"end":{"line":214,"column":69}},"106":{"start":{"line":215,"column":28},"end":{"line":215,"column":97}},"107":{"start":{"line":216,"column":28},"end":{"line":216,"column":35}},"108":{"start":{"line":219,"column":20},"end":{"line":226,"column":23}},"109":{"start":{"line":220,"column":24},"end":{"line":225,"column":27}},"110":{"start":{"line":221,"column":28},"end":{"line":221,"column":65}},"111":{"start":{"line":222,"column":28},"end":{"line":222,"column":69}},"112":{"start":{"line":223,"column":28},"end":{"line":223,"column":95}},"113":{"start":{"line":224,"column":28},"end":{"line":224,"column":35}},"114":{"start":{"line":227,"column":20},"end":{"line":234,"column":23}},"115":{"start":{"line":228,"column":24},"end":{"line":233,"column":27}},"116":{"start":{"line":229,"column":28},"end":{"line":229,"column":65}},"117":{"start":{"line":230,"column":28},"end":{"line":230,"column":69}},"118":{"start":{"line":232,"column":28},"end":{"line":232,"column":35}},"119":{"start":{"line":235,"column":20},"end":{"line":242,"column":23}},"120":{"start":{"line":236,"column":24},"end":{"line":241,"column":27}},"121":{"start":{"line":237,"column":28},"end":{"line":237,"column":65}},"122":{"start":{"line":238,"column":28},"end":{"line":238,"column":69}},"123":{"start":{"line":239,"column":28},"end":{"line":239,"column":97}},"124":{"start":{"line":240,"column":28},"end":{"line":240,"column":35}},"125":{"start":{"line":243,"column":20},"end":{"line":250,"column":23}},"126":{"start":{"line":244,"column":24},"end":{"line":249,"column":27}},"127":{"start":{"line":245,"column":28},"end":{"line":245,"column":65}},"128":{"start":{"line":246,"column":28},"end":{"line":246,"column":69}},"129":{"start":{"line":247,"column":28},"end":{"line":247,"column":90}},"130":{"start":{"line":248,"column":28},"end":{"line":248,"column":35}},"131":{"start":{"line":251,"column":20},"end":{"line":258,"column":23}},"132":{"start":{"line":252,"column":24},"end":{"line":257,"column":27}},"133":{"start":{"line":253,"column":28},"end":{"line":253,"column":65}},"134":{"start":{"line":254,"column":28},"end":{"line":254,"column":69}},"135":{"start":{"line":255,"column":28},"end":{"line":255,"column":95}},"136":{"start":{"line":256,"column":28},"end":{"line":256,"column":35}},"137":{"start":{"line":259,"column":20},"end":{"line":266,"column":23}},"138":{"start":{"line":260,"column":24},"end":{"line":265,"column":27}},"139":{"start":{"line":261,"column":28},"end":{"line":261,"column":65}},"140":{"start":{"line":262,"column":28},"end":{"line":262,"column":69}},"141":{"start":{"line":263,"column":28},"end":{"line":263,"column":91}},"142":{"start":{"line":264,"column":28},"end":{"line":264,"column":35}},"143":{"start":{"line":269,"column":16},"end":{"line":324,"column":19}},"144":{"start":{"line":270,"column":20},"end":{"line":291,"column":23}},"145":{"start":{"line":271,"column":24},"end":{"line":290,"column":27}},"146":{"start":{"line":278,"column":28},"end":{"line":278,"column":65}},"147":{"start":{"line":279,"column":41},"end":{"line":279,"column":66}},"148":{"start":{"line":280,"column":28},"end":{"line":280,"column":66}},"149":{"start":{"line":281,"column":28},"end":{"line":281,"column":66}},"150":{"start":{"line":282,"column":28},"end":{"line":282,"column":78}},"151":{"start":{"line":283,"column":28},"end":{"line":283,"column":79}},"152":{"start":{"line":284,"column":28},"end":{"line":284,"column":81}},"153":{"start":{"line":285,"column":28},"end":{"line":285,"column":74}},"154":{"start":{"line":286,"column":28},"end":{"line":286,"column":69}},"155":{"start":{"line":287,"column":28},"end":{"line":287,"column":103}},"156":{"start":{"line":288,"column":28},"end":{"line":288,"column":51}},"157":{"start":{"line":289,"column":28},"end":{"line":289,"column":35}},"158":{"start":{"line":292,"column":20},"end":{"line":306,"column":23}},"159":{"start":{"line":293,"column":24},"end":{"line":305,"column":27}},"160":{"start":{"line":300,"column":28},"end":{"line":300,"column":65}},"161":{"start":{"line":301,"column":28},"end":{"line":301,"column":69}},"162":{"start":{"line":302,"column":28},"end":{"line":302,"column":97}},"163":{"start":{"line":304,"column":28},"end":{"line":304,"column":35}},"164":{"start":{"line":307,"column":20},"end":{"line":323,"column":23}},"165":{"start":{"line":308,"column":24},"end":{"line":322,"column":27}},"166":{"start":{"line":310,"column":28},"end":{"line":310,"column":65}},"167":{"start":{"line":312,"column":41},"end":{"line":312,"column":66}},"168":{"start":{"line":314,"column":28},"end":{"line":314,"column":82}},"169":{"start":{"line":315,"column":28},"end":{"line":315,"column":86}},"170":{"start":{"line":316,"column":28},"end":{"line":316,"column":90}},"171":{"start":{"line":317,"column":28},"end":{"line":317,"column":89}},"172":{"start":{"line":318,"column":28},"end":{"line":318,"column":74}},"173":{"start":{"line":319,"column":28},"end":{"line":319,"column":98}},"174":{"start":{"line":321,"column":28},"end":{"line":321,"column":35}},"175":{"start":{"line":325,"column":16},"end":{"line":404,"column":19}},"176":{"start":{"line":326,"column":20},"end":{"line":347,"column":23}},"177":{"start":{"line":327,"column":24},"end":{"line":346,"column":27}},"178":{"start":{"line":334,"column":28},"end":{"line":334,"column":65}},"179":{"start":{"line":336,"column":41},"end":{"line":336,"column":69}},"180":{"start":{"line":337,"column":28},"end":{"line":337,"column":59}},"181":{"start":{"line":338,"column":28},"end":{"line":338,"column":81}},"182":{"start":{"line":339,"column":28},"end":{"line":339,"column":80}},"183":{"start":{"line":340,"column":28},"end":{"line":340,"column":99}},"184":{"start":{"line":341,"column":28},"end":{"line":341,"column":103}},"185":{"start":{"line":342,"column":28},"end":{"line":342,"column":98}},"186":{"start":{"line":343,"column":28},"end":{"line":343,"column":103}},"187":{"start":{"line":345,"column":28},"end":{"line":345,"column":35}},"188":{"start":{"line":348,"column":20},"end":{"line":361,"column":23}},"189":{"start":{"line":349,"column":24},"end":{"line":360,"column":27}},"190":{"start":{"line":356,"column":28},"end":{"line":356,"column":65}},"191":{"start":{"line":357,"column":28},"end":{"line":357,"column":97}},"192":{"start":{"line":359,"column":28},"end":{"line":359,"column":35}},"193":{"start":{"line":362,"column":20},"end":{"line":375,"column":23}},"194":{"start":{"line":363,"column":24},"end":{"line":374,"column":27}},"195":{"start":{"line":370,"column":28},"end":{"line":370,"column":65}},"196":{"start":{"line":371,"column":28},"end":{"line":371,"column":92}},"197":{"start":{"line":373,"column":28},"end":{"line":373,"column":35}},"198":{"start":{"line":376,"column":20},"end":{"line":389,"column":23}},"199":{"start":{"line":377,"column":24},"end":{"line":388,"column":27}},"200":{"start":{"line":384,"column":28},"end":{"line":384,"column":65}},"201":{"start":{"line":385,"column":28},"end":{"line":385,"column":93}},"202":{"start":{"line":387,"column":28},"end":{"line":387,"column":35}},"203":{"start":{"line":390,"column":20},"end":{"line":403,"column":23}},"204":{"start":{"line":391,"column":24},"end":{"line":402,"column":27}},"205":{"start":{"line":398,"column":28},"end":{"line":398,"column":65}},"206":{"start":{"line":399,"column":28},"end":{"line":399,"column":91}},"207":{"start":{"line":401,"column":28},"end":{"line":401,"column":35}},"208":{"start":{"line":406,"column":16},"end":{"line":447,"column":19}},"209":{"start":{"line":407,"column":20},"end":{"line":414,"column":23}},"210":{"start":{"line":408,"column":24},"end":{"line":413,"column":27}},"211":{"start":{"line":409,"column":28},"end":{"line":409,"column":65}},"212":{"start":{"line":410,"column":28},"end":{"line":410,"column":97}},"213":{"start":{"line":412,"column":28},"end":{"line":412,"column":35}},"214":{"start":{"line":415,"column":20},"end":{"line":422,"column":23}},"215":{"start":{"line":416,"column":24},"end":{"line":421,"column":27}},"216":{"start":{"line":417,"column":28},"end":{"line":417,"column":65}},"217":{"start":{"line":418,"column":28},"end":{"line":418,"column":92}},"218":{"start":{"line":420,"column":28},"end":{"line":420,"column":35}},"219":{"start":{"line":423,"column":20},"end":{"line":430,"column":23}},"220":{"start":{"line":424,"column":24},"end":{"line":429,"column":27}},"221":{"start":{"line":425,"column":28},"end":{"line":425,"column":65}},"222":{"start":{"line":426,"column":28},"end":{"line":426,"column":93}},"223":{"start":{"line":428,"column":28},"end":{"line":428,"column":35}},"224":{"start":{"line":431,"column":20},"end":{"line":438,"column":23}},"225":{"start":{"line":432,"column":24},"end":{"line":437,"column":27}},"226":{"start":{"line":433,"column":28},"end":{"line":433,"column":65}},"227":{"start":{"line":434,"column":28},"end":{"line":434,"column":91}},"228":{"start":{"line":436,"column":28},"end":{"line":436,"column":35}},"229":{"start":{"line":439,"column":20},"end":{"line":446,"column":23}},"230":{"start":{"line":440,"column":24},"end":{"line":445,"column":27}},"231":{"start":{"line":441,"column":28},"end":{"line":441,"column":65}},"232":{"start":{"line":442,"column":28},"end":{"line":442,"column":103}},"233":{"start":{"line":444,"column":28},"end":{"line":444,"column":35}},"234":{"start":{"line":449,"column":16},"end":{"line":499,"column":19}},"235":{"start":{"line":450,"column":20},"end":{"line":460,"column":23}},"236":{"start":{"line":451,"column":24},"end":{"line":459,"column":27}},"237":{"start":{"line":454,"column":28},"end":{"line":454,"column":65}},"238":{"start":{"line":455,"column":28},"end":{"line":455,"column":95}},"239":{"start":{"line":456,"column":28},"end":{"line":456,"column":102}},"240":{"start":{"line":458,"column":28},"end":{"line":458,"column":35}},"241":{"start":{"line":461,"column":20},"end":{"line":470,"column":23}},"242":{"start":{"line":462,"column":24},"end":{"line":469,"column":27}},"243":{"start":{"line":465,"column":28},"end":{"line":465,"column":65}},"244":{"start":{"line":466,"column":28},"end":{"line":466,"column":97}},"245":{"start":{"line":468,"column":28},"end":{"line":468,"column":35}},"246":{"start":{"line":471,"column":20},"end":{"line":480,"column":23}},"247":{"start":{"line":472,"column":24},"end":{"line":479,"column":27}},"248":{"start":{"line":475,"column":28},"end":{"line":475,"column":65}},"249":{"start":{"line":476,"column":28},"end":{"line":476,"column":107}},"250":{"start":{"line":478,"column":28},"end":{"line":478,"column":35}},"251":{"start":{"line":481,"column":20},"end":{"line":490,"column":23}},"252":{"start":{"line":482,"column":24},"end":{"line":489,"column":27}},"253":{"start":{"line":485,"column":28},"end":{"line":485,"column":65}},"254":{"start":{"line":486,"column":28},"end":{"line":486,"column":91}},"255":{"start":{"line":488,"column":28},"end":{"line":488,"column":35}},"256":{"start":{"line":491,"column":20},"end":{"line":498,"column":23}},"257":{"start":{"line":492,"column":24},"end":{"line":497,"column":27}},"258":{"start":{"line":493,"column":28},"end":{"line":493,"column":65}},"259":{"start":{"line":494,"column":28},"end":{"line":494,"column":94}},"260":{"start":{"line":496,"column":28},"end":{"line":496,"column":35}},"261":{"start":{"line":500,"column":16},"end":{"line":573,"column":19}},"262":{"start":{"line":501,"column":20},"end":{"line":508,"column":23}},"263":{"start":{"line":502,"column":24},"end":{"line":507,"column":27}},"264":{"start":{"line":503,"column":28},"end":{"line":503,"column":65}},"265":{"start":{"line":504,"column":28},"end":{"line":504,"column":115}},"266":{"start":{"line":506,"column":28},"end":{"line":506,"column":35}},"267":{"start":{"line":509,"column":20},"end":{"line":516,"column":23}},"268":{"start":{"line":510,"column":24},"end":{"line":515,"column":27}},"269":{"start":{"line":511,"column":28},"end":{"line":511,"column":65}},"270":{"start":{"line":512,"column":28},"end":{"line":512,"column":123}},"271":{"start":{"line":514,"column":28},"end":{"line":514,"column":35}},"272":{"start":{"line":517,"column":20},"end":{"line":524,"column":23}},"273":{"start":{"line":518,"column":24},"end":{"line":523,"column":27}},"274":{"start":{"line":519,"column":28},"end":{"line":519,"column":65}},"275":{"start":{"line":520,"column":28},"end":{"line":520,"column":97}},"276":{"start":{"line":522,"column":28},"end":{"line":522,"column":35}},"277":{"start":{"line":525,"column":20},"end":{"line":532,"column":23}},"278":{"start":{"line":526,"column":24},"end":{"line":531,"column":27}},"279":{"start":{"line":527,"column":28},"end":{"line":527,"column":65}},"280":{"start":{"line":528,"column":28},"end":{"line":528,"column":93}},"281":{"start":{"line":530,"column":28},"end":{"line":530,"column":35}},"282":{"start":{"line":533,"column":20},"end":{"line":540,"column":23}},"283":{"start":{"line":534,"column":24},"end":{"line":539,"column":27}},"284":{"start":{"line":535,"column":28},"end":{"line":535,"column":65}},"285":{"start":{"line":536,"column":28},"end":{"line":536,"column":92}},"286":{"start":{"line":538,"column":28},"end":{"line":538,"column":35}},"287":{"start":{"line":541,"column":20},"end":{"line":548,"column":23}},"288":{"start":{"line":542,"column":24},"end":{"line":547,"column":27}},"289":{"start":{"line":543,"column":28},"end":{"line":543,"column":65}},"290":{"start":{"line":544,"column":28},"end":{"line":544,"column":89}},"291":{"start":{"line":546,"column":28},"end":{"line":546,"column":35}},"292":{"start":{"line":549,"column":20},"end":{"line":556,"column":23}},"293":{"start":{"line":550,"column":24},"end":{"line":555,"column":27}},"294":{"start":{"line":551,"column":28},"end":{"line":551,"column":65}},"295":{"start":{"line":552,"column":28},"end":{"line":552,"column":69}},"296":{"start":{"line":554,"column":28},"end":{"line":554,"column":35}},"297":{"start":{"line":557,"column":20},"end":{"line":564,"column":23}},"298":{"start":{"line":558,"column":24},"end":{"line":563,"column":27}},"299":{"start":{"line":559,"column":28},"end":{"line":559,"column":65}},"300":{"start":{"line":560,"column":28},"end":{"line":560,"column":69}},"301":{"start":{"line":561,"column":28},"end":{"line":561,"column":104}},"302":{"start":{"line":562,"column":28},"end":{"line":562,"column":35}},"303":{"start":{"line":565,"column":20},"end":{"line":572,"column":23}},"304":{"start":{"line":566,"column":24},"end":{"line":571,"column":27}},"305":{"start":{"line":567,"column":28},"end":{"line":567,"column":65}},"306":{"start":{"line":568,"column":28},"end":{"line":568,"column":69}},"307":{"start":{"line":569,"column":28},"end":{"line":569,"column":97}},"308":{"start":{"line":570,"column":28},"end":{"line":570,"column":35}},"309":{"start":{"line":574,"column":16},"end":{"line":631,"column":19}},"310":{"start":{"line":575,"column":20},"end":{"line":582,"column":23}},"311":{"start":{"line":576,"column":24},"end":{"line":581,"column":27}},"312":{"start":{"line":577,"column":28},"end":{"line":577,"column":65}},"313":{"start":{"line":578,"column":28},"end":{"line":578,"column":103}},"314":{"start":{"line":580,"column":28},"end":{"line":580,"column":35}},"315":{"start":{"line":583,"column":20},"end":{"line":590,"column":23}},"316":{"start":{"line":584,"column":24},"end":{"line":589,"column":27}},"317":{"start":{"line":585,"column":28},"end":{"line":585,"column":65}},"318":{"start":{"line":586,"column":28},"end":{"line":586,"column":103}},"319":{"start":{"line":588,"column":28},"end":{"line":588,"column":35}},"320":{"start":{"line":591,"column":20},"end":{"line":598,"column":23}},"321":{"start":{"line":592,"column":24},"end":{"line":597,"column":27}},"322":{"start":{"line":593,"column":28},"end":{"line":593,"column":65}},"323":{"start":{"line":594,"column":28},"end":{"line":594,"column":120}},"324":{"start":{"line":596,"column":28},"end":{"line":596,"column":35}},"325":{"start":{"line":599,"column":20},"end":{"line":606,"column":23}},"326":{"start":{"line":600,"column":24},"end":{"line":605,"column":27}},"327":{"start":{"line":601,"column":28},"end":{"line":601,"column":65}},"328":{"start":{"line":602,"column":28},"end":{"line":602,"column":97}},"329":{"start":{"line":604,"column":28},"end":{"line":604,"column":35}},"330":{"start":{"line":607,"column":20},"end":{"line":614,"column":23}},"331":{"start":{"line":608,"column":24},"end":{"line":613,"column":27}},"332":{"start":{"line":609,"column":28},"end":{"line":609,"column":65}},"333":{"start":{"line":610,"column":28},"end":{"line":610,"column":93}},"334":{"start":{"line":612,"column":28},"end":{"line":612,"column":35}},"335":{"start":{"line":615,"column":20},"end":{"line":622,"column":23}},"336":{"start":{"line":616,"column":24},"end":{"line":621,"column":27}},"337":{"start":{"line":617,"column":28},"end":{"line":617,"column":65}},"338":{"start":{"line":618,"column":28},"end":{"line":618,"column":92}},"339":{"start":{"line":620,"column":28},"end":{"line":620,"column":35}},"340":{"start":{"line":623,"column":20},"end":{"line":630,"column":23}},"341":{"start":{"line":624,"column":24},"end":{"line":629,"column":27}},"342":{"start":{"line":625,"column":28},"end":{"line":625,"column":65}},"343":{"start":{"line":626,"column":28},"end":{"line":626,"column":89}},"344":{"start":{"line":628,"column":28},"end":{"line":628,"column":35}},"345":{"start":{"line":632,"column":16},"end":{"line":689,"column":19}},"346":{"start":{"line":633,"column":20},"end":{"line":640,"column":23}},"347":{"start":{"line":634,"column":24},"end":{"line":639,"column":27}},"348":{"start":{"line":635,"column":28},"end":{"line":635,"column":65}},"349":{"start":{"line":636,"column":28},"end":{"line":636,"column":105}},"350":{"start":{"line":638,"column":28},"end":{"line":638,"column":35}},"351":{"start":{"line":641,"column":20},"end":{"line":648,"column":23}},"352":{"start":{"line":642,"column":24},"end":{"line":647,"column":27}},"353":{"start":{"line":643,"column":28},"end":{"line":643,"column":65}},"354":{"start":{"line":644,"column":28},"end":{"line":644,"column":105}},"355":{"start":{"line":646,"column":28},"end":{"line":646,"column":35}},"356":{"start":{"line":649,"column":20},"end":{"line":656,"column":23}},"357":{"start":{"line":650,"column":24},"end":{"line":655,"column":27}},"358":{"start":{"line":651,"column":28},"end":{"line":651,"column":65}},"359":{"start":{"line":652,"column":28},"end":{"line":652,"column":122}},"360":{"start":{"line":654,"column":28},"end":{"line":654,"column":35}},"361":{"start":{"line":657,"column":20},"end":{"line":664,"column":23}},"362":{"start":{"line":658,"column":24},"end":{"line":663,"column":27}},"363":{"start":{"line":659,"column":28},"end":{"line":659,"column":65}},"364":{"start":{"line":660,"column":28},"end":{"line":660,"column":97}},"365":{"start":{"line":662,"column":28},"end":{"line":662,"column":35}},"366":{"start":{"line":665,"column":20},"end":{"line":672,"column":23}},"367":{"start":{"line":666,"column":24},"end":{"line":671,"column":27}},"368":{"start":{"line":667,"column":28},"end":{"line":667,"column":65}},"369":{"start":{"line":668,"column":28},"end":{"line":668,"column":93}},"370":{"start":{"line":670,"column":28},"end":{"line":670,"column":35}},"371":{"start":{"line":673,"column":20},"end":{"line":680,"column":23}},"372":{"start":{"line":674,"column":24},"end":{"line":679,"column":27}},"373":{"start":{"line":675,"column":28},"end":{"line":675,"column":65}},"374":{"start":{"line":676,"column":28},"end":{"line":676,"column":92}},"375":{"start":{"line":678,"column":28},"end":{"line":678,"column":35}},"376":{"start":{"line":681,"column":20},"end":{"line":688,"column":23}},"377":{"start":{"line":682,"column":24},"end":{"line":687,"column":27}},"378":{"start":{"line":683,"column":28},"end":{"line":683,"column":65}},"379":{"start":{"line":684,"column":28},"end":{"line":684,"column":89}},"380":{"start":{"line":686,"column":28},"end":{"line":686,"column":35}}},"fnMap":{"0":{"name":"_interopRequireDefault","decl":{"start":{"line":19,"column":9},"end":{"line":19,"column":31}},"loc":{"start":{"line":19,"column":37},"end":{"line":19,"column":95}},"line":19},"1":{"name":"(anonymous_1)","decl":{"start":{"line":41,"column":52},"end":{"line":41,"column":53}},"loc":{"start":{"line":41,"column":64},"end":{"line":79,"column":1}},"line":41},"2":{"name":"(anonymous_2)","decl":{"start":{"line":42,"column":38},"end":{"line":42,"column":39}},"loc":{"start":{"line":42,"column":50},"end":{"line":78,"column":5}},"line":42},"3":{"name":"(anonymous_3)","decl":{"start":{"line":43,"column":86},"end":{"line":43,"column":87}},"loc":{"start":{"line":43,"column":102},"end":{"line":51,"column":9}},"line":43},"4":{"name":"(anonymous_4)","decl":{"start":{"line":44,"column":77},"end":{"line":44,"column":78}},"loc":{"start":{"line":44,"column":104},"end":{"line":50,"column":13}},"line":44},"5":{"name":"(anonymous_5)","decl":{"start":{"line":52,"column":76},"end":{"line":52,"column":77}},"loc":{"start":{"line":52,"column":92},"end":{"line":60,"column":9}},"line":52},"6":{"name":"(anonymous_6)","decl":{"start":{"line":53,"column":79},"end":{"line":53,"column":80}},"loc":{"start":{"line":53,"column":106},"end":{"line":59,"column":13}},"line":53},"7":{"name":"(anonymous_7)","decl":{"start":{"line":61,"column":88},"end":{"line":61,"column":89}},"loc":{"start":{"line":61,"column":104},"end":{"line":69,"column":9}},"line":61},"8":{"name":"(anonymous_8)","decl":{"start":{"line":62,"column":82},"end":{"line":62,"column":83}},"loc":{"start":{"line":62,"column":109},"end":{"line":68,"column":13}},"line":62},"9":{"name":"(anonymous_9)","decl":{"start":{"line":70,"column":101},"end":{"line":70,"column":102}},"loc":{"start":{"line":70,"column":117},"end":{"line":77,"column":9}},"line":70},"10":{"name":"(anonymous_10)","decl":{"start":{"line":71,"column":84},"end":{"line":71,"column":85}},"loc":{"start":{"line":71,"column":111},"end":{"line":76,"column":13}},"line":71},"11":{"name":"(anonymous_11)","decl":{"start":{"line":81,"column":48},"end":{"line":81,"column":49}},"loc":{"start":{"line":81,"column":60},"end":{"line":693,"column":1}},"line":81},"12":{"name":"(anonymous_12)","decl":{"start":{"line":82,"column":88},"end":{"line":82,"column":89}},"loc":{"start":{"line":82,"column":115},"end":{"line":692,"column":5}},"line":82},"13":{"name":"(anonymous_13)","decl":{"start":{"line":85,"column":93},"end":{"line":85,"column":94}},"loc":{"start":{"line":85,"column":120},"end":{"line":691,"column":9}},"line":85},"14":{"name":"(anonymous_14)","decl":{"start":{"line":94,"column":51},"end":{"line":94,"column":52}},"loc":{"start":{"line":94,"column":63},"end":{"line":198,"column":13}},"line":94},"15":{"name":"(anonymous_15)","decl":{"start":{"line":106,"column":98},"end":{"line":106,"column":99}},"loc":{"start":{"line":106,"column":114},"end":{"line":119,"column":17}},"line":106},"16":{"name":"(anonymous_16)","decl":{"start":{"line":107,"column":94},"end":{"line":107,"column":95}},"loc":{"start":{"line":107,"column":121},"end":{"line":118,"column":21}},"line":107},"17":{"name":"(anonymous_17)","decl":{"start":{"line":120,"column":101},"end":{"line":120,"column":102}},"loc":{"start":{"line":120,"column":117},"end":{"line":132,"column":17}},"line":120},"18":{"name":"(anonymous_18)","decl":{"start":{"line":128,"column":27},"end":{"line":128,"column":28}},"loc":{"start":{"line":128,"column":54},"end":{"line":131,"column":21}},"line":128},"19":{"name":"(anonymous_19)","decl":{"start":{"line":133,"column":104},"end":{"line":133,"column":105}},"loc":{"start":{"line":133,"column":120},"end":{"line":145,"column":17}},"line":133},"20":{"name":"(anonymous_20)","decl":{"start":{"line":141,"column":27},"end":{"line":141,"column":28}},"loc":{"start":{"line":141,"column":54},"end":{"line":144,"column":21}},"line":141},"21":{"name":"(anonymous_21)","decl":{"start":{"line":146,"column":106},"end":{"line":146,"column":107}},"loc":{"start":{"line":146,"column":122},"end":{"line":158,"column":17}},"line":146},"22":{"name":"(anonymous_22)","decl":{"start":{"line":154,"column":27},"end":{"line":154,"column":28}},"loc":{"start":{"line":154,"column":54},"end":{"line":157,"column":21}},"line":154},"23":{"name":"(anonymous_23)","decl":{"start":{"line":159,"column":55},"end":{"line":159,"column":56}},"loc":{"start":{"line":159,"column":71},"end":{"line":167,"column":17}},"line":159},"24":{"name":"(anonymous_24)","decl":{"start":{"line":160,"column":104},"end":{"line":160,"column":105}},"loc":{"start":{"line":160,"column":131},"end":{"line":166,"column":21}},"line":160},"25":{"name":"(anonymous_25)","decl":{"start":{"line":168,"column":99},"end":{"line":168,"column":100}},"loc":{"start":{"line":168,"column":115},"end":{"line":177,"column":17}},"line":168},"26":{"name":"(anonymous_26)","decl":{"start":{"line":169,"column":94},"end":{"line":169,"column":95}},"loc":{"start":{"line":169,"column":121},"end":{"line":176,"column":21}},"line":169},"27":{"name":"(anonymous_27)","decl":{"start":{"line":178,"column":86},"end":{"line":178,"column":87}},"loc":{"start":{"line":178,"column":102},"end":{"line":187,"column":17}},"line":178},"28":{"name":"(anonymous_28)","decl":{"start":{"line":182,"column":27},"end":{"line":182,"column":28}},"loc":{"start":{"line":182,"column":54},"end":{"line":186,"column":21}},"line":182},"29":{"name":"(anonymous_29)","decl":{"start":{"line":188,"column":102},"end":{"line":188,"column":103}},"loc":{"start":{"line":188,"column":118},"end":{"line":197,"column":17}},"line":188},"30":{"name":"(anonymous_30)","decl":{"start":{"line":192,"column":27},"end":{"line":192,"column":28}},"loc":{"start":{"line":192,"column":54},"end":{"line":196,"column":21}},"line":192},"31":{"name":"(anonymous_31)","decl":{"start":{"line":200,"column":47},"end":{"line":200,"column":48}},"loc":{"start":{"line":200,"column":59},"end":{"line":690,"column":13}},"line":200},"32":{"name":"(anonymous_32)","decl":{"start":{"line":202,"column":63},"end":{"line":202,"column":64}},"loc":{"start":{"line":202,"column":75},"end":{"line":267,"column":17}},"line":202},"33":{"name":"(anonymous_33)","decl":{"start":{"line":203,"column":95},"end":{"line":203,"column":96}},"loc":{"start":{"line":203,"column":111},"end":{"line":210,"column":21}},"line":203},"34":{"name":"(anonymous_34)","decl":{"start":{"line":204,"column":117},"end":{"line":204,"column":118}},"loc":{"start":{"line":204,"column":144},"end":{"line":209,"column":25}},"line":204},"35":{"name":"(anonymous_35)","decl":{"start":{"line":211,"column":74},"end":{"line":211,"column":75}},"loc":{"start":{"line":211,"column":90},"end":{"line":218,"column":21}},"line":211},"36":{"name":"(anonymous_36)","decl":{"start":{"line":212,"column":97},"end":{"line":212,"column":98}},"loc":{"start":{"line":212,"column":124},"end":{"line":217,"column":25}},"line":212},"37":{"name":"(anonymous_37)","decl":{"start":{"line":219,"column":82},"end":{"line":219,"column":83}},"loc":{"start":{"line":219,"column":98},"end":{"line":226,"column":21}},"line":219},"38":{"name":"(anonymous_38)","decl":{"start":{"line":220,"column":123},"end":{"line":220,"column":124}},"loc":{"start":{"line":220,"column":150},"end":{"line":225,"column":25}},"line":220},"39":{"name":"(anonymous_39)","decl":{"start":{"line":227,"column":108},"end":{"line":227,"column":109}},"loc":{"start":{"line":227,"column":124},"end":{"line":234,"column":21}},"line":227},"40":{"name":"(anonymous_40)","decl":{"start":{"line":228,"column":117},"end":{"line":228,"column":118}},"loc":{"start":{"line":228,"column":144},"end":{"line":233,"column":25}},"line":228},"41":{"name":"(anonymous_41)","decl":{"start":{"line":235,"column":96},"end":{"line":235,"column":97}},"loc":{"start":{"line":235,"column":112},"end":{"line":242,"column":21}},"line":235},"42":{"name":"(anonymous_42)","decl":{"start":{"line":236,"column":97},"end":{"line":236,"column":98}},"loc":{"start":{"line":236,"column":124},"end":{"line":241,"column":25}},"line":236},"43":{"name":"(anonymous_43)","decl":{"start":{"line":243,"column":96},"end":{"line":243,"column":97}},"loc":{"start":{"line":243,"column":112},"end":{"line":250,"column":21}},"line":243},"44":{"name":"(anonymous_44)","decl":{"start":{"line":244,"column":98},"end":{"line":244,"column":99}},"loc":{"start":{"line":244,"column":125},"end":{"line":249,"column":25}},"line":244},"45":{"name":"(anonymous_45)","decl":{"start":{"line":251,"column":92},"end":{"line":251,"column":93}},"loc":{"start":{"line":251,"column":108},"end":{"line":258,"column":21}},"line":251},"46":{"name":"(anonymous_46)","decl":{"start":{"line":252,"column":117},"end":{"line":252,"column":118}},"loc":{"start":{"line":252,"column":144},"end":{"line":257,"column":25}},"line":252},"47":{"name":"(anonymous_47)","decl":{"start":{"line":259,"column":99},"end":{"line":259,"column":100}},"loc":{"start":{"line":259,"column":115},"end":{"line":266,"column":21}},"line":259},"48":{"name":"(anonymous_48)","decl":{"start":{"line":260,"column":122},"end":{"line":260,"column":123}},"loc":{"start":{"line":260,"column":149},"end":{"line":265,"column":25}},"line":260},"49":{"name":"(anonymous_49)","decl":{"start":{"line":269,"column":53},"end":{"line":269,"column":54}},"loc":{"start":{"line":269,"column":65},"end":{"line":324,"column":17}},"line":269},"50":{"name":"(anonymous_50)","decl":{"start":{"line":270,"column":80},"end":{"line":270,"column":81}},"loc":{"start":{"line":270,"column":96},"end":{"line":291,"column":21}},"line":270},"51":{"name":"(anonymous_51)","decl":{"start":{"line":277,"column":31},"end":{"line":277,"column":32}},"loc":{"start":{"line":277,"column":58},"end":{"line":290,"column":25}},"line":277},"52":{"name":"(anonymous_52)","decl":{"start":{"line":292,"column":93},"end":{"line":292,"column":94}},"loc":{"start":{"line":292,"column":109},"end":{"line":306,"column":21}},"line":292},"53":{"name":"(anonymous_53)","decl":{"start":{"line":299,"column":31},"end":{"line":299,"column":32}},"loc":{"start":{"line":299,"column":58},"end":{"line":305,"column":25}},"line":299},"54":{"name":"(anonymous_54)","decl":{"start":{"line":307,"column":95},"end":{"line":307,"column":96}},"loc":{"start":{"line":307,"column":111},"end":{"line":323,"column":21}},"line":307},"55":{"name":"(anonymous_55)","decl":{"start":{"line":308,"column":119},"end":{"line":308,"column":120}},"loc":{"start":{"line":308,"column":146},"end":{"line":322,"column":25}},"line":308},"56":{"name":"(anonymous_56)","decl":{"start":{"line":325,"column":55},"end":{"line":325,"column":56}},"loc":{"start":{"line":325,"column":67},"end":{"line":404,"column":17}},"line":325},"57":{"name":"(anonymous_57)","decl":{"start":{"line":326,"column":90},"end":{"line":326,"column":91}},"loc":{"start":{"line":326,"column":106},"end":{"line":347,"column":21}},"line":326},"58":{"name":"(anonymous_58)","decl":{"start":{"line":333,"column":31},"end":{"line":333,"column":32}},"loc":{"start":{"line":333,"column":58},"end":{"line":346,"column":25}},"line":333},"59":{"name":"(anonymous_59)","decl":{"start":{"line":348,"column":77},"end":{"line":348,"column":78}},"loc":{"start":{"line":348,"column":93},"end":{"line":361,"column":21}},"line":348},"60":{"name":"(anonymous_60)","decl":{"start":{"line":355,"column":31},"end":{"line":355,"column":32}},"loc":{"start":{"line":355,"column":58},"end":{"line":360,"column":25}},"line":355},"61":{"name":"(anonymous_61)","decl":{"start":{"line":362,"column":89},"end":{"line":362,"column":90}},"loc":{"start":{"line":362,"column":105},"end":{"line":375,"column":21}},"line":362},"62":{"name":"(anonymous_62)","decl":{"start":{"line":369,"column":31},"end":{"line":369,"column":32}},"loc":{"start":{"line":369,"column":58},"end":{"line":374,"column":25}},"line":369},"63":{"name":"(anonymous_63)","decl":{"start":{"line":376,"column":121},"end":{"line":376,"column":122}},"loc":{"start":{"line":376,"column":137},"end":{"line":389,"column":21}},"line":376},"64":{"name":"(anonymous_64)","decl":{"start":{"line":383,"column":31},"end":{"line":383,"column":32}},"loc":{"start":{"line":383,"column":58},"end":{"line":388,"column":25}},"line":383},"65":{"name":"(anonymous_65)","decl":{"start":{"line":390,"column":115},"end":{"line":390,"column":116}},"loc":{"start":{"line":390,"column":131},"end":{"line":403,"column":21}},"line":390},"66":{"name":"(anonymous_66)","decl":{"start":{"line":397,"column":31},"end":{"line":397,"column":32}},"loc":{"start":{"line":397,"column":58},"end":{"line":402,"column":25}},"line":397},"67":{"name":"(anonymous_67)","decl":{"start":{"line":406,"column":53},"end":{"line":406,"column":54}},"loc":{"start":{"line":406,"column":65},"end":{"line":447,"column":17}},"line":406},"68":{"name":"(anonymous_68)","decl":{"start":{"line":407,"column":77},"end":{"line":407,"column":78}},"loc":{"start":{"line":407,"column":93},"end":{"line":414,"column":21}},"line":407},"69":{"name":"(anonymous_69)","decl":{"start":{"line":408,"column":95},"end":{"line":408,"column":96}},"loc":{"start":{"line":408,"column":122},"end":{"line":413,"column":25}},"line":408},"70":{"name":"(anonymous_70)","decl":{"start":{"line":415,"column":89},"end":{"line":415,"column":90}},"loc":{"start":{"line":415,"column":105},"end":{"line":422,"column":21}},"line":415},"71":{"name":"(anonymous_71)","decl":{"start":{"line":416,"column":115},"end":{"line":416,"column":116}},"loc":{"start":{"line":416,"column":142},"end":{"line":421,"column":25}},"line":416},"72":{"name":"(anonymous_72)","decl":{"start":{"line":423,"column":121},"end":{"line":423,"column":122}},"loc":{"start":{"line":423,"column":137},"end":{"line":430,"column":21}},"line":423},"73":{"name":"(anonymous_73)","decl":{"start":{"line":424,"column":114},"end":{"line":424,"column":115}},"loc":{"start":{"line":424,"column":141},"end":{"line":429,"column":25}},"line":424},"74":{"name":"(anonymous_74)","decl":{"start":{"line":431,"column":115},"end":{"line":431,"column":116}},"loc":{"start":{"line":431,"column":131},"end":{"line":438,"column":21}},"line":431},"75":{"name":"(anonymous_75)","decl":{"start":{"line":432,"column":119},"end":{"line":432,"column":120}},"loc":{"start":{"line":432,"column":146},"end":{"line":437,"column":25}},"line":432},"76":{"name":"(anonymous_76)","decl":{"start":{"line":439,"column":90},"end":{"line":439,"column":91}},"loc":{"start":{"line":439,"column":106},"end":{"line":446,"column":21}},"line":439},"77":{"name":"(anonymous_77)","decl":{"start":{"line":440,"column":115},"end":{"line":440,"column":116}},"loc":{"start":{"line":440,"column":142},"end":{"line":445,"column":25}},"line":440},"78":{"name":"(anonymous_78)","decl":{"start":{"line":449,"column":51},"end":{"line":449,"column":52}},"loc":{"start":{"line":449,"column":63},"end":{"line":499,"column":17}},"line":449},"79":{"name":"(anonymous_79)","decl":{"start":{"line":450,"column":105},"end":{"line":450,"column":106}},"loc":{"start":{"line":450,"column":121},"end":{"line":460,"column":21}},"line":450},"80":{"name":"(anonymous_80)","decl":{"start":{"line":453,"column":31},"end":{"line":453,"column":32}},"loc":{"start":{"line":453,"column":58},"end":{"line":459,"column":25}},"line":453},"81":{"name":"(anonymous_81)","decl":{"start":{"line":461,"column":93},"end":{"line":461,"column":94}},"loc":{"start":{"line":461,"column":109},"end":{"line":470,"column":21}},"line":461},"82":{"name":"(anonymous_82)","decl":{"start":{"line":464,"column":31},"end":{"line":464,"column":32}},"loc":{"start":{"line":464,"column":58},"end":{"line":469,"column":25}},"line":464},"83":{"name":"(anonymous_83)","decl":{"start":{"line":471,"column":106},"end":{"line":471,"column":107}},"loc":{"start":{"line":471,"column":122},"end":{"line":480,"column":21}},"line":471},"84":{"name":"(anonymous_84)","decl":{"start":{"line":474,"column":31},"end":{"line":474,"column":32}},"loc":{"start":{"line":474,"column":58},"end":{"line":479,"column":25}},"line":474},"85":{"name":"(anonymous_85)","decl":{"start":{"line":481,"column":109},"end":{"line":481,"column":110}},"loc":{"start":{"line":481,"column":125},"end":{"line":490,"column":21}},"line":481},"86":{"name":"(anonymous_86)","decl":{"start":{"line":484,"column":31},"end":{"line":484,"column":32}},"loc":{"start":{"line":484,"column":58},"end":{"line":489,"column":25}},"line":484},"87":{"name":"(anonymous_87)","decl":{"start":{"line":491,"column":81},"end":{"line":491,"column":82}},"loc":{"start":{"line":491,"column":97},"end":{"line":498,"column":21}},"line":491},"88":{"name":"(anonymous_88)","decl":{"start":{"line":492,"column":133},"end":{"line":492,"column":134}},"loc":{"start":{"line":492,"column":160},"end":{"line":497,"column":25}},"line":492},"89":{"name":"(anonymous_89)","decl":{"start":{"line":500,"column":72},"end":{"line":500,"column":73}},"loc":{"start":{"line":500,"column":84},"end":{"line":573,"column":17}},"line":500},"90":{"name":"(anonymous_90)","decl":{"start":{"line":501,"column":117},"end":{"line":501,"column":118}},"loc":{"start":{"line":501,"column":133},"end":{"line":508,"column":21}},"line":501},"91":{"name":"(anonymous_91)","decl":{"start":{"line":502,"column":119},"end":{"line":502,"column":120}},"loc":{"start":{"line":502,"column":146},"end":{"line":507,"column":25}},"line":502},"92":{"name":"(anonymous_92)","decl":{"start":{"line":509,"column":135},"end":{"line":509,"column":136}},"loc":{"start":{"line":509,"column":151},"end":{"line":516,"column":21}},"line":509},"93":{"name":"(anonymous_93)","decl":{"start":{"line":510,"column":119},"end":{"line":510,"column":120}},"loc":{"start":{"line":510,"column":146},"end":{"line":515,"column":25}},"line":510},"94":{"name":"(anonymous_94)","decl":{"start":{"line":517,"column":118},"end":{"line":517,"column":119}},"loc":{"start":{"line":517,"column":134},"end":{"line":524,"column":21}},"line":517},"95":{"name":"(anonymous_95)","decl":{"start":{"line":518,"column":99},"end":{"line":518,"column":100}},"loc":{"start":{"line":518,"column":126},"end":{"line":523,"column":25}},"line":518},"96":{"name":"(anonymous_96)","decl":{"start":{"line":525,"column":124},"end":{"line":525,"column":125}},"loc":{"start":{"line":525,"column":140},"end":{"line":532,"column":21}},"line":525},"97":{"name":"(anonymous_97)","decl":{"start":{"line":526,"column":122},"end":{"line":526,"column":123}},"loc":{"start":{"line":526,"column":149},"end":{"line":531,"column":25}},"line":526},"98":{"name":"(anonymous_98)","decl":{"start":{"line":533,"column":138},"end":{"line":533,"column":139}},"loc":{"start":{"line":533,"column":154},"end":{"line":540,"column":21}},"line":533},"99":{"name":"(anonymous_99)","decl":{"start":{"line":534,"column":124},"end":{"line":534,"column":125}},"loc":{"start":{"line":534,"column":151},"end":{"line":539,"column":25}},"line":534},"100":{"name":"(anonymous_100)","decl":{"start":{"line":541,"column":113},"end":{"line":541,"column":114}},"loc":{"start":{"line":541,"column":129},"end":{"line":548,"column":21}},"line":541},"101":{"name":"(anonymous_101)","decl":{"start":{"line":542,"column":120},"end":{"line":542,"column":121}},"loc":{"start":{"line":542,"column":147},"end":{"line":547,"column":25}},"line":542},"102":{"name":"(anonymous_102)","decl":{"start":{"line":549,"column":68},"end":{"line":549,"column":69}},"loc":{"start":{"line":549,"column":84},"end":{"line":556,"column":21}},"line":549},"103":{"name":"(anonymous_103)","decl":{"start":{"line":550,"column":117},"end":{"line":550,"column":118}},"loc":{"start":{"line":550,"column":144},"end":{"line":555,"column":25}},"line":550},"104":{"name":"(anonymous_104)","decl":{"start":{"line":557,"column":92},"end":{"line":557,"column":93}},"loc":{"start":{"line":557,"column":108},"end":{"line":564,"column":21}},"line":557},"105":{"name":"(anonymous_105)","decl":{"start":{"line":558,"column":123},"end":{"line":558,"column":124}},"loc":{"start":{"line":558,"column":150},"end":{"line":563,"column":25}},"line":558},"106":{"name":"(anonymous_106)","decl":{"start":{"line":565,"column":74},"end":{"line":565,"column":75}},"loc":{"start":{"line":565,"column":90},"end":{"line":572,"column":21}},"line":565},"107":{"name":"(anonymous_107)","decl":{"start":{"line":566,"column":97},"end":{"line":566,"column":98}},"loc":{"start":{"line":566,"column":124},"end":{"line":571,"column":25}},"line":566},"108":{"name":"(anonymous_108)","decl":{"start":{"line":574,"column":54},"end":{"line":574,"column":55}},"loc":{"start":{"line":574,"column":66},"end":{"line":631,"column":17}},"line":574},"109":{"name":"(anonymous_109)","decl":{"start":{"line":575,"column":91},"end":{"line":575,"column":92}},"loc":{"start":{"line":575,"column":107},"end":{"line":582,"column":21}},"line":575},"110":{"name":"(anonymous_110)","decl":{"start":{"line":576,"column":119},"end":{"line":576,"column":120}},"loc":{"start":{"line":576,"column":146},"end":{"line":581,"column":25}},"line":576},"111":{"name":"(anonymous_111)","decl":{"start":{"line":583,"column":114},"end":{"line":583,"column":115}},"loc":{"start":{"line":583,"column":130},"end":{"line":590,"column":21}},"line":583},"112":{"name":"(anonymous_112)","decl":{"start":{"line":584,"column":119},"end":{"line":584,"column":120}},"loc":{"start":{"line":584,"column":146},"end":{"line":589,"column":25}},"line":584},"113":{"name":"(anonymous_113)","decl":{"start":{"line":591,"column":119},"end":{"line":591,"column":120}},"loc":{"start":{"line":591,"column":135},"end":{"line":598,"column":21}},"line":591},"114":{"name":"(anonymous_114)","decl":{"start":{"line":592,"column":119},"end":{"line":592,"column":120}},"loc":{"start":{"line":592,"column":146},"end":{"line":597,"column":25}},"line":592},"115":{"name":"(anonymous_115)","decl":{"start":{"line":599,"column":98},"end":{"line":599,"column":99}},"loc":{"start":{"line":599,"column":114},"end":{"line":606,"column":21}},"line":599},"116":{"name":"(anonymous_116)","decl":{"start":{"line":600,"column":99},"end":{"line":600,"column":100}},"loc":{"start":{"line":600,"column":126},"end":{"line":605,"column":25}},"line":600},"117":{"name":"(anonymous_117)","decl":{"start":{"line":607,"column":116},"end":{"line":607,"column":117}},"loc":{"start":{"line":607,"column":132},"end":{"line":614,"column":21}},"line":607},"118":{"name":"(anonymous_118)","decl":{"start":{"line":608,"column":122},"end":{"line":608,"column":123}},"loc":{"start":{"line":608,"column":149},"end":{"line":613,"column":25}},"line":608},"119":{"name":"(anonymous_119)","decl":{"start":{"line":615,"column":120},"end":{"line":615,"column":121}},"loc":{"start":{"line":615,"column":136},"end":{"line":622,"column":21}},"line":615},"120":{"name":"(anonymous_120)","decl":{"start":{"line":616,"column":124},"end":{"line":616,"column":125}},"loc":{"start":{"line":616,"column":151},"end":{"line":621,"column":25}},"line":616},"121":{"name":"(anonymous_121)","decl":{"start":{"line":623,"column":105},"end":{"line":623,"column":106}},"loc":{"start":{"line":623,"column":121},"end":{"line":630,"column":21}},"line":623},"122":{"name":"(anonymous_122)","decl":{"start":{"line":624,"column":120},"end":{"line":624,"column":121}},"loc":{"start":{"line":624,"column":147},"end":{"line":629,"column":25}},"line":624},"123":{"name":"(anonymous_123)","decl":{"start":{"line":632,"column":56},"end":{"line":632,"column":57}},"loc":{"start":{"line":632,"column":68},"end":{"line":689,"column":17}},"line":632},"124":{"name":"(anonymous_124)","decl":{"start":{"line":633,"column":92},"end":{"line":633,"column":93}},"loc":{"start":{"line":633,"column":108},"end":{"line":640,"column":21}},"line":633},"125":{"name":"(anonymous_125)","decl":{"start":{"line":634,"column":121},"end":{"line":634,"column":122}},"loc":{"start":{"line":634,"column":148},"end":{"line":639,"column":25}},"line":634},"126":{"name":"(anonymous_126)","decl":{"start":{"line":641,"column":111},"end":{"line":641,"column":112}},"loc":{"start":{"line":641,"column":127},"end":{"line":648,"column":21}},"line":641},"127":{"name":"(anonymous_127)","decl":{"start":{"line":642,"column":121},"end":{"line":642,"column":122}},"loc":{"start":{"line":642,"column":148},"end":{"line":647,"column":25}},"line":642},"128":{"name":"(anonymous_128)","decl":{"start":{"line":649,"column":120},"end":{"line":649,"column":121}},"loc":{"start":{"line":649,"column":136},"end":{"line":656,"column":21}},"line":649},"129":{"name":"(anonymous_129)","decl":{"start":{"line":650,"column":121},"end":{"line":650,"column":122}},"loc":{"start":{"line":650,"column":148},"end":{"line":655,"column":25}},"line":650},"130":{"name":"(anonymous_130)","decl":{"start":{"line":657,"column":99},"end":{"line":657,"column":100}},"loc":{"start":{"line":657,"column":115},"end":{"line":664,"column":21}},"line":657},"131":{"name":"(anonymous_131)","decl":{"start":{"line":658,"column":101},"end":{"line":658,"column":102}},"loc":{"start":{"line":658,"column":128},"end":{"line":663,"column":25}},"line":658},"132":{"name":"(anonymous_132)","decl":{"start":{"line":665,"column":117},"end":{"line":665,"column":118}},"loc":{"start":{"line":665,"column":133},"end":{"line":672,"column":21}},"line":665},"133":{"name":"(anonymous_133)","decl":{"start":{"line":666,"column":124},"end":{"line":666,"column":125}},"loc":{"start":{"line":666,"column":151},"end":{"line":671,"column":25}},"line":666},"134":{"name":"(anonymous_134)","decl":{"start":{"line":673,"column":122},"end":{"line":673,"column":123}},"loc":{"start":{"line":673,"column":138},"end":{"line":680,"column":21}},"line":673},"135":{"name":"(anonymous_135)","decl":{"start":{"line":674,"column":126},"end":{"line":674,"column":127}},"loc":{"start":{"line":674,"column":153},"end":{"line":679,"column":25}},"line":674},"136":{"name":"(anonymous_136)","decl":{"start":{"line":681,"column":106},"end":{"line":681,"column":107}},"loc":{"start":{"line":681,"column":122},"end":{"line":688,"column":21}},"line":681},"137":{"name":"(anonymous_137)","decl":{"start":{"line":682,"column":122},"end":{"line":682,"column":123}},"loc":{"start":{"line":682,"column":149},"end":{"line":687,"column":25}},"line":682}},"branchMap":{"0":{"loc":{"start":{"line":19,"column":46},"end":{"line":19,"column":92}},"type":"cond-expr","locations":[{"start":{"line":19,"column":70},"end":{"line":19,"column":73}},{"start":{"line":19,"column":76},"end":{"line":19,"column":92}}],"line":19},"1":{"loc":{"start":{"line":19,"column":46},"end":{"line":19,"column":67}},"type":"binary-expr","locations":[{"start":{"line":19,"column":46},"end":{"line":19,"column":49}},{"start":{"line":19,"column":53},"end":{"line":19,"column":67}}],"line":19}},"s":{"0":1,"1":1,"2":1,"3":1,"4":1,"5":1,"6":1,"7":1,"8":4,"9":1,"10":1,"11":1,"12":1,"13":1,"14":1,"15":1,"16":1,"17":1,"18":1,"19":1,"20":1,"21":1,"22":1,"23":1,"24":1,"25":1,"26":1,"27":1,"28":1,"29":1,"30":1,"31":1,"32":1,"33":1,"34":1,"35":1,"36":1,"37":1,"38":1,"39":1,"40":1,"41":1,"42":1,"43":1,"44":1,"45":1,"46":1,"47":1,"48":1,"49":1,"50":1,"51":1,"52":1,"53":1,"54":1,"55":1,"56":1,"57":1,"58":1,"59":1,"60":1,"61":1,"62":1,"63":1,"64":1,"65":1,"66":1,"67":1,"68":1,"69":1,"70":1,"71":1,"72":1,"73":1,"74":1,"75":1,"76":1,"77":1,"78":1,"79":1,"80":1,"81":1,"82":1,"83":1,"84":1,"85":1,"86":1,"87":1,"88":1,"89":1,"90":1,"91":1,"92":1,"93":1,"94":1,"95":1,"96":1,"97":1,"98":1,"99":1,"100":1,"101":1,"102":1,"103":1,"104":1,"105":1,"106":1,"107":1,"108":1,"109":1,"110":1,"111":1,"112":1,"113":1,"114":1,"115":1,"116":1,"117":1,"118":1,"119":1,"120":1,"121":1,"122":1,"123":1,"124":1,"125":1,"126":1,"127":1,"128":0,"129":0,"130":0,"131":1,"132":1,"133":1,"134":1,"135":1,"136":1,"137":1,"138":1,"139":1,"140":1,"141":1,"142":1,"143":1,"144":1,"145":1,"146":1,"147":1,"148":1,"149":1,"150":1,"151":1,"152":1,"153":1,"154":1,"155":1,"156":1,"157":1,"158":1,"159":1,"160":1,"161":1,"162":1,"163":1,"164":1,"165":1,"166":1,"167":1,"168":1,"169":1,"170":1,"171":1,"172":1,"173":1,"174":1,"175":1,"176":1,"177":1,"178":1,"179":1,"180":1,"181":1,"182":1,"183":1,"184":1,"185":1,"186":1,"187":1,"188":1,"189":1,"190":1,"191":1,"192":1,"193":1,"194":1,"195":1,"196":1,"197":1,"198":1,"199":1,"200":1,"201":1,"202":1,"203":1,"204":1,"205":1,"206":1,"207":1,"208":1,"209":1,"210":1,"211":1,"212":1,"213":1,"214":1,"215":1,"216":1,"217":1,"218":1,"219":1,"220":1,"221":1,"222":1,"223":1,"224":1,"225":1,"226":1,"227":1,"228":1,"229":1,"230":1,"231":1,"232":0,"233":0,"234":1,"235":1,"236":1,"237":1,"238":1,"239":1,"240":1,"241":1,"242":1,"243":1,"244":1,"245":1,"246":1,"247":1,"248":1,"249":1,"250":1,"251":1,"252":1,"253":1,"254":1,"255":1,"256":1,"257":1,"258":1,"259":1,"260":1,"261":1,"262":1,"263":1,"264":1,"265":1,"266":1,"267":1,"268":1,"269":1,"270":1,"271":1,"272":1,"273":1,"274":1,"275":1,"276":1,"277":1,"278":1,"279":1,"280":1,"281":1,"282":1,"283":1,"284":1,"285":1,"286":1,"287":1,"288":1,"289":1,"290":1,"291":1,"292":1,"293":1,"294":1,"295":1,"296":1,"297":1,"298":1,"299":1,"300":1,"301":1,"302":1,"303":1,"304":1,"305":1,"306":1,"307":1,"308":1,"309":1,"310":1,"311":1,"312":1,"313":1,"314":1,"315":1,"316":1,"317":1,"318":0,"319":0,"320":1,"321":1,"322":1,"323":1,"324":1,"325":1,"326":1,"327":1,"328":1,"329":1,"330":1,"331":1,"332":1,"333":1,"334":1,"335":1,"336":1,"337":1,"338":1,"339":1,"340":1,"341":1,"342":1,"343":1,"344":1,"345":1,"346":1,"347":1,"348":1,"349":1,"350":1,"351":1,"352":1,"353":1,"354":1,"355":1,"356":1,"357":1,"358":1,"359":1,"360":1,"361":1,"362":1,"363":1,"364":1,"365":1,"366":1,"367":1,"368":1,"369":1,"370":1,"371":1,"372":1,"373":1,"374":1,"375":1,"376":1,"377":1,"378":1,"379":1,"380":1},"f":{"0":4,"1":1,"2":1,"3":1,"4":1,"5":1,"6":1,"7":1,"8":1,"9":1,"10":1,"11":1,"12":1,"13":1,"14":1,"15":1,"16":1,"17":1,"18":1,"19":1,"20":1,"21":1,"22":1,"23":1,"24":1,"25":1,"26":1,"27":1,"28":1,"29":1,"30":1,"31":1,"32":1,"33":1,"34":1,"35":1,"36":1,"37":1,"38":1,"39":1,"40":1,"41":1,"42":1,"43":1,"44":1,"45":1,"46":1,"47":1,"48":1,"49":1,"50":1,"51":1,"52":1,"53":1,"54":1,"55":1,"56":1,"57":1,"58":1,"59":1,"60":1,"61":1,"62":1,"63":1,"64":1,"65":1,"66":1,"67":1,"68":1,"69":1,"70":1,"71":1,"72":1,"73":1,"74":1,"75":1,"76":1,"77":1,"78":1,"79":1,"80":1,"81":1,"82":1,"83":1,"84":1,"85":1,"86":1,"87":1,"88":1,"89":1,"90":1,"91":1,"92":1,"93":1,"94":1,"95":1,"96":1,"97":1,"98":1,"99":1,"100":1,"101":1,"102":1,"103":1,"104":1,"105":1,"106":1,"107":1,"108":1,"109":1,"110":1,"111":1,"112":1,"113":1,"114":1,"115":1,"116":1,"117":1,"118":1,"119":1,"120":1,"121":1,"122":1,"123":1,"124":1,"125":1,"126":1,"127":1,"128":1,"129":1,"130":1,"131":1,"132":1,"133":1,"134":1,"135":1,"136":1,"137":1},"b":{"0":[1,3],"1":[4,4]},"_coverageSchema":"332fd63041d2c1bcb487cc26dd0d5f7d97098a6c","hash":"3129a53d52cded55e8f53b6145432b6a10f314e3","contentHash":"6b35fc7097fe936fbdb94deca8b97de0_11.3.0"},"C:\\Users\\Abaniwo\\Desktop\\More-Recipes\\server\\database\\models\\index.js":{"path":"C:\\Users\\Abaniwo\\Desktop\\More-Recipes\\server\\database\\models\\index.js","statementMap":{"0":{"start":{"line":3,"column":9},"end":{"line":3,"column":22}},"1":{"start":{"line":4,"column":11},"end":{"line":4,"column":26}},"2":{"start":{"line":5,"column":16},"end":{"line":5,"column":36}},"3":{"start":{"line":7,"column":15},"end":{"line":7,"column":40}},"4":{"start":{"line":8,"column":10},"end":{"line":8,"column":47}},"5":{"start":{"line":9,"column":13},"end":{"line":9,"column":50}},"6":{"start":{"line":11,"column":9},"end":{"line":11,"column":11}},"7":{"start":{"line":13,"column":16},"end":{"line":13,"column":88}},"8":{"start":{"line":15,"column":0},"end":{"line":20,"column":3}},"9":{"start":{"line":16,"column":2},"end":{"line":16,"column":82}},"10":{"start":{"line":18,"column":14},"end":{"line":18,"column":58}},"11":{"start":{"line":19,"column":2},"end":{"line":19,"column":25}},"12":{"start":{"line":22,"column":0},"end":{"line":26,"column":3}},"13":{"start":{"line":23,"column":2},"end":{"line":25,"column":3}},"14":{"start":{"line":24,"column":4},"end":{"line":24,"column":32}},"15":{"start":{"line":28,"column":0},"end":{"line":28,"column":25}},"16":{"start":{"line":29,"column":0},"end":{"line":29,"column":25}},"17":{"start":{"line":31,"column":0},"end":{"line":31,"column":20}}},"fnMap":{"0":{"name":"(anonymous_0)","decl":{"start":{"line":15,"column":33},"end":{"line":15,"column":34}},"loc":{"start":{"line":15,"column":49},"end":{"line":17,"column":1}},"line":15},"1":{"name":"(anonymous_1)","decl":{"start":{"line":17,"column":11},"end":{"line":17,"column":12}},"loc":{"start":{"line":17,"column":27},"end":{"line":20,"column":1}},"line":17},"2":{"name":"(anonymous_2)","decl":{"start":{"line":22,"column":24},"end":{"line":22,"column":25}},"loc":{"start":{"line":22,"column":45},"end":{"line":26,"column":1}},"line":22}},"branchMap":{"0":{"loc":{"start":{"line":8,"column":10},"end":{"line":8,"column":47}},"type":"binary-expr","locations":[{"start":{"line":8,"column":10},"end":{"line":8,"column":30}},{"start":{"line":8,"column":34},"end":{"line":8,"column":47}}],"line":8},"1":{"loc":{"start":{"line":16,"column":9},"end":{"line":16,"column":81}},"type":"binary-expr","locations":[{"start":{"line":16,"column":9},"end":{"line":16,"column":32}},{"start":{"line":16,"column":36},"end":{"line":16,"column":53}},{"start":{"line":16,"column":57},"end":{"line":16,"column":81}}],"line":16},"2":{"loc":{"start":{"line":23,"column":2},"end":{"line":25,"column":3}},"type":"if","locations":[{"start":{"line":23,"column":2},"end":{"line":25,"column":3}},{"start":{"line":23,"column":2},"end":{"line":25,"column":3}}],"line":23}},"s":{"0":1,"1":1,"2":1,"3":1,"4":1,"5":1,"6":1,"7":1,"8":1,"9":7,"10":6,"11":6,"12":1,"13":6,"14":0,"15":1,"16":1,"17":1},"f":{"0":7,"1":6,"2":6},"b":{"0":[1,1],"1":[7,7,6],"2":[0,6]},"_coverageSchema":"332fd63041d2c1bcb487cc26dd0d5f7d97098a6c","hash":"dc0cff64e192bd5f3e8c2dae8e383430d1d56f4f","contentHash":"f59753e69244b1b93d3b698a85dde2c7_11.3.0"},"C:\\Users\\Abaniwo\\Desktop\\More-Recipes\\server\\database\\config\\config.js":{"path":"C:\\Users\\Abaniwo\\Desktop\\More-Recipes\\server\\database\\config\\config.js","statementMap":{"0":{"start":{"line":3,"column":0},"end":{"line":3,"column":27}},"1":{"start":{"line":5,"column":0},"end":{"line":27,"column":2}}},"fnMap":{},"branchMap":{},"s":{"0":1,"1":1},"f":{},"b":{},"_coverageSchema":"332fd63041d2c1bcb487cc26dd0d5f7d97098a6c","hash":"41d74abefa17e24c3d7b48b44204757be07a04f6","contentHash":"a73eb056f7a19aff8f1b8d3184b9dcb6_11.3.0"},"C:\\Users\\Abaniwo\\Desktop\\More-Recipes\\server\\database\\models\\downvote.js":{"path":"C:\\Users\\Abaniwo\\Desktop\\More-Recipes\\server\\database\\models\\downvote.js","statementMap":{"0":{"start":{"line":3,"column":0},"end":{"line":35,"column":2}},"1":{"start":{"line":4,"column":17},"end":{"line":33,"column":4}},"2":{"start":{"line":25,"column":8},"end":{"line":27,"column":11}},"3":{"start":{"line":28,"column":8},"end":{"line":30,"column":11}},"4":{"start":{"line":34,"column":2},"end":{"line":34,"column":18}}},"fnMap":{"0":{"name":"(anonymous_0)","decl":{"start":{"line":3,"column":17},"end":{"line":3,"column":18}},"loc":{"start":{"line":3,"column":49},"end":{"line":35,"column":1}},"line":3},"1":{"name":"associate","decl":{"start":{"line":24,"column":26},"end":{"line":24,"column":35}},"loc":{"start":{"line":24,"column":44},"end":{"line":31,"column":7}},"line":24}},"branchMap":{},"s":{"0":1,"1":1,"2":0,"3":0,"4":1},"f":{"0":1,"1":0},"b":{},"_coverageSchema":"332fd63041d2c1bcb487cc26dd0d5f7d97098a6c","hash":"3909d0e78b332d011c61fae18a24ab683b4d4381","contentHash":"1d3f41d29fa186dc717fa9553fbbf0cd_11.3.0"},"C:\\Users\\Abaniwo\\Desktop\\More-Recipes\\server\\database\\models\\favorite.js":{"path":"C:\\Users\\Abaniwo\\Desktop\\More-Recipes\\server\\database\\models\\favorite.js","statementMap":{"0":{"start":{"line":3,"column":0},"end":{"line":35,"column":2}},"1":{"start":{"line":4,"column":17},"end":{"line":33,"column":4}},"2":{"start":{"line":25,"column":8},"end":{"line":27,"column":11}},"3":{"start":{"line":28,"column":8},"end":{"line":30,"column":11}},"4":{"start":{"line":34,"column":2},"end":{"line":34,"column":18}}},"fnMap":{"0":{"name":"(anonymous_0)","decl":{"start":{"line":3,"column":17},"end":{"line":3,"column":18}},"loc":{"start":{"line":3,"column":49},"end":{"line":35,"column":1}},"line":3},"1":{"name":"associate","decl":{"start":{"line":24,"column":26},"end":{"line":24,"column":35}},"loc":{"start":{"line":24,"column":44},"end":{"line":31,"column":7}},"line":24}},"branchMap":{},"s":{"0":1,"1":1,"2":0,"3":0,"4":1},"f":{"0":1,"1":0},"b":{},"_coverageSchema":"332fd63041d2c1bcb487cc26dd0d5f7d97098a6c","hash":"3f04414d8fcd67a1aaa8aeb9ea280a53e43c2f9a","contentHash":"8a45c42cc5dcf75fdf51457b6c282f4f_11.3.0"},"C:\\Users\\Abaniwo\\Desktop\\More-Recipes\\server\\database\\models\\recipe.js":{"path":"C:\\Users\\Abaniwo\\Desktop\\More-Recipes\\server\\database\\models\\recipe.js","statementMap":{"0":{"start":{"line":3,"column":0},"end":{"line":43,"column":2}},"1":{"start":{"line":4,"column":15},"end":{"line":41,"column":4}},"2":{"start":{"line":24,"column":8},"end":{"line":26,"column":11}},"3":{"start":{"line":27,"column":8},"end":{"line":29,"column":11}},"4":{"start":{"line":30,"column":8},"end":{"line":32,"column":11}},"5":{"start":{"line":33,"column":8},"end":{"line":35,"column":11}},"6":{"start":{"line":36,"column":8},"end":{"line":38,"column":11}},"7":{"start":{"line":42,"column":2},"end":{"line":42,"column":16}}},"fnMap":{"0":{"name":"(anonymous_0)","decl":{"start":{"line":3,"column":17},"end":{"line":3,"column":18}},"loc":{"start":{"line":3,"column":49},"end":{"line":43,"column":1}},"line":3},"1":{"name":"associate","decl":{"start":{"line":23,"column":26},"end":{"line":23,"column":35}},"loc":{"start":{"line":23,"column":44},"end":{"line":39,"column":7}},"line":23}},"branchMap":{},"s":{"0":1,"1":1,"2":0,"3":0,"4":0,"5":0,"6":0,"7":1},"f":{"0":1,"1":0},"b":{},"_coverageSchema":"332fd63041d2c1bcb487cc26dd0d5f7d97098a6c","hash":"e183c8f45e06f47efcf25e89703f6efbc9aff375","contentHash":"af57ae611a7664467b50d406699bd258_11.3.0"},"C:\\Users\\Abaniwo\\Desktop\\More-Recipes\\server\\database\\models\\review.js":{"path":"C:\\Users\\Abaniwo\\Desktop\\More-Recipes\\server\\database\\models\\review.js","statementMap":{"0":{"start":{"line":3,"column":0},"end":{"line":36,"column":2}},"1":{"start":{"line":4,"column":15},"end":{"line":34,"column":4}},"2":{"start":{"line":26,"column":8},"end":{"line":28,"column":11}},"3":{"start":{"line":29,"column":8},"end":{"line":31,"column":11}},"4":{"start":{"line":35,"column":2},"end":{"line":35,"column":16}}},"fnMap":{"0":{"name":"(anonymous_0)","decl":{"start":{"line":3,"column":17},"end":{"line":3,"column":18}},"loc":{"start":{"line":3,"column":49},"end":{"line":36,"column":1}},"line":3},"1":{"name":"associate","decl":{"start":{"line":25,"column":26},"end":{"line":25,"column":35}},"loc":{"start":{"line":25,"column":44},"end":{"line":32,"column":7}},"line":25}},"branchMap":{},"s":{"0":1,"1":1,"2":0,"3":0,"4":1},"f":{"0":1,"1":0},"b":{},"_coverageSchema":"332fd63041d2c1bcb487cc26dd0d5f7d97098a6c","hash":"cb7fd84cb9b5cbeccdf2c1994d7cf9359c1edd0c","contentHash":"3b55384d5acfdbeaece0353b34e688f4_11.3.0"},"C:\\Users\\Abaniwo\\Desktop\\More-Recipes\\server\\database\\models\\upvote.js":{"path":"C:\\Users\\Abaniwo\\Desktop\\More-Recipes\\server\\database\\models\\upvote.js","statementMap":{"0":{"start":{"line":3,"column":0},"end":{"line":35,"column":2}},"1":{"start":{"line":4,"column":15},"end":{"line":33,"column":4}},"2":{"start":{"line":25,"column":8},"end":{"line":27,"column":11}},"3":{"start":{"line":28,"column":8},"end":{"line":30,"column":11}},"4":{"start":{"line":34,"column":2},"end":{"line":34,"column":16}}},"fnMap":{"0":{"name":"(anonymous_0)","decl":{"start":{"line":3,"column":17},"end":{"line":3,"column":18}},"loc":{"start":{"line":3,"column":49},"end":{"line":35,"column":1}},"line":3},"1":{"name":"associate","decl":{"start":{"line":24,"column":26},"end":{"line":24,"column":35}},"loc":{"start":{"line":24,"column":44},"end":{"line":31,"column":7}},"line":24}},"branchMap":{},"s":{"0":1,"1":1,"2":0,"3":0,"4":1},"f":{"0":1,"1":0},"b":{},"_coverageSchema":"332fd63041d2c1bcb487cc26dd0d5f7d97098a6c","hash":"c8e3fc7ee1108a4f97d17f9428187e8872af96f4","contentHash":"5aaafd14ca594b89835e5e57a54f4f48_11.3.0"},"C:\\Users\\Abaniwo\\Desktop\\More-Recipes\\server\\database\\models\\user.js":{"path":"C:\\Users\\Abaniwo\\Desktop\\More-Recipes\\server\\database\\models\\user.js","statementMap":{"0":{"start":{"line":3,"column":0},"end":{"line":63,"column":2}},"1":{"start":{"line":4,"column":13},"end":{"line":61,"column":4}},"2":{"start":{"line":44,"column":8},"end":{"line":46,"column":11}},"3":{"start":{"line":47,"column":8},"end":{"line":49,"column":11}},"4":{"start":{"line":50,"column":8},"end":{"line":52,"column":11}},"5":{"start":{"line":53,"column":8},"end":{"line":55,"column":11}},"6":{"start":{"line":56,"column":8},"end":{"line":58,"column":11}},"7":{"start":{"line":62,"column":2},"end":{"line":62,"column":14}}},"fnMap":{"0":{"name":"(anonymous_0)","decl":{"start":{"line":3,"column":17},"end":{"line":3,"column":18}},"loc":{"start":{"line":3,"column":49},"end":{"line":63,"column":1}},"line":3},"1":{"name":"associate","decl":{"start":{"line":43,"column":26},"end":{"line":43,"column":35}},"loc":{"start":{"line":43,"column":44},"end":{"line":59,"column":7}},"line":43}},"branchMap":{},"s":{"0":1,"1":1,"2":0,"3":0,"4":0,"5":0,"6":0,"7":1},"f":{"0":1,"1":0},"b":{},"_coverageSchema":"332fd63041d2c1bcb487cc26dd0d5f7d97098a6c","hash":"6d1a1e68b14f1f50a98185a1c25db01fa4467f8d","contentHash":"480ad2288b511185f93ab81b55f09ffa_11.3.0"},"C:\\Users\\Abaniwo\\Desktop\\More-Recipes\\server\\app.js":{"path":"C:\\Users\\Abaniwo\\Desktop\\More-Recipes\\server\\app.js","statementMap":{"0":{"start":{"line":3,"column":0},"end":{"line":5,"column":3}},"1":{"start":{"line":7,"column":15},"end":{"line":7,"column":33}},"2":{"start":{"line":9,"column":16},"end":{"line":9,"column":48}},"3":{"start":{"line":11,"column":14},"end":{"line":11,"column":31}},"4":{"start":{"line":13,"column":15},"end":{"line":13,"column":46}},"5":{"start":{"line":15,"column":18},"end":{"line":15,"column":40}},"6":{"start":{"line":17,"column":19},"end":{"line":17,"column":54}},"7":{"start":{"line":19,"column":14},"end":{"line":19,"column":45}},"8":{"start":{"line":21,"column":15},"end":{"line":21,"column":46}},"9":{"start":{"line":23,"column":12},"end":{"line":23,"column":41}},"10":{"start":{"line":25,"column":13},"end":{"line":25,"column":42}},"11":{"start":{"line":27,"column":14},"end":{"line":27,"column":42}},"12":{"start":{"line":29,"column":15},"end":{"line":29,"column":46}},"13":{"start":{"line":31,"column":12},"end":{"line":31,"column":40}},"14":{"start":{"line":33,"column":13},"end":{"line":33,"column":42}},"15":{"start":{"line":35,"column":17},"end":{"line":35,"column":50}},"16":{"start":{"line":37,"column":18},"end":{"line":37,"column":52}},"17":{"start":{"line":39,"column":19},"end":{"line":39,"column":54}},"18":{"start":{"line":41,"column":20},"end":{"line":41,"column":56}},"19":{"start":{"line":43,"column":17},"end":{"line":43,"column":50}},"20":{"start":{"line":45,"column":18},"end":{"line":45,"column":52}},"21":{"start":{"line":47,"column":19},"end":{"line":47,"column":54}},"22":{"start":{"line":49,"column":20},"end":{"line":49,"column":56}},"23":{"start":{"line":51,"column":39},"end":{"line":51,"column":93}},"24":{"start":{"line":54,"column":10},"end":{"line":54,"column":34}},"25":{"start":{"line":58,"column":0},"end":{"line":58,"column":38}},"26":{"start":{"line":61,"column":0},"end":{"line":61,"column":37}},"27":{"start":{"line":62,"column":0},"end":{"line":62,"column":62}},"28":{"start":{"line":63,"column":24},"end":{"line":63,"column":46}},"29":{"start":{"line":64,"column":21},"end":{"line":64,"column":41}},"30":{"start":{"line":66,"column":0},"end":{"line":66,"column":57}},"31":{"start":{"line":67,"column":0},"end":{"line":67,"column":63}},"32":{"start":{"line":68,"column":0},"end":{"line":68,"column":83}},"33":{"start":{"line":69,"column":0},"end":{"line":69,"column":87}},"34":{"start":{"line":70,"column":0},"end":{"line":70,"column":74}},"35":{"start":{"line":71,"column":0},"end":{"line":71,"column":100}},"36":{"start":{"line":72,"column":0},"end":{"line":72,"column":103}},"37":{"start":{"line":73,"column":0},"end":{"line":73,"column":85}},"38":{"start":{"line":74,"column":0},"end":{"line":74,"column":54}},"39":{"start":{"line":75,"column":0},"end":{"line":75,"column":54}},"40":{"start":{"line":76,"column":0},"end":{"line":76,"column":115}},"41":{"start":{"line":77,"column":0},"end":{"line":77,"column":83}},"42":{"start":{"line":78,"column":0},"end":{"line":78,"column":111}},"43":{"start":{"line":79,"column":0},"end":{"line":79,"column":117}},"44":{"start":{"line":81,"column":0},"end":{"line":83,"column":3}},"45":{"start":{"line":82,"column":2},"end":{"line":82,"column":31}},"46":{"start":{"line":85,"column":0},"end":{"line":89,"column":3}},"47":{"start":{"line":86,"column":2},"end":{"line":88,"column":5}},"48":{"start":{"line":87,"column":4},"end":{"line":87,"column":37}},"49":{"start":{"line":91,"column":0},"end":{"line":91,"column":22}}},"fnMap":{"0":{"name":"_interopRequireDefault","decl":{"start":{"line":51,"column":9},"end":{"line":51,"column":31}},"loc":{"start":{"line":51,"column":37},"end":{"line":51,"column":95}},"line":51},"1":{"name":"(anonymous_1)","decl":{"start":{"line":81,"column":8},"end":{"line":81,"column":9}},"loc":{"start":{"line":81,"column":28},"end":{"line":83,"column":1}},"line":81},"2":{"name":"(anonymous_2)","decl":{"start":{"line":85,"column":39},"end":{"line":85,"column":40}},"loc":{"start":{"line":85,"column":51},"end":{"line":89,"column":1}},"line":85},"3":{"name":"(anonymous_3)","decl":{"start":{"line":86,"column":19},"end":{"line":86,"column":20}},"loc":{"start":{"line":86,"column":31},"end":{"line":88,"column":3}},"line":86}},"branchMap":{"0":{"loc":{"start":{"line":51,"column":46},"end":{"line":51,"column":92}},"type":"cond-expr","locations":[{"start":{"line":51,"column":70},"end":{"line":51,"column":73}},{"start":{"line":51,"column":76},"end":{"line":51,"column":92}}],"line":51},"1":{"loc":{"start":{"line":51,"column":46},"end":{"line":51,"column":67}},"type":"binary-expr","locations":[{"start":{"line":51,"column":46},"end":{"line":51,"column":49}},{"start":{"line":51,"column":53},"end":{"line":51,"column":67}}],"line":51}},"s":{"0":1,"1":1,"2":1,"3":1,"4":1,"5":1,"6":1,"7":1,"8":1,"9":1,"10":1,"11":1,"12":1,"13":1,"14":1,"15":1,"16":1,"17":1,"18":1,"19":1,"20":1,"21":1,"22":1,"23":11,"24":1,"25":1,"26":1,"27":1,"28":1,"29":1,"30":1,"31":1,"32":1,"33":1,"34":1,"35":1,"36":1,"37":1,"38":1,"39":1,"40":1,"41":1,"42":1,"43":1,"44":1,"45":0,"46":1,"47":1,"48":1,"49":1},"f":{"0":11,"1":0,"2":1,"3":1},"b":{"0":[7,4],"1":[11,11]},"_coverageSchema":"332fd63041d2c1bcb487cc26dd0d5f7d97098a6c","hash":"30a3dda02e263bf3a1c4dedcece891c4124dec34","contentHash":"74f698089bf654ac63f7ecf0037fce14_11.3.0"},"C:\\Users\\Abaniwo\\Desktop\\More-Recipes\\server\\controllers\\recipe.js":{"path":"C:\\Users\\Abaniwo\\Desktop\\More-Recipes\\server\\controllers\\recipe.js","statementMap":{"0":{"start":{"line":3,"column":0},"end":{"line":5,"column":3}},"1":{"start":{"line":7,"column":19},"end":{"line":7,"column":563}},"2":{"start":{"line":7,"column":76},"end":{"line":7,"column":347}},"3":{"start":{"line":7,"column":134},"end":{"line":7,"column":142}},"4":{"start":{"line":7,"column":144},"end":{"line":7,"column":199}},"5":{"start":{"line":7,"column":200},"end":{"line":7,"column":231}},"6":{"start":{"line":7,"column":232},"end":{"line":7,"column":286}},"7":{"start":{"line":7,"column":259},"end":{"line":7,"column":286}},"8":{"start":{"line":7,"column":287},"end":{"line":7,"column":345}},"9":{"start":{"line":7,"column":350},"end":{"line":7,"column":559}},"10":{"start":{"line":7,"column":407},"end":{"line":7,"column":475}},"11":{"start":{"line":7,"column":423},"end":{"line":7,"column":475}},"12":{"start":{"line":7,"column":476},"end":{"line":7,"column":536}},"13":{"start":{"line":7,"column":493},"end":{"line":7,"column":536}},"14":{"start":{"line":7,"column":537},"end":{"line":7,"column":556}},"15":{"start":{"line":9,"column":14},"end":{"line":9,"column":43}},"16":{"start":{"line":11,"column":15},"end":{"line":11,"column":46}},"17":{"start":{"line":13,"column":15},"end":{"line":13,"column":36}},"18":{"start":{"line":15,"column":16},"end":{"line":15,"column":48}},"19":{"start":{"line":17,"column":39},"end":{"line":17,"column":93}},"20":{"start":{"line":19,"column":44},"end":{"line":19,"column":195}},"21":{"start":{"line":19,"column":62},"end":{"line":19,"column":166}},"22":{"start":{"line":19,"column":176},"end":{"line":19,"column":193}},"23":{"start":{"line":19,"column":196},"end":{"line":19,"column":207}},"24":{"start":{"line":21,"column":50},"end":{"line":21,"column":151}},"25":{"start":{"line":21,"column":92},"end":{"line":21,"column":149}},"26":{"start":{"line":26,"column":24},"end":{"line":333,"column":3}},"27":{"start":{"line":28,"column":4},"end":{"line":28,"column":45}},"28":{"start":{"line":31,"column":2},"end":{"line":330,"column":6}},"29":{"start":{"line":41,"column":6},"end":{"line":47,"column":9}},"30":{"start":{"line":44,"column":8},"end":{"line":44,"column":81}},"31":{"start":{"line":46,"column":8},"end":{"line":46,"column":84}},"32":{"start":{"line":59,"column":6},"end":{"line":66,"column":9}},"33":{"start":{"line":60,"column":8},"end":{"line":62,"column":9}},"34":{"start":{"line":61,"column":10},"end":{"line":61,"column":91}},"35":{"start":{"line":63,"column":8},"end":{"line":63,"column":79}},"36":{"start":{"line":65,"column":8},"end":{"line":65,"column":88}},"37":{"start":{"line":78,"column":6},"end":{"line":84,"column":9}},"38":{"start":{"line":79,"column":8},"end":{"line":81,"column":9}},"39":{"start":{"line":80,"column":10},"end":{"line":80,"column":94}},"40":{"start":{"line":81,"column":9},"end":{"line":81,"column":75}},"41":{"start":{"line":83,"column":8},"end":{"line":83,"column":84}},"42":{"start":{"line":96,"column":6},"end":{"line":102,"column":9}},"43":{"start":{"line":97,"column":8},"end":{"line":99,"column":9}},"44":{"start":{"line":98,"column":10},"end":{"line":98,"column":94}},"45":{"start":{"line":99,"column":9},"end":{"line":99,"column":75}},"46":{"start":{"line":101,"column":8},"end":{"line":101,"column":88}},"47":{"start":{"line":114,"column":19},"end":{"line":114,"column":21}},"48":{"start":{"line":116,"column":6},"end":{"line":118,"column":7}},"49":{"start":{"line":117,"column":8},"end":{"line":117,"column":48}},"50":{"start":{"line":119,"column":6},"end":{"line":121,"column":7}},"51":{"start":{"line":120,"column":8},"end":{"line":120,"column":52}},"52":{"start":{"line":122,"column":6},"end":{"line":124,"column":7}},"53":{"start":{"line":123,"column":8},"end":{"line":123,"column":56}},"54":{"start":{"line":125,"column":6},"end":{"line":127,"column":7}},"55":{"start":{"line":126,"column":8},"end":{"line":126,"column":55}},"56":{"start":{"line":128,"column":6},"end":{"line":130,"column":7}},"57":{"start":{"line":129,"column":8},"end":{"line":129,"column":40}},"58":{"start":{"line":132,"column":6},"end":{"line":134,"column":7}},"59":{"start":{"line":133,"column":8},"end":{"line":133,"column":111}},"60":{"start":{"line":135,"column":6},"end":{"line":146,"column":9}},"61":{"start":{"line":143,"column":8},"end":{"line":143,"column":119}},"62":{"start":{"line":145,"column":8},"end":{"line":145,"column":84}},"63":{"start":{"line":158,"column":6},"end":{"line":172,"column":9}},"64":{"start":{"line":169,"column":8},"end":{"line":169,"column":119}},"65":{"start":{"line":171,"column":8},"end":{"line":171,"column":84}},"66":{"start":{"line":184,"column":6},"end":{"line":190,"column":9}},"67":{"start":{"line":185,"column":8},"end":{"line":189,"column":11}},"68":{"start":{"line":186,"column":10},"end":{"line":186,"column":105}},"69":{"start":{"line":188,"column":10},"end":{"line":188,"column":86}},"70":{"start":{"line":202,"column":6},"end":{"line":204,"column":7}},"71":{"start":{"line":203,"column":8},"end":{"line":203,"column":91}},"72":{"start":{"line":205,"column":6},"end":{"line":219,"column":9}},"73":{"start":{"line":206,"column":8},"end":{"line":216,"column":9}},"74":{"start":{"line":207,"column":10},"end":{"line":213,"column":13}},"75":{"start":{"line":212,"column":12},"end":{"line":212,"column":138}},"76":{"start":{"line":215,"column":10},"end":{"line":215,"column":106}},"77":{"start":{"line":218,"column":8},"end":{"line":218,"column":88}},"78":{"start":{"line":231,"column":18},"end":{"line":231,"column":87}},"79":{"start":{"line":232,"column":21},"end":{"line":232,"column":67}},"80":{"start":{"line":234,"column":6},"end":{"line":23
[...]
ions":[{"start":{"line":7,"column":476},"end":{"line":7,"column":536}},{"start":{"line":7,"column":476},"end":{"line":7,"column":536}}],"line":7},"4":{"loc":{"start":{"line":25,"column":46},"end":{"line":25,"column":92}},"type":"cond-expr","locations":[{"start":{"line":25,"column":70},"end":{"line":25,"column":73}},{"start":{"line":25,"column":76},"end":{"line":25,"column":92}}],"line":25},"5":{"loc":{"start":{"line":25,"column":46},"end":{"line":25,"column":67}},"type":"binary-expr","locations":[{"start":{"line":25,"column":46},"end":{"line":25,"column":49}},{"start":{"line":25,"column":53},"end":{"line":25,"column":67}}],"line":25},"6":{"loc":{"start":{"line":27,"column":50},"end":{"line":27,"column":151}},"type":"if","locations":[{"start":{"line":27,"column":50},"end":{"line":27,"column":151}},{"start":{"line":27,"column":50},"end":{"line":27,"column":151}}],"line":27},"7":{"loc":{"start":{"line":48,"column":6},"end":{"line":50,"column":7}},"type":"if","locations":[{"start":{"line":48,"column":6},"end":{"line":50,"column":7}},{"start":{"line":48,"column":6},"end":{"line":50,"column":7}}],"line":48},"8":{"loc":{"start":{"line":51,"column":6},"end":{"line":53,"column":7}},"type":"if","locations":[{"start":{"line":51,"column":6},"end":{"line":53,"column":7}},{"start":{"line":51,"column":6},"end":{"line":53,"column":7}}],"line":51},"9":{"loc":{"start":{"line":54,"column":6},"end":{"line":56,"column":7}},"type":"if","locations":[{"start":{"line":54,"column":6},"end":{"line":56,"column":7}},{"start":{"line":54,"column":6},"end":{"line":56,"column":7}}],"line":54},"10":{"loc":{"start":{"line":57,"column":6},"end":{"line":59,"column":7}},"type":"if","locations":[{"start":{"line":57,"column":6},"end":{"line":59,"column":7}},{"start":{"line":57,"column":6},"end":{"line":59,"column":7}}],"line":57},"11":{"loc":{"start":{"line":60,"column":6},"end":{"line":62,"column":7}},"type":"if","locations":[{"start":{"line":60,"column":6},"end":{"line":62,"column":7}},{"start":{"line":60,"column":6},"end":{"line":62,"column":7}}],"line":60},"12":{"loc":{"start":{"line":64,"column":6},"end":{"line":66,"column":7}},"type":"if","locations":[{"start":{"line":64,"column":6},"end":{"line":66,"column":7}},{"start":{"line":64,"column":6},"end":{"line":66,"column":7}}],"line":64},"13":{"loc":{"start":{"line":92,"column":6},"end":{"line":94,"column":7}},"type":"if","locations":[{"start":{"line":92,"column":6},"end":{"line":94,"column":7}},{"start":{"line":92,"column":6},"end":{"line":94,"column":7}}],"line":92},"14":{"loc":{"start":{"line":95,"column":6},"end":{"line":97,"column":7}},"type":"if","locations":[{"start":{"line":95,"column":6},"end":{"line":97,"column":7}},{"start":{"line":95,"column":6},"end":{"line":97,"column":7}}],"line":95},"15":{"loc":{"start":{"line":98,"column":6},"end":{"line":100,"column":7}},"type":"if","locations":[{"start":{"line":98,"column":6},"end":{"line":100,"column":7}},{"start":{"line":98,"column":6},"end":{"line":100,"column":7}}],"line":98},"16":{"loc":{"start":{"line":102,"column":8},"end":{"line":104,"column":9}},"type":"if","locations":[{"start":{"line":102,"column":8},"end":{"line":104,"column":9}},{"start":{"line":102,"column":8},"end":{"line":104,"column":9}}],"line":102},"17":{"loc":{"start":{"line":105,"column":8},"end":{"line":108,"column":9}},"type":"if","locations":[{"start":{"line":105,"column":8},"end":{"line":108,"column":9}},{"start":{"line":105,"column":8},"end":{"line":108,"column":9}}],"line":105}},"s":{"0":1,"1":1,"2":1,"3":2,"4":2,"5":2,"6":2,"7":2,"8":2,"9":1,"10":1,"11":1,"12":1,"13":0,"14":1,"15":1,"16":1,"17":1,"18":1,"19":1,"20":1,"21":1,"22":1,"23":4,"24":1,"25":0,"26":1,"27":1,"28":1,"29":4,"30":4,"31":1,"32":4,"33":1,"34":4,"35":1,"36":4,"37":1,"38":4,"39":1,"40":4,"41":1,"42":3,"43":3,"44":0,"45":3,"46":6,"47":6,"48":1,"49":6,"50":1,"51":6,"52":1,"53":5,"54":5,"55":1,"56":4,"57":3,"58":3,"59":1,"60":0,"61":1,"62":1},"f":{"0":1,"1":1,"2":1,"3":4,"4":1,"5":1,"6":1,"7":4,"8":0,"9":3,"10":6,"11":5,"12":0},"b":{"0":[2,2],"1":[2,0],"2":[1,0],"3":[0,1],"4":[1,3],"5":[4,4],"6":[0,1],"7":[1,3],"8":[1,3],"9":[1,3],"10":[1,3],"11":[1,3],"12":[1,3],"13":[1,5],"14":[1,5],"15":[1,5],"16":[1,4],"17":[3,1]},"_coverageSchema":"332fd63041d2c1bcb487cc26dd0d5f7d97098a6c","hash":"0f4acfaa564926a8480a1048581211c2ac0cfc68","contentHash":"e53faee9e22b6aa6ffcf6405f4b26874_11.3.0"},"C:\\Users\\Abaniwo\\Desktop\\More-Recipes\\server\\middleware\\auth.js":{"path":"C:\\Users\\Abaniwo\\Desktop\\More-Recipes\\server\\middleware\\auth.js","statementMap":{"0":{"start":{"line":3,"column":0},"end":{"line":5,"column":3}},"1":{"start":{"line":7,"column":20},"end":{"line":7,"column":43}},"2":{"start":{"line":9,"column":21},"end":{"line":9,"column":58}},"3":{"start":{"line":11,"column":15},"end":{"line":11,"column":36}},"4":{"start":{"line":13,"column":16},"end":{"line":13,"column":48}},"5":{"start":{"line":15,"column":39},"end":{"line":15,"column":93}},"6":{"start":{"line":17,"column":0},"end":{"line":29,"column":2}},"7":{"start":{"line":18,"column":14},"end":{"line":18,"column":31}},"8":{"start":{"line":21,"column":2},"end":{"line":28,"column":5}},"9":{"start":{"line":22,"column":4},"end":{"line":24,"column":5}},"10":{"start":{"line":23,"column":6},"end":{"line":23,"column":92}},"11":{"start":{"line":26,"column":4},"end":{"line":26,"column":24}},"12":{"start":{"line":27,"column":4},"end":{"line":27,"column":11}}},"fnMap":{"0":{"name":"_interopRequireDefault","decl":{"start":{"line":15,"column":9},"end":{"line":15,"column":31}},"loc":{"start":{"line":15,"column":37},"end":{"line":15,"column":95}},"line":15},"1":{"name":"(anonymous_1)","decl":{"start":{"line":17,"column":18},"end":{"line":17,"column":19}},"loc":{"start":{"line":17,"column":44},"end":{"line":29,"column":1}},"line":17},"2":{"name":"(anonymous_2)","decl":{"start":{"line":21,"column":56},"end":{"line":21,"column":57}},"loc":{"start":{"line":21,"column":79},"end":{"line":28,"column":3}},"line":21}},"branchMap":{"0":{"loc":{"start":{"line":15,"column":46},"end":{"line":15,"column":92}},"type":"cond-expr","locations":[{"start":{"line":15,"column":70},"end":{"line":15,"column":73}},{"start":{"line":15,"column":76},"end":{"line":15,"column":92}}],"line":15},"1":{"loc":{"start":{"line":15,"column":46},"end":{"line":15,"column":67}},"type":"binary-expr","locations":[{"start":{"line":15,"column":46},"end":{"line":15,"column":49}},{"start":{"line":15,"column":53},"end":{"line":15,"column":67}}],"line":15},"2":{"loc":{"start":{"line":22,"column":4},"end":{"line":24,"column":5}},"type":"if","locations":[{"start":{"line":22,"column":4},"end":{"line":24,"column":5}},{"start":{"line":22,"column":4},"end":{"line":24,"column":5}}],"line":22}},"s":{"0":1,"1":1,"2":1,"3":1,"4":1,"5":2,"6":1,"7":49,"8":49,"9":49,"10":11,"11":38,"12":38},"f":{"0":2,"1":49,"2":49},"b":{"0":[1,1],"1":[2,2],"2":[11,38]},"_coverageSchema":"332fd63041d2c1bcb487cc26dd0d5f7d97098a6c","hash":"80e8bc124e8e912975cc047aa09bdb83733c87e1","contentHash":"71946f12dbe7d1ccf177369efd5b8244_11.3.0"},"C:\\Users\\Abaniwo\\Desktop\\More-Recipes\\server\\middleware\\authorise.js":{"path":"C:\\Users\\Abaniwo\\Desktop\\More-Recipes\\server\\middleware\\authorise.js","statementMap":{"0":{"start":{"line":3,"column":0},"end":{"line":5,"column":3}},"1":{"start":{"line":7,"column":13},"end":{"line":7,"column":48}},"2":{"start":{"line":9,"column":14},"end":{"line":9,"column":44}},"3":{"start":{"line":11,"column":15},"end":{"line":11,"column":36}},"4":{"start":{"line":13,"column":16},"end":{"line":13,"column":48}},"5":{"start":{"line":15,"column":39},"end":{"line":15,"column":93}},"6":{"start":{"line":17,"column":0},"end":{"line":31,"column":2}},"7":{"start":{"line":18,"column":2},"end":{"line":30,"column":5}},"8":{"start":{"line":19,"column":4},"end":{"line":21,"column":5}},"9":{"start":{"line":20,"column":6},"end":{"line":20,"column":87}},"10":{"start":{"line":23,"column":4},"end":{"line":25,"column":5}},"11":{"start":{"line":24,"column":6},"end":{"line":24,"column":88}},"12":{"start":{"line":27,"column":4},"end":{"line":27,"column":11}},"13":{"start":{"line":29,"column":4},"end":{"line":29,"column":84}}},"fnMap":{"0":{"name":"_interopRequireDefault","decl":{"start":{"line":15,"column":9},"end":{"line":15,"column":31}},"loc":{"start":{"line":15,"column":37},"end":{"line":15,"column":95}},"line":15},"1":{"name":"(anonymous_1)","decl":{"start":{"line":17,"column":18},"end":{"line":17,"column":19}},"loc":{"start":{"line":17,"column":44},"end":{"line":31,"column":1}},"line":17},"2":{"name":"(anonymous_2)","decl":{"start":{"line":18,"column":54},"end":{"line":18,"column":55}},"loc":{"start":{"line":18,"column":72},"end":{"line":28,"column":3}},"line":18},"3":{"name":"(anonymous_3)","decl":{"start":{"line":28,"column":11},"end":{"line":28,"column":12}},"loc":{"start":{"line":28,"column":23},"end":{"line":30,"column":3}},"line":28}},"branchMap":{"0":{"loc":{"start":{"line":15,"column":46},"end":{"line":15,"column":92}},"type":"cond-expr","locations":[{"start":{"line":15,"column":70},"end":{"line":15,"column":73}},{"start":{"line":15,"column":76},"end":{"line":15,"column":92}}],"line":15},"1":{"loc":{"start":{"line":15,"column":46},"end":{"line":15,"column":67}},"type":"binary-expr","locations":[{"start":{"line":15,"column":46},"end":{"line":15,"column":49}},{"start":{"line":15,"column":53},"end":{"line":15,"column":67}}],"line":15},"2":{"loc":{"start":{"line":19,"column":4},"end":{"line":21,"column":5}},"type":"if","locations":[{"start":{"line":19,"column":4},"end":{"line":21,"column":5}},{"start":{"line":19,"column":4},"end":{"line":21,"column":5}}],"line":19},"3":{"loc":{"start":{"line":23,"column":4},"end":{"line":25,"column":5}},"type":"if","locations":[{"start":{"line":23,"column":4},"end":{"line":25,"column":5}},{"start":{"line":23,"column":4},"end":{"line":25,"column":5}}],"line":23}},"s":{"0":1,"1":1,"2":1,"3":1,"4":1,"5":2,"6":1,"7":8,"8":6,"9":3,"10":3,"11":2,"12":1,"13":2},"f":{"0":2,"1":8,"2":6,"3":2},"b":{"0":[1,1],"1":[2,2],"2":[3,3],"3":[2,1]},"_coverageSchema":"332fd63041d2c1bcb487cc26dd0d5f7d97098a6c","hash":"73fa479f4b9463282ce574b4fec2876c0dafa2f0","contentHash":"76c509176e7e3f6a004868d16283f595_11.3.0"},"C:\\Users\\Abaniwo\\Desktop\\More-Recipes\\server\\middleware\\canDownvote.js":{"path":"C:\\Users\\Abaniwo\\Desktop\\More-Recipes\\server\\middleware\\canDownvote.js","statementMap":{"0":{"start":{"line":3,"column":0},"end":{"line":5,"column":3}},"1":{"start":{"line":7,"column":13},"end":{"line":7,"column":48}},"2":{"start":{"line":9,"column":14},"end":{"line":9,"column":44}},"3":{"start":{"line":11,"column":15},"end":{"line":11,"column":36}},"4":{"start":{"line":13,"column":16},"end":{"line":13,"column":48}},"5":{"start":{"line":15,"column":39},"end":{"line":15,"column":93}},"6":{"start":{"line":17,"column":0},"end":{"line":42,"column":2}},"7":{"start":{"line":18,"column":2},"end":{"line":41,"column":3}},"8":{"start":{"line":19,"column":17},"end":{"line":19,"column":75}},"9":{"start":{"line":21,"column":4},"end":{"line":23,"column":5}},"10":{"start":{"line":22,"column":6},"end":{"line":22,"column":88}},"11":{"start":{"line":25,"column":4},"end":{"line":27,"column":5}},"12":{"start":{"line":26,"column":6},"end":{"line":26,"column":84}},"13":{"start":{"line":29,"column":16},"end":{"line":29,"column":85}},"14":{"start":{"line":31,"column":17},"end":{"line":31,"column":60}},"15":{"start":{"line":33,"column":4},"end":{"line":35,"column":5}},"16":{"start":{"line":34,"column":6},"end":{"line":34,"column":29}},"17":{"start":{"line":38,"column":4},"end":{"line":38,"column":11}},"18":{"start":{"line":40,"column":4},"end":{"line":40,"column":85}}},"fnMap":{"0":{"name":"_interopRequireDefault","decl":{"start":{"line":15,"column":9},"end":{"line":15,"column":31}},"loc":{"start":{"line":15,"column":37},"end":{"line":15,"column":95}},"line":15},"1":{"name":"(anonymous_1)","decl":{"start":{"line":17,"column":18},"end":{"line":17,"column":19}},"loc":{"start":{"line":17,"column":50},"end":{"line":42,"column":1}},"line":17}},"branchMap":{"0":{"loc":{"start":{"line":15,"column":46},"end":{"line":15,"column":92}},"type":"cond-expr","locations":[{"start":{"line":15,"column":70},"end":{"line":15,"column":73}},{"start":{"line":15,"column":76},"end":{"line":15,"column":92}}],"line":15},"1":{"loc":{"start":{"line":15,"column":46},"end":{"line":15,"column":67}},"type":"binary-expr","locations":[{"start":{"line":15,"column":46},"end":{"line":15,"column":49}},{"start":{"line":15,"column":53},"end":{"line":15,"column":67}}],"line":15},"2":{"loc":{"start":{"line":21,"column":4},"end":{"line":23,"column":5}},"type":"if","locations":[{"start":{"line":21,"column":4},"end":{"line":23,"column":5}},{"start":{"line":21,"column":4},"end":{"line":23,"column":5}}],"line":21},"3":{"loc":{"start":{"line":25,"column":4},"end":{"line":27,"column":5}},"type":"if","locations":[{"start":{"line":25,"column":4},"end":{"line":27,"column":5}},{"start":{"line":25,"column":4},"end":{"line":27,"column":5}}],"line":25},"4":{"loc":{"start":{"line":33,"column":4},"end":{"line":35,"column":5}},"type":"if","locations":[{"start":{"line":33,"column":4},"end":{"line":35,"column":5}},{"start":{"line":33,"column":4},"end":{"line":35,"column":5}}],"line":33}},"s":{"0":1,"1":1,"2":1,"3":1,"4":1,"5":2,"6":1,"7":6,"8":6,"9":5,"10":1,"11":4,"12":1,"13":3,"14":3,"15":3,"16":0,"17":3,"18":1},"f":{"0":2,"1":6},"b":{"0":[1,1],"1":[2,2],"2":[1,4],"3":[1,3],"4":[0,3]},"_coverageSchema":"332fd63041d2c1bcb487cc26dd0d5f7d97098a6c","hash":"794dec9bb52fc19c4c2056cd1aa8c1038f8dcf90","contentHash":"6bc1064f5e650abe0dd88414b62e4d1d_11.3.0"},"C:\\Users\\Abaniwo\\Desktop\\More-Recipes\\server\\middleware\\canUpvote.js":{"path":"C:\\Users\\Abaniwo\\Desktop\\More-Recipes\\server\\middleware\\canUpvote.js","statementMap":{"0":{"start":{"line":3,"column":0},"end":{"line":5,"column":3}},"1":{"start":{"line":7,"column":13},"end":{"line":7,"column":48}},"2":{"start":{"line":9,"column":14},"end":{"line":9,"column":44}},"3":{"start":{"line":11,"column":15},"end":{"line":11,"column":36}},"4":{"start":{"line":13,"column":16},"end":{"line":13,"column":48}},"5":{"start":{"line":15,"column":39},"end":{"line":15,"column":93}},"6":{"start":{"line":17,"column":0},"end":{"line":42,"column":2}},"7":{"start":{"line":18,"column":2},"end":{"line":41,"column":3}},"8":{"start":{"line":19,"column":17},"end":{"line":19,"column":75}},"9":{"start":{"line":21,"column":4},"end":{"line":23,"column":5}},"10":{"start":{"line":22,"column":6},"end":{"line":22,"column":88}},"11":{"start":{"line":25,"column":4},"end":{"line":27,"column":5}},"12":{"start":{"line":26,"column":6},"end":{"line":26,"column":84}},"13":{"start":{"line":29,"column":16},"end":{"line":29,"column":85}},"14":{"start":{"line":31,"column":19},"end":{"line":31,"column":64}},"15":{"start":{"line":33,"column":4},"end":{"line":35,"column":5}},"16":{"start":{"line":34,"column":6},"end":{"line":34,"column":31}},"17":{"start":{"line":38,"column":4},"end":{"line":38,"column":11}},"18":{"start":{"line":40,"column":4},"end":{"line":40,"column":85}}},"fnMap":{"0":{"name":"_interopRequireDefault","decl":{"start":{"line":15,"column":9},"end":{"line":15,"column":31}},"loc":{"start":{"line":15,"column":37},"end":{"line":15,"column":95}},"line":15},"1":{"name":"(anonymous_1)","decl":{"start":{"line":17,"column":18},"end":{"line":17,"column":19}},"loc":{"start":{"line":17,"column":50},"end":{"line":42,"column":1}},"line":17}},"branchMap":{"0":{"loc":{"start":{"line":15,"column":46},"end":{"line":15,"column":92}},"type":"cond-expr","locations":[{"start":{"line":15,"column":70},"end":{"line":15,"column":73}},{"start":{"line":15,"column":76},"end":{"line":15,"column":92}}],"line":15},"1":{"loc":{"start":{"line":15,"column":46},"end":{"line":15,"column":67}},"type":"binary-expr","locations":[{"start":{"line":15,"column":46},"end":{"line":15,"column":49}},{"start":{"line":15,"column":53},"end":{"line":15,"column":67}}],"line":15},"2":{"loc":{"start":{"line":21,"column":4},"end":{"line":23,"column":5}},"type":"if","locations":[{"start":{"line":21,"column":4},"end":{"line":23,"column":5}},{"start":{"line":21,"column":4},"end":{"line":23,"column":5}}],"line":21},"3":{"loc":{"start":{"line":25,"column":4},"end":{"line":27,"column":5}},"type":"if","locations":[{"start":{"line":25,"column":4},"end":{"line":27,"column":5}},{"start":{"line":25,"column":4},"end":{"line":27,"column":5}}],"line":25},"4":{"loc":{"start":{"line":33,"column":4},"end":{"line":35,"column":5}},"type":"if","locations":[{"start":{"line":33,"column":4},"end":{"line":35,"column":5}},{"start":{"line":33,"column":4},"end":{"line":35,"column":5}}],"line":33}},"s":{"0":1,"1":1,"2":1,"3":1,"4":1,"5":2,"6":1,"7":6,"8":6,"9":5,"10":1,"11":4,"12":1,"13":3,"14":3,"15":3,"16":1,"17":3,"18":1},"f":{"0":2,"1":6},"b":{"0":[1,1],"1":[2,2],"2":[1,4],"3":[1,3],"4":[1,2]},"_coverageSchema":"332fd63041d2c1bcb487cc26dd0d5f7d97098a6c","hash":"460c64b313f72b6498576559114ccbfbfa6c151a","contentHash":"197ea4f402e783f92a17cd67e2b5c3aa_11.3.0"},"C:\\Users\\Abaniwo\\Desktop\\More-Recipes\\server\\middleware\\canFavorite.js":{"path":"C:\\Users\\Abaniwo\\Desktop\\More-Recipes\\server\\middleware\\canFavorite.js","statementMap":{"0":{"start":{"line":3,"column":0},"end":{"line":5,"column":3}},"1":{"start":{"line":7,"column":13},"end":{"line":7,"column":48}},"2":{"start":{"line":9,"column":14},"end":{"line":9,"column":44}},"3":{"start":{"line":11,"column":15},"end":{"line":11,"column":36}},"4":{"start":{"line":13,"column":16},"end":{"line":13,"column":48}},"5":{"start":{"line":15,"column":39},"end":{"line":15,"column":93}},"6":{"start":{"line":17,"column":0},"end":{"line":33,"column":2}},"7":{"start":{"line":18,"column":2},"end":{"line":32,"column":3}},"8":{"start":{"line":19,"column":17},"end":{"line":19,"column":75}},"9":{"start":{"line":21,"column":4},"end":{"line":23,"column":5}},"10":{"start":{"line":22,"column":6},"end":{"line":22,"column":88}},"11":{"start":{"line":25,"column":4},"end":{"line":27,"column":5}},"12":{"start":{"line":26,"column":6},"end":{"line":26,"column":84}},"13":{"start":{"line":28,"column":4},"end":{"line":28,"column":32}},"14":{"start":{"line":29,"column":4},"end":{"line":29,"column":11}},"15":{"start":{"line":31,"column":4},"end":{"line":31,"column":85}}},"fnMap":{"0":{"name":"_interopRequireDefault","decl":{"start":{"line":15,"column":9},"end":{"line":15,"column":31}},"loc":{"start":{"line":15,"column":37},"end":{"line":15,"column":95}},"line":15},"1":{"name":"(anonymous_1)","decl":{"start":{"line":17,"column":18},"end":{"line":17,"column":19}},"loc":{"start":{"line":17,"column":50},"end":{"line":33,"column":1}},"line":17}},"branchMap":{"0":{"loc":{"start":{"line":15,"column":46},"end":{"line":15,"column":92}},"type":"cond-expr","locations":[{"start":{"line":15,"column":70},"end":{"line":15,"column":73}},{"start":{"line":15,"column":76},"end":{"line":15,"column":92}}],"line":15},"1":{"loc":{"start":{"line":15,"column":46},"end":{"line":15,"column":67}},"type":"binary-expr","locations":[{"start":{"line":15,"column":46},"end":{"line":15,"column":49}},{"start":{"line":15,"column":53},"end":{"line":15,"column":67}}],"line":15},"2":{"loc":{"start":{"line":21,"column":4},"end":{"line":23,"column":5}},"type":"if","locations":[{"start":{"line":21,"column":4},"end":{"line":23,"column":5}},{"start":{"line":21,"column":4},"end":{"line":23,"column":5}}],"line":21},"3":{"loc":{"start":{"line":25,"column":4},"end":{"line":27,"column":5}},"type":"if","locations":[{"start":{"line":25,"column":4},"end":{"line":27,"column":5}},{"start":{"line":25,"column":4},"end":{"line":27,"column":5}}],"line":25}},"s":{"0":1,"1":1,"2":1,"3":1,"4":1,"5":2,"6":1,"7":5,"8":5,"9":4,"10":1,"11":3,"12":1,"13":2,"14":2,"15":1},"f":{"0":2,"1":5},"b":{"0":[1,1],"1":[2,2],"2":[1,3],"3":[1,2]},"_coverageSchema":"332fd63041d2c1bcb487cc26dd0d5f7d97098a6c","hash":"2565cc443a391b2668f04fe2829bdd38b677e2a9","contentHash":"349e1cbda13fd2d45d3624cc5bf4cfec_11.3.0"}}